<?xml version="1.0" encoding="UTF-8"?>
<robot generator="Robot 7.4.1 (Python 3.14.2 on win32)" generated="2026-02-26T01:13:13.808496" rpa="false" schemaversion="5">
<suite id="s1" name="TesteMagazord" source="E:\testemagazord\app\data\TesteMagazord">
<suite id="s1-s1" name="Parte1-Api" source="E:\testemagazord\app\data\TesteMagazord\parte1-api">
<suite id="s1-s1-s1" name="Questao1.1" source="E:\testemagazord\app\data\TesteMagazord\parte1-api\questao1.1">
<suite id="s1-s1-s1-s1" name="Tests" source="E:\testemagazord\app\data\TesteMagazord\parte1-api\questao1.1\tests">
<suite id="s1-s1-s1-s1-s1" name="1.1Test" source="E:\testemagazord\app\data\TesteMagazord\parte1-api\questao1.1\tests\1.1test.robot">
<test id="s1-s1-s1-s1-s1-t1" name="1.1test" line="7">
<kw name="Validar headers rate limit" owner="003tests">
<kw name="Criar sessao GitHub" owner="003tests">
<kw name="Create Session" owner="RequestsLibrary">
<msg time="2026-02-26T01:13:14.490244" level="INFO">Creating Session using : alias=magazord, url=https://api.github.com, headers={},                     cookies={}, auth=None, timeout=None, proxies=None, verify=True,                     debug=0 </msg>
<arg>${sessao}</arg>
<arg>${base_url}</arg>
<arg>verify=${True}</arg>
<doc>Create Session: create a HTTP session to a server</doc>
<status status="PASS" start="2026-02-26T01:13:14.490009" elapsed="0.000413"/>
</kw>
<status status="PASS" start="2026-02-26T01:13:14.489029" elapsed="0.001494"/>
</kw>
<kw name="Fazer GET usuario GitHub" owner="003tests">
<kw name="GET On Session" owner="RequestsLibrary">
<msg time="2026-02-26T01:13:15.111420" level="INFO">GET Request : url=https://api.github.com/users/github 
 path_url=/users/github 
 headers={'User-Agent': 'python-requests/2.32.5', 'Accept-Encoding': 'gzip, deflate, zstd', 'Accept': '*/*', 'Connection': 'keep-alive'} 
 body=None 
 </msg>
<msg time="2026-02-26T01:13:15.111564" level="INFO">GET Response : url=https://api.github.com/users/github 
 status=200, reason=OK 
 headers={'Date': 'Thu, 26 Feb 2026 04:13:17 GMT', 'Content-Type': 'application/json; charset=utf-8', 'Cache-Control': 'public, max-age=60, s-maxage=60', 'Vary': 'Accept,Accept-Encoding, Accept, X-Requested-With', 'ETag': 'W/"dac5f0aa7fecc0c82f521fd5b97247b2103fec0189a86a3e43813f2946876df3"', 'Last-Modified': 'Tue, 24 Feb 2026 15:58:00 GMT', 'X-GitHub-Media-Type': 'github.v3; format=json', 'x-github-api-version-selected': '2022-11-28', 'Access-Control-Expose-Headers': 'ETag, Link, Location, Retry-After, X-GitHub-OTP, X-RateLimit-Limit, X-RateLimit-Remaining, X-RateLimit-Used, X-RateLimit-Resource, X-RateLimit-Reset, X-OAuth-Scopes, X-Accepted-OAuth-Scopes, X-Poll-Interval, X-GitHub-Media-Type, X-GitHub-SSO, X-GitHub-Request-Id, Deprecation, Sunset', 'Access-Control-Allow-Origin': '*', 'Strict-Transport-Security': 'max-age=31536000; includeSubdomains; preload', 'X-Frame-Options': 'deny', 'X-Content-Type-Options': 'nosniff', 'X-XSS-Protection': '0', 'Referrer-Policy': 'origin-when-cross-origin, strict-origin-when-cross-origin', 'Content-Security-Policy': "default-src 'none'", 'Content-Encoding': 'gzip', 'Server': 'github.com', 'Accept-Ranges': 'bytes', 'X-RateLimit-Limit': '60', 'X-RateLimit-Remaining': '43', 'X-RateLimit-Reset': '1772080644', 'X-RateLimit-Resource': 'core', 'X-RateLimit-Used': '17', 'Content-Length': '519', 'X-GitHub-Request-Id': '75B4:E1D51:1CFFFBC:1FA9AA1:699FC85C'} 
 body={"login":"github","id":9919,"node_id":"MDEyOk9yZ2FuaXphdGlvbjk5MTk=","avatar_url":"https://avatars.githubusercontent.com/u/9919?v=4","gravatar_id":"","url":"https://api.github.com/users/github","html_url":"https://github.com/github","followers_url":"https://api.github.com/users/github/followers","following_url":"https://api.github.com/users/github/following{/other_user}","gists_url":"https://api.github.com/users/github/gists{/gist_id}","starred_url":"https://api.github.com/users/github/starred{/owner}{/repo}","subscriptions_url":"https://api.github.com/users/github/subscriptions","organizations_url":"https://api.github.com/users/github/orgs","repos_url":"https://api.github.com/users/github/repos","events_url":"https://api.github.com/users/github/events{/privacy}","received_events_url":"https://api.github.com/users/github/received_events","type":"Organization","user_view_type":"public","site_admin":false,"name":"GitHub","company":null,"blog":"https://github.com/about","location":"San Francisco, CA","email":null,"hireable":null,"bio":"How people build software.","twitter_username":null,"public_repos":539,"public_gists":0,"followers":69301,"following":0,"created_at":"2008-05-11T04:37:31Z","updated_at":"2026-02-24T15:58:00Z"} 
 </msg>
<msg time="2026-02-26T01:13:15.111812" level="INFO">${resp} = &lt;Response [200]&gt;</msg>
<var>${resp}</var>
<arg>${sessao}</arg>
<arg>${endpoint}</arg>
<doc>Sends a GET request on a previously created HTTP Session.</doc>
<status status="PASS" start="2026-02-26T01:13:14.490865" elapsed="0.620993"/>
</kw>
<return>
<value>${resp}</value>
<status status="PASS" start="2026-02-26T01:13:15.111999" elapsed="0.000096"/>
</return>
<msg time="2026-02-26T01:13:15.112251" level="INFO">${resp} = &lt;Response [200]&gt;</msg>
<var>${resp}</var>
<status status="PASS" start="2026-02-26T01:13:14.490668" elapsed="0.621629"/>
</kw>
<kw name="Should Be Equal As Integers" owner="BuiltIn">
<msg time="2026-02-26T01:13:15.113262" level="INFO">Argument types are:
&lt;class 'int'&gt;
&lt;class 'str'&gt;</msg>
<arg>${resp.status_code}</arg>
<arg>200</arg>
<doc>Fails if objects are unequal after converting them to integers.</doc>
<status status="PASS" start="2026-02-26T01:13:15.112460" elapsed="0.000878"/>
</kw>
<kw name="Dictionary Should Contain Key" owner="Collections">
<arg>${resp.headers}</arg>
<arg>X-RateLimit-Limit</arg>
<doc>Fails if ``key`` is not found from ``dictionary``.</doc>
<status status="PASS" start="2026-02-26T01:13:15.113539" elapsed="0.000523"/>
</kw>
<kw name="Dictionary Should Contain Key" owner="Collections">
<arg>${resp.headers}</arg>
<arg>X-RateLimit-Remaining</arg>
<doc>Fails if ``key`` is not found from ``dictionary``.</doc>
<status status="PASS" start="2026-02-26T01:13:15.114183" elapsed="0.000372"/>
</kw>
<kw name="Dictionary Should Contain Key" owner="Collections">
<arg>${resp.headers}</arg>
<arg>X-RateLimit-Reset</arg>
<doc>Fails if ``key`` is not found from ``dictionary``.</doc>
<status status="PASS" start="2026-02-26T01:13:15.114660" elapsed="0.000413"/>
</kw>
<kw name="Get From Dictionary" owner="Collections">
<msg time="2026-02-26T01:13:15.115563" level="INFO">${limit} = 60</msg>
<var>${limit}</var>
<arg>${resp.headers}</arg>
<arg>X-RateLimit-Limit</arg>
<doc>Returns a value from the given ``dictionary`` based on the given ``key``.</doc>
<status status="PASS" start="2026-02-26T01:13:15.115183" elapsed="0.000409"/>
</kw>
<kw name="Get From Dictionary" owner="Collections">
<msg time="2026-02-26T01:13:15.116077" level="INFO">${remaining} = 43</msg>
<var>${remaining}</var>
<arg>${resp.headers}</arg>
<arg>X-RateLimit-Remaining</arg>
<doc>Returns a value from the given ``dictionary`` based on the given ``key``.</doc>
<status status="PASS" start="2026-02-26T01:13:15.115698" elapsed="0.000410"/>
</kw>
<kw name="Get From Dictionary" owner="Collections">
<msg time="2026-02-26T01:13:15.116602" level="INFO">${reset} = 1772080644</msg>
<var>${reset}</var>
<arg>${resp.headers}</arg>
<arg>X-RateLimit-Reset</arg>
<doc>Returns a value from the given ``dictionary`` based on the given ``key``.</doc>
<status status="PASS" start="2026-02-26T01:13:15.116215" elapsed="0.000415"/>
</kw>
<kw name="Convert To Integer" owner="BuiltIn">
<msg time="2026-02-26T01:13:15.117068" level="INFO">${limit} = 60</msg>
<var>${limit}</var>
<arg>${limit}</arg>
<doc>Converts the given item to an integer number.</doc>
<status status="PASS" start="2026-02-26T01:13:15.116734" elapsed="0.000361"/>
</kw>
<kw name="Convert To Integer" owner="BuiltIn">
<msg time="2026-02-26T01:13:15.117612" level="INFO">${remaining} = 43</msg>
<var>${remaining}</var>
<arg>${remaining}</arg>
<doc>Converts the given item to an integer number.</doc>
<status status="PASS" start="2026-02-26T01:13:15.117199" elapsed="0.000440"/>
</kw>
<kw name="Convert To Integer" owner="BuiltIn">
<msg time="2026-02-26T01:13:15.118010" level="INFO">${reset} = 1772080644</msg>
<var>${reset}</var>
<arg>${reset}</arg>
<doc>Converts the given item to an integer number.</doc>
<status status="PASS" start="2026-02-26T01:13:15.117764" elapsed="0.000274"/>
</kw>
<kw name="Should Be True" owner="BuiltIn">
<arg>${limit} &gt; 0</arg>
<doc>Fails if the given condition is not true.</doc>
<status status="PASS" start="2026-02-26T01:13:15.118139" elapsed="0.000311"/>
</kw>
<kw name="Should Be True" owner="BuiltIn">
<arg>${remaining} &gt;= 0</arg>
<doc>Fails if the given condition is not true.</doc>
<status status="PASS" start="2026-02-26T01:13:15.118555" elapsed="0.000292"/>
</kw>
<kw name="Should Be True" owner="BuiltIn">
<arg>${reset} &gt; 0</arg>
<doc>Fails if the given condition is not true.</doc>
<status status="PASS" start="2026-02-26T01:13:15.118950" elapsed="0.000238"/>
</kw>
<kw name="Log" owner="BuiltIn">
<msg time="2026-02-26T01:13:15.119630" level="INFO">RateLimit: limit=60 remaining=43 reset=1772080644</msg>
<arg>RateLimit: limit=${limit} remaining=${remaining} reset=${reset}</arg>
<doc>Logs the given message with the given level.</doc>
<status status="PASS" start="2026-02-26T01:13:15.119290" elapsed="0.000442"/>
</kw>
<status status="PASS" start="2026-02-26T01:13:14.488701" elapsed="0.631118"/>
</kw>
<kw name="Nao bloquear testes" owner="003tests">
<kw name="Criar sessao GitHub" owner="003tests">
<kw name="Create Session" owner="RequestsLibrary">
<msg time="2026-02-26T01:13:15.120965" level="INFO">Creating Session using : alias=magazord, url=https://api.github.com, headers={},                     cookies={}, auth=None, timeout=None, proxies=None, verify=True,                     debug=0 </msg>
<arg>${sessao}</arg>
<arg>${base_url}</arg>
<arg>verify=${True}</arg>
<doc>Create Session: create a HTTP session to a server</doc>
<status status="PASS" start="2026-02-26T01:13:15.120774" elapsed="0.000326"/>
</kw>
<status status="PASS" start="2026-02-26T01:13:15.120301" elapsed="0.000867"/>
</kw>
<kw name="Fazer GET usuario GitHub" owner="003tests">
<kw name="GET On Session" owner="RequestsLibrary">
<msg time="2026-02-26T01:13:15.532804" level="INFO">GET Request : url=https://api.github.com/users/github 
 path_url=/users/github 
 headers={'User-Agent': 'python-requests/2.32.5', 'Accept-Encoding': 'gzip, deflate, zstd', 'Accept': '*/*', 'Connection': 'keep-alive'} 
 body=None 
 </msg>
<msg time="2026-02-26T01:13:15.532903" level="INFO">GET Response : url=https://api.github.com/users/github 
 status=200, reason=OK 
 headers={'Date': 'Thu, 26 Feb 2026 04:13:17 GMT', 'Content-Type': 'application/json; charset=utf-8', 'Cache-Control': 'public, max-age=60, s-maxage=60', 'Vary': 'Accept,Accept-Encoding, Accept, X-Requested-With', 'ETag': 'W/"dac5f0aa7fecc0c82f521fd5b97247b2103fec0189a86a3e43813f2946876df3"', 'Last-Modified': 'Tue, 24 Feb 2026 15:58:00 GMT', 'X-GitHub-Media-Type': 'github.v3; format=json', 'x-github-api-version-selected': '2022-11-28', 'Access-Control-Expose-Headers': 'ETag, Link, Location, Retry-After, X-GitHub-OTP, X-RateLimit-Limit, X-RateLimit-Remaining, X-RateLimit-Used, X-RateLimit-Resource, X-RateLimit-Reset, X-OAuth-Scopes, X-Accepted-OAuth-Scopes, X-Poll-Interval, X-GitHub-Media-Type, X-GitHub-SSO, X-GitHub-Request-Id, Deprecation, Sunset', 'Access-Control-Allow-Origin': '*', 'Strict-Transport-Security': 'max-age=31536000; includeSubdomains; preload', 'X-Frame-Options': 'deny', 'X-Content-Type-Options': 'nosniff', 'X-XSS-Protection': '0', 'Referrer-Policy': 'origin-when-cross-origin, strict-origin-when-cross-origin', 'Content-Security-Policy': "default-src 'none'", 'Content-Encoding': 'gzip', 'Server': 'github.com', 'Accept-Ranges': 'bytes', 'X-RateLimit-Limit': '60', 'X-RateLimit-Remaining': '42', 'X-RateLimit-Reset': '1772080644', 'X-RateLimit-Resource': 'core', 'X-RateLimit-Used': '18', 'Content-Length': '519', 'X-GitHub-Request-Id': '75B6:3800CF:1C77232:1F213F5:699FC85D'} 
 body={"login":"github","id":9919,"node_id":"MDEyOk9yZ2FuaXphdGlvbjk5MTk=","avatar_url":"https://avatars.githubusercontent.com/u/9919?v=4","gravatar_id":"","url":"https://api.github.com/users/github","html_url":"https://github.com/github","followers_url":"https://api.github.com/users/github/followers","following_url":"https://api.github.com/users/github/following{/other_user}","gists_url":"https://api.github.com/users/github/gists{/gist_id}","starred_url":"https://api.github.com/users/github/starred{/owner}{/repo}","subscriptions_url":"https://api.github.com/users/github/subscriptions","organizations_url":"https://api.github.com/users/github/orgs","repos_url":"https://api.github.com/users/github/repos","events_url":"https://api.github.com/users/github/events{/privacy}","received_events_url":"https://api.github.com/users/github/received_events","type":"Organization","user_view_type":"public","site_admin":false,"name":"GitHub","company":null,"blog":"https://github.com/about","location":"San Francisco, CA","email":null,"hireable":null,"bio":"How people build software.","twitter_username":null,"public_repos":539,"public_gists":0,"followers":69301,"following":0,"created_at":"2008-05-11T04:37:31Z","updated_at":"2026-02-24T15:58:00Z"} 
 </msg>
<msg time="2026-02-26T01:13:15.533029" level="INFO">${resp} = &lt;Response [200]&gt;</msg>
<var>${resp}</var>
<arg>${sessao}</arg>
<arg>${endpoint}</arg>
<doc>Sends a GET request on a previously created HTTP Session.</doc>
<status status="PASS" start="2026-02-26T01:13:15.121480" elapsed="0.411576"/>
</kw>
<return>
<value>${resp}</value>
<status status="PASS" start="2026-02-26T01:13:15.533133" elapsed="0.000064"/>
</return>
<msg time="2026-02-26T01:13:15.533332" level="INFO">${resp1} = &lt;Response [200]&gt;</msg>
<var>${resp1}</var>
<status status="PASS" start="2026-02-26T01:13:15.121296" elapsed="0.412062"/>
</kw>
<kw name="Rate limit guard" owner="003tests">
<kw name="Get From Dictionary" owner="Collections">
<msg time="2026-02-26T01:13:15.534342" level="INFO">${remaining} = 42</msg>
<var>${remaining}</var>
<arg>${resp.headers}</arg>
<arg>X-RateLimit-Remaining</arg>
<doc>Returns a value from the given ``dictionary`` based on the given ``key``.</doc>
<status status="PASS" start="2026-02-26T01:13:15.533856" elapsed="0.000514"/>
</kw>
<kw name="Get From Dictionary" owner="Collections">
<msg time="2026-02-26T01:13:15.534864" level="INFO">${reset} = 1772080644</msg>
<var>${reset}</var>
<arg>${resp.headers}</arg>
<arg>X-RateLimit-Reset</arg>
<doc>Returns a value from the given ``dictionary`` based on the given ``key``.</doc>
<status status="PASS" start="2026-02-26T01:13:15.534477" elapsed="0.000415"/>
</kw>
<kw name="Convert To Integer" owner="BuiltIn">
<msg time="2026-02-26T01:13:15.535274" level="INFO">${remaining} = 42</msg>
<var>${remaining}</var>
<arg>${remaining}</arg>
<doc>Converts the given item to an integer number.</doc>
<status status="PASS" start="2026-02-26T01:13:15.534999" elapsed="0.000302"/>
</kw>
<kw name="Convert To Integer" owner="BuiltIn">
<msg time="2026-02-26T01:13:15.535650" level="INFO">${reset} = 1772080644</msg>
<var>${reset}</var>
<arg>${reset}</arg>
<doc>Converts the given item to an integer number.</doc>
<status status="PASS" start="2026-02-26T01:13:15.535402" elapsed="0.000274"/>
</kw>
<if>
<branch type="IF" condition="${remaining} &lt;= ${THRESHOLD}">
<kw name="Get Current Date" owner="DateTime">
<var>${now}</var>
<arg>result_format=epoch</arg>
<doc>Returns current local or UTC time with an optional increment.</doc>
<status status="NOT RUN" start="2026-02-26T01:13:15.535951" elapsed="0.000027"/>
</kw>
<kw name="Evaluate" owner="BuiltIn">
<var>${wait_ms}</var>
<arg>max(0, (${reset}*1000) - (${now}*1000) + ${SAFETY_MS})</arg>
<doc>Evaluates the given expression in Python and returns the result.</doc>
<status status="NOT RUN" start="2026-02-26T01:13:15.536074" elapsed="0.000025"/>
</kw>
<kw name="Log" owner="BuiltIn">
<arg>[Guard] remaining=${remaining} -&gt; esperando ${wait_ms} ms até o reset</arg>
<doc>Logs the given message with the given level.</doc>
<status status="NOT RUN" start="2026-02-26T01:13:15.536191" elapsed="0.000024"/>
</kw>
<kw name="Sleep" owner="BuiltIn">
<arg>${wait_ms}ms</arg>
<doc>Pauses the test executed for the given time.</doc>
<status status="NOT RUN" start="2026-02-26T01:13:15.536320" elapsed="0.000024"/>
</kw>
<status status="NOT RUN" start="2026-02-26T01:13:15.535762" elapsed="0.000617"/>
</branch>
<branch type="ELSE">
<kw name="Log" owner="BuiltIn">
<msg time="2026-02-26T01:13:15.536734" level="INFO">[Guard] remaining=42 ok</msg>
<arg>[Guard] remaining=${remaining} ok</arg>
<doc>Logs the given message with the given level.</doc>
<status status="PASS" start="2026-02-26T01:13:15.536509" elapsed="0.000267"/>
</kw>
<status status="PASS" start="2026-02-26T01:13:15.536418" elapsed="0.000399"/>
</branch>
<status status="PASS" start="2026-02-26T01:13:15.535739" elapsed="0.001114"/>
</if>
<arg>${resp1}</arg>
<status status="PASS" start="2026-02-26T01:13:15.533595" elapsed="0.003301"/>
</kw>
<kw name="Fazer GET usuario GitHub" owner="003tests">
<kw name="GET On Session" owner="RequestsLibrary">
<msg time="2026-02-26T01:13:15.585888" level="INFO">GET Request : url=https://api.github.com/users/github 
 path_url=/users/github 
 headers={'User-Agent': 'python-requests/2.32.5', 'Accept-Encoding': 'gzip, deflate, zstd', 'Accept': '*/*', 'Connection': 'keep-alive'} 
 body=None 
 </msg>
<msg time="2026-02-26T01:13:15.585982" level="INFO">GET Response : url=https://api.github.com/users/github 
 status=200, reason=OK 
 headers={'Date': 'Thu, 26 Feb 2026 04:13:17 GMT', 'Content-Type': 'application/json; charset=utf-8', 'Cache-Control': 'public, max-age=60, s-maxage=60', 'Vary': 'Accept,Accept-Encoding, Accept, X-Requested-With', 'ETag': 'W/"dac5f0aa7fecc0c82f521fd5b97247b2103fec0189a86a3e43813f2946876df3"', 'Last-Modified': 'Tue, 24 Feb 2026 15:58:00 GMT', 'X-GitHub-Media-Type': 'github.v3; format=json', 'x-github-api-version-selected': '2022-11-28', 'Access-Control-Expose-Headers': 'ETag, Link, Location, Retry-After, X-GitHub-OTP, X-RateLimit-Limit, X-RateLimit-Remaining, X-RateLimit-Used, X-RateLimit-Resource, X-RateLimit-Reset, X-OAuth-Scopes, X-Accepted-OAuth-Scopes, X-Poll-Interval, X-GitHub-Media-Type, X-GitHub-SSO, X-GitHub-Request-Id, Deprecation, Sunset', 'Access-Control-Allow-Origin': '*', 'Strict-Transport-Security': 'max-age=31536000; includeSubdomains; preload', 'X-Frame-Options': 'deny', 'X-Content-Type-Options': 'nosniff', 'X-XSS-Protection': '0', 'Referrer-Policy': 'origin-when-cross-origin, strict-origin-when-cross-origin', 'Content-Security-Policy': "default-src 'none'", 'Content-Encoding': 'gzip', 'Server': 'github.com', 'Accept-Ranges': 'bytes', 'X-RateLimit-Limit': '60', 'X-RateLimit-Remaining': '41', 'X-RateLimit-Reset': '1772080644', 'X-RateLimit-Resource': 'core', 'X-RateLimit-Used': '19', 'Content-Length': '519', 'X-GitHub-Request-Id': '75B6:3800CF:1C77238:1F213FD:699FC85D'} 
 body={"login":"github","id":9919,"node_id":"MDEyOk9yZ2FuaXphdGlvbjk5MTk=","avatar_url":"https://avatars.githubusercontent.com/u/9919?v=4","gravatar_id":"","url":"https://api.github.com/users/github","html_url":"https://github.com/github","followers_url":"https://api.github.com/users/github/followers","following_url":"https://api.github.com/users/github/following{/other_user}","gists_url":"https://api.github.com/users/github/gists{/gist_id}","starred_url":"https://api.github.com/users/github/starred{/owner}{/repo}","subscriptions_url":"https://api.github.com/users/github/subscriptions","organizations_url":"https://api.github.com/users/github/orgs","repos_url":"https://api.github.com/users/github/repos","events_url":"https://api.github.com/users/github/events{/privacy}","received_events_url":"https://api.github.com/users/github/received_events","type":"Organization","user_view_type":"public","site_admin":false,"name":"GitHub","company":null,"blog":"https://github.com/about","location":"San Francisco, CA","email":null,"hireable":null,"bio":"How people build software.","twitter_username":null,"public_repos":539,"public_gists":0,"followers":69301,"following":0,"created_at":"2008-05-11T04:37:31Z","updated_at":"2026-02-24T15:58:00Z"} 
 </msg>
<msg time="2026-02-26T01:13:15.586144" level="INFO">${resp} = &lt;Response [200]&gt;</msg>
<var>${resp}</var>
<arg>${sessao}</arg>
<arg>${endpoint}</arg>
<doc>Sends a GET request on a previously created HTTP Session.</doc>
<status status="PASS" start="2026-02-26T01:13:15.537202" elapsed="0.048975"/>
</kw>
<return>
<value>${resp}</value>
<status status="PASS" start="2026-02-26T01:13:15.586261" elapsed="0.000052"/>
</return>
<msg time="2026-02-26T01:13:15.586523" level="INFO">${resp2} = &lt;Response [200]&gt;</msg>
<var>${resp2}</var>
<status status="PASS" start="2026-02-26T01:13:15.537019" elapsed="0.049531"/>
</kw>
<kw name="Should Be True" owner="BuiltIn">
<arg>${resp2.status_code} in [200, 403]</arg>
<doc>Fails if the given condition is not true.</doc>
<status status="PASS" start="2026-02-26T01:13:15.586678" elapsed="0.000709"/>
</kw>
<status status="PASS" start="2026-02-26T01:13:15.120013" elapsed="0.467444"/>
</kw>
<kw name="Detectar rate limit atingido" owner="003tests">
<kw name="Criar sessao GitHub" owner="003tests">
<kw name="Create Session" owner="RequestsLibrary">
<msg time="2026-02-26T01:13:15.588269" level="INFO">Creating Session using : alias=magazord, url=https://api.github.com, headers={},                     cookies={}, auth=None, timeout=None, proxies=None, verify=True,                     debug=0 </msg>
<arg>${sessao}</arg>
<arg>${base_url}</arg>
<arg>verify=${True}</arg>
<doc>Create Session: create a HTTP session to a server</doc>
<status status="PASS" start="2026-02-26T01:13:15.588082" elapsed="0.000325"/>
</kw>
<status status="PASS" start="2026-02-26T01:13:15.587877" elapsed="0.000597"/>
</kw>
<kw name="Fazer GET usuario GitHub" owner="003tests">
<kw name="GET On Session" owner="RequestsLibrary">
<msg time="2026-02-26T01:13:15.998110" level="INFO">GET Request : url=https://api.github.com/users/github 
 path_url=/users/github 
 headers={'User-Agent': 'python-requests/2.32.5', 'Accept-Encoding': 'gzip, deflate, zstd', 'Accept': '*/*', 'Connection': 'keep-alive'} 
 body=None 
 </msg>
<msg time="2026-02-26T01:13:15.998204" level="INFO">GET Response : url=https://api.github.com/users/github 
 status=200, reason=OK 
 headers={'Date': 'Thu, 26 Feb 2026 04:13:17 GMT', 'Content-Type': 'application/json; charset=utf-8', 'Cache-Control': 'public, max-age=60, s-maxage=60', 'Vary': 'Accept,Accept-Encoding, Accept, X-Requested-With', 'ETag': 'W/"dac5f0aa7fecc0c82f521fd5b97247b2103fec0189a86a3e43813f2946876df3"', 'Last-Modified': 'Tue, 24 Feb 2026 15:58:00 GMT', 'X-GitHub-Media-Type': 'github.v3; format=json', 'x-github-api-version-selected': '2022-11-28', 'Access-Control-Expose-Headers': 'ETag, Link, Location, Retry-After, X-GitHub-OTP, X-RateLimit-Limit, X-RateLimit-Remaining, X-RateLimit-Used, X-RateLimit-Resource, X-RateLimit-Reset, X-OAuth-Scopes, X-Accepted-OAuth-Scopes, X-Poll-Interval, X-GitHub-Media-Type, X-GitHub-SSO, X-GitHub-Request-Id, Deprecation, Sunset', 'Access-Control-Allow-Origin': '*', 'Strict-Transport-Security': 'max-age=31536000; includeSubdomains; preload', 'X-Frame-Options': 'deny', 'X-Content-Type-Options': 'nosniff', 'X-XSS-Protection': '0', 'Referrer-Policy': 'origin-when-cross-origin, strict-origin-when-cross-origin', 'Content-Security-Policy': "default-src 'none'", 'Content-Encoding': 'gzip', 'Server': 'github.com', 'Accept-Ranges': 'bytes', 'X-RateLimit-Limit': '60', 'X-RateLimit-Remaining': '40', 'X-RateLimit-Reset': '1772080644', 'X-RateLimit-Resource': 'core', 'X-RateLimit-Used': '20', 'Content-Length': '519', 'X-GitHub-Request-Id': '75B7:11589:1C1423C:1EBCC89:699FC85D'} 
 body={"login":"github","id":9919,"node_id":"MDEyOk9yZ2FuaXphdGlvbjk5MTk=","avatar_url":"https://avatars.githubusercontent.com/u/9919?v=4","gravatar_id":"","url":"https://api.github.com/users/github","html_url":"https://github.com/github","followers_url":"https://api.github.com/users/github/followers","following_url":"https://api.github.com/users/github/following{/other_user}","gists_url":"https://api.github.com/users/github/gists{/gist_id}","starred_url":"https://api.github.com/users/github/starred{/owner}{/repo}","subscriptions_url":"https://api.github.com/users/github/subscriptions","organizations_url":"https://api.github.com/users/github/orgs","repos_url":"https://api.github.com/users/github/repos","events_url":"https://api.github.com/users/github/events{/privacy}","received_events_url":"https://api.github.com/users/github/received_events","type":"Organization","user_view_type":"public","site_admin":false,"name":"GitHub","company":null,"blog":"https://github.com/about","location":"San Francisco, CA","email":null,"hireable":null,"bio":"How people build software.","twitter_username":null,"public_repos":539,"public_gists":0,"followers":69301,"following":0,"created_at":"2008-05-11T04:37:31Z","updated_at":"2026-02-24T15:58:00Z"} 
 </msg>
<msg time="2026-02-26T01:13:15.998343" level="INFO">${resp} = &lt;Response [200]&gt;</msg>
<var>${resp}</var>
<arg>${sessao}</arg>
<arg>${endpoint}</arg>
<doc>Sends a GET request on a previously created HTTP Session.</doc>
<status status="PASS" start="2026-02-26T01:13:15.588782" elapsed="0.409589"/>
</kw>
<return>
<value>${resp}</value>
<status status="PASS" start="2026-02-26T01:13:15.998444" elapsed="0.000043"/>
</return>
<msg time="2026-02-26T01:13:15.998620" level="INFO">${resp} = &lt;Response [200]&gt;</msg>
<var>${resp}</var>
<status status="PASS" start="2026-02-26T01:13:15.588597" elapsed="0.410048"/>
</kw>
<if>
<branch type="IF" condition="${resp.status_code} == 403">
<kw name="Log" owner="BuiltIn">
<arg>Rate limit atingido (403) detectado.</arg>
<doc>Logs the given message with the given level.</doc>
<status status="NOT RUN" start="2026-02-26T01:13:15.999174" elapsed="0.000032"/>
</kw>
<kw name="Should Contain" owner="BuiltIn">
<arg>${resp.text}</arg>
<arg>rate limit</arg>
<doc>Fails if ``container`` does not contain ``item`` one or more times.</doc>
<status status="NOT RUN" start="2026-02-26T01:13:15.999302" elapsed="0.000025"/>
</kw>
<status status="NOT RUN" start="2026-02-26T01:13:15.998727" elapsed="0.000638"/>
</branch>
<branch type="ELSE">
<kw name="Log" owner="BuiltIn">
<msg time="2026-02-26T01:13:15.999986" level="INFO">Ainda com cota (status=200). Teste detecta 403 quando ocorrer.</msg>
<arg>Ainda com cota (status=${resp.status_code}). Teste detecta 403 quando ocorrer.</arg>
<doc>Logs the given message with the given level.</doc>
<status status="PASS" start="2026-02-26T01:13:15.999487" elapsed="0.000545"/>
</kw>
<kw name="Should Be Equal As Integers" owner="BuiltIn">
<msg time="2026-02-26T01:13:16.000579" level="INFO">Argument types are:
&lt;class 'int'&gt;
&lt;class 'str'&gt;</msg>
<arg>${resp.status_code}</arg>
<arg>200</arg>
<doc>Fails if objects are unequal after converting them to integers.</doc>
<status status="PASS" start="2026-02-26T01:13:16.000136" elapsed="0.000499"/>
</kw>
<status status="PASS" start="2026-02-26T01:13:15.999401" elapsed="0.001281"/>
</branch>
<status status="PASS" start="2026-02-26T01:13:15.998706" elapsed="0.002012"/>
</if>
<status status="PASS" start="2026-02-26T01:13:15.587648" elapsed="0.413115"/>
</kw>
<doc>Pré condição:

Usuario  e senha cadastrado</doc>
<tag>1.1test</tag>
<tag>APIMAGAZORD</tag>
<tag>regression</tag>
<status status="PASS" start="2026-02-26T01:13:14.488040" elapsed="1.512826"/>
</test>
<doc>Este caso de teste tem como objetivo validar headers, não bloquear os testes e detectar limite de rate</doc>
<status status="PASS" start="2026-02-26T01:13:13.854012" elapsed="2.147230"/>
</suite>
<suite id="s1-s1-s1-s1-s2" name="1.2Test" source="E:\testemagazord\app\data\TesteMagazord\parte1-api\questao1.1\tests\1.2test.robot">
<test id="s1-s1-s1-s1-s2-t1" name="1.2test" line="7">
<kw name="Autenticação que obtém token via POST /api/login" owner="003tests">
<kw name="Criar sessao Reqres" owner="003tests">
<kw name="Create Session" owner="RequestsLibrary">
<msg time="2026-02-26T01:13:16.010257" level="INFO">Creating Session using : alias=magazord, url=https://reqres.in, headers={},                     cookies={}, auth=None, timeout=None, proxies=None, verify=True,                     debug=0 </msg>
<arg>${sessao}</arg>
<arg>${base_url2}</arg>
<arg>verify=${True}</arg>
<doc>Create Session: create a HTTP session to a server</doc>
<status status="PASS" start="2026-02-26T01:13:16.010073" elapsed="0.000309"/>
</kw>
<status status="PASS" start="2026-02-26T01:13:16.009846" elapsed="0.000609"/>
</kw>
<kw name="Create Dictionary" owner="BuiltIn">
<msg time="2026-02-26T01:13:16.011026" level="INFO">&amp;{body} = { email=eve.holt@reqres.in | password=cityslicka }</msg>
<var>&amp;{body}</var>
<arg>email=${email}</arg>
<arg>password=${password}</arg>
<doc>Creates and returns a dictionary based on the given ``items``.</doc>
<status status="PASS" start="2026-02-26T01:13:16.010559" elapsed="0.000507"/>
</kw>
<kw name="POST On Session" owner="RequestsLibrary">
<msg time="2026-02-26T01:13:16.558672" level="INFO">POST Request : url=https://reqres.in/api/login 
 path_url=/api/login 
 headers={'User-Agent': 'python-requests/2.32.5', 'Accept-Encoding': 'gzip, deflate, zstd', 'Accept': '*/*', 'Connection': 'keep-alive', 'Content-Length': '57', 'Content-Type': 'application/json'} 
 body=b'{"email": "eve.holt@reqres.in", "password": "cityslicka"}' 
 </msg>
<msg time="2026-02-26T01:13:16.558770" level="INFO">POST Response : url=https://reqres.in/api/login 
 status=403, reason=Forbidden 
 headers={'Date': 'Thu, 26 Feb 2026 04:13:18 GMT', 'Content-Type': 'text/html; charset=UTF-8', 'Transfer-Encoding': 'chunked', 'Connection': 'close', 'accept-ch': 'Sec-CH-UA-Bitness, Sec-CH-UA-Arch, Sec-CH-UA-Full-Version, Sec-CH-UA-Mobile, Sec-CH-UA-Model, Sec-CH-UA-Platform-Version, Sec-CH-UA-Full-Version-List, Sec-CH-UA-Platform, Sec-CH-UA, UA-Bitness, UA-Arch, UA-Full-Version, UA-Mobile, UA-Model, UA-Platform-Version, UA-Platform, UA', 'cf-mitigated': 'challenge', 'critical-ch': 'Sec-CH-UA-Bitness, Sec-CH-UA-Arch, Sec-CH-UA-Full-Version, Sec-CH-UA-Mobile, Sec-CH-UA-Model, Sec-CH-UA-Platform-Version, Sec-CH-UA-Full-Version-List, Sec-CH-UA-Platform, Sec-CH-UA, UA-Bitness, UA-Arch, UA-Full-Version, UA-Mobile, UA-Model, UA-Platform-Version, UA-Platform, UA', 'cross-origin-embedder-policy': 'require-corp', 'cross-origin-opener-policy': 'same-origin', 'cross-origin-resource-policy': 'same-origin', 'origin-agent-cluster': '?1', 'permissions-policy': 'accelerometer=(),browsing-topics=(),camera=(),clipboard-read=(),clipboard-write=(),geolocation=(),gyroscope=(),hid=(),interest-cohort=(),magnetometer=(),microphone=(),payment=(),publickey-credentials-get=(),screen-wake-lock=(),serial=(),sync-xhr=(),usb=()', 'referrer-policy': 'same-origin', 'server-timing': 'chlray;desc="9d3c9beee935067a"', 'x-content-type-options': 'nosniff', 'x-frame-options': 'SAMEORIGIN', 'Cache-Control': 'private, max-age=0, no-store, no-cache, must-revalidate, post-check=0, pre-check=0', 'Expires': 'Thu, 01 Jan 1970 00:00:01 GMT', 'Report-To': '{"endpoints":[{"url":"https:\\/\\/a.nel.cloudflare.com\\/report\\/v4?s=x2BYnR0muUdCJSiUCzw%2Bjgq8TECCl%2F42TggWz0ASPBuzZG%2B1frI2n1LT8r0onA5JvnKoflj9iIpVTbwnfRU7sdEl%2FIAQQE3aD23M3va4sw9yu7QYt1olGZMB7w%3D%3D"}],"group":"cf-nel","max_age":604800}', 'NEL': '{"success_fraction":0,"report_to":"cf-nel","max_age":604800}', 'Vary': 'Accept-Encoding', 'Server': 'cloudflare', 'CF-RAY': '9d3c9beee935067a-GIG', 'Content-Encoding': 'gzip'} 
 body=&lt;!DOCTYPE html&gt;&lt;html lang="en-US"&gt;&lt;head&gt;&lt;title&gt;Just a moment...&lt;/title&gt;&lt;meta http-equiv="Content-Type" content="text/html; charset=UTF-8"&gt;&lt;meta http-equiv="X-UA-Compatible" content="IE=Edge"&gt;&lt;meta name="robots" content="noindex,nofollow"&gt;&lt;meta name="viewport" content="width=device-width,initial-scale=1"&gt;&lt;style&gt;*{box-sizing:border-box;margin:0;padding:0}html{line-height:1.15;-webkit-text-size-adjust:100%;color:#313131;font-family:system-ui,-apple-system,BlinkMacSystemFont,"Segoe UI",Roboto,"Helvetica Neue",Arial,"Noto Sans",sans-serif,"Apple Color Emoji","Segoe UI Emoji","Segoe UI Symbol","Noto Color Emoji"}body{display:flex;flex-direction:column;height:100vh;min-height:100vh}.main-content{margin:8rem auto;padding-left:1.5rem;max-width:60rem}@media (width &lt;= 720px){.main-content{margin-top:4rem}}.h2{line-height:2.25rem;font-size:1.5rem;font-weight:500}@media (width &lt;= 720px){.h2{line-height:1.5rem;font-size:1.25rem}}#challenge-error-text{background-image:url("data:image/svg+xml;base64,PHN2ZyB4bWxucz0iaHR0cDovL3d3dy53My5vcmcvMjAwMC9zdmciIHdpZHRoPSIzMiIgaGVpZ2h0PSIzMiIgZmlsbD0ibm9uZSI+PHBhdGggZmlsbD0iI0IyMEYwMyIgZD0iTTE2IDNhMTMgMTMgMCAxIDAgMTMgMTNBMTMuMDE1IDEzLjAxNSAwIDAgMCAxNiAzbTAgMjRhMTEgMTEgMCAxIDEgMTEtMTEgMTEuMDEgMTEuMDEgMCAwIDEtMTEgMTEiLz48cGF0aCBmaWxsPSIjQjIwRjAzIiBkPSJNMTcuMDM4IDE4LjYxNUgxNC44N0wxNC41NjMgOS41aDIuNzgzem0tMS4wODQgMS40MjdxLjY2IDAgMS4wNTcuMzg4LjQwNy4zODkuNDA3Ljk5NCAwIC41OTYtLjQwNy45ODQtLjM5Ny4zOS0xLjA1Ny4zODktLjY1IDAtMS4wNTYtLjM4OS0uMzk4LS4zODktLjM5OC0uOTg0IDAtLjU5Ny4zOTgtLjk4NS40MDYtLjM5NyAxLjA1Ni0uMzk3Ii8+PC9zdmc+");background-repeat:no-repeat;background-size:contain;padding-left:34px}@media (prefers-color-scheme: dark){body{background-color:#222;color:#d9d9d9}}&lt;/style&gt;&lt;meta http-equiv="refresh" content="360"&gt;&lt;/head&gt;&lt;body&gt;&lt;div class="main-wrapper" role="main"&gt;&lt;div class="main-content"&gt;&lt;noscript&gt;&lt;div class="h2"&gt;&lt;span id="challenge-error-text"&gt;Enable JavaScript and cookies to continue&lt;/span&gt;&lt;/div&gt;&lt;/noscript&gt;&lt;/div&gt;&lt;/div&gt;&lt;script&gt;(function(){window._cf_chl_opt = {cvId: '3',cZone: 'reqres.in',cType: 'managed',cRay: '9d3c9beee935067a',cH: 'guQmHxWKCpxtU5hsZVA9u7Rc_QXMAk2LG9GkNMSDJF0-1772079198-1.2.1.1-K8RN.VopMwIHkYhl58Dr6_RbTkU6Lo8WRowxHIDUlsUw2hlYHhA37sp2Gd3ow3G2',cUPMDTk:"\/api\/login?__cf_chl_tk=oVIMW0fh_ICHghtQ44JFOwlAy3zVrstFBklQTvHamxI-1772079198-1.0.1.1-JAUDuKF.m4Zod_kXlAx2Evb_sid9rX25t7AWuS1q5X4",cFPWv: 'b',cITimeS: '1772079198',cTplC:0,cTplV:5,cTplB: '0',fa:"\/api\/login?__cf_chl_f_tk=oVIMW0fh_ICHghtQ44JFOwlAy3zVrstFBklQTvHamxI-1772079198-1.0.1.1-JAUDuKF.m4Zod_kXlAx2Evb_sid9rX25t7AWuS1q5X4",md: 'a4Ti14sipYcO_XsJeiEesFwGuKVeLWpSl4rt8gMRLcs-1772079198-1.2.1.1-yD76okJGf3eT6v3Kv5ocQkVc9jxdEGF0ucayTdB9XJSzwa1eFFXOZo9nHjOIZqHp0ph9Jx5sRb70ynbgbp8MV2Q4W.CLitDkl2wD0KbbVuxtu9sqLuFO6LjYB60TvMDWEIOvXiuuCUqt2GBSkOaC92a1AwJehnY3Pjn026ME6qmJgqIQbCkN51EfZBCkjPBCSXub8xRHA_o9oYi5rrREpiZnC7jGge7bAd4J8akDs51Uj9zSTBft7bbH491JTjGzWmCQHeERAYbYL55VVhBjDCN1ppKL4zSNu7ACMAFaTI7XESUBkNNMEsuUxb6FlwsKq2h1WUUKqXS0L9XXRaEJEWO.Cq6WHrpM28j5uWzUZ6EBuuMhGUfATBcvrDuKzcKgIcx2UWi5SFcwv_2P7s9b8UEwtm6bLN_P_Vg8JGEH.y1FWGRsoeSjx81s.b_pkDawhA0j7lfjNfuL0BxPSvXqklg0oiSt2MXtByvj53o.eHrLk9vcZXgOeXAZwvDUi9utPLPymI_yfpMUo.9GTAOKDO6atKwpn5jVbpSxk53eXbgPKfPsQ_I8_S9LInn2CNh8KsqlXYds9WUJVqYNm3QkcxIutZlPfc5owVCDs.q1TPIPRXqYWvOQ4IYvdiiiNQ3glYRolz.k3uulcXRb2U8UGclsLpGxmKTHd6FYhKvhdeJTPGH9qXGQrTi4PNi3hS3YLKtZmfUlKtbxoKNe6.sXkxPaVln63e9XkpaFQsnpiuTL4EX4uCBBs3aWTSCf5PeMEVVIWdAzhPRkWBKKxqIsOUron26yt9PBteKVeh_7Lps4OK1kFnqTM8bJSmloZYvKal_s46kpHgymo_e5uoDpfVoQUCweUZ9UFZB3ncMa0DDDdNWi.I7RRvsTrd5u5zMN2n.R1gi0Ajqu_aJdLzh84w',mdrd: 'rQCAyYApaDJ1JPHqS_SRxTXPZBgTHIp04.AozgzTnsI-1772079198-1.2.1.1-d4xFMs0QqtUnveew7FWThQ9jPbbncQruwtrh7CIZpBFKEnDn_0RwBzM3HeToSYmJ_cBGtVwWyGl30nX3ZK6hCowfXU5ELidO27rfjuJ987EH9Kr0lBzt0HrfoWIeMIdhhlQNJgBpu_jNZsVAfxf6lfQUE_bC7YS_3d3E8MZFKbpwXZfgiMEStd.9D9JK4J0VMf6nk8Pe09Sj1N6xRdpvWMjeTbVpIdHTpLucUkkEtL8xQvVMh0lRHlWUtKhl1pt_N1KmtX7LPD2Sv1J7RwP.CYNDgSxg85xVx9csFlT1jVPapSgCS47tRs7SBQD0dMB5CmIkZYEPBWQTGNJWoK6szU1dycpTtAWeFWQf3lEqzKqgt6hU_CsGnQYU2dL2bDyj_NAFzpwf_o.e_GPT_IhCZNPogwc0uTDClw2AeHCti2pLssubGP8qQ3_eGX6JqPdadbF2gEmKYsCNsoggnnzLx6axrz9E2ZxiW.0sZVSBTtYnaOq0alZe0lXL_344.SucSr8VFbHjmMemmWgny2WR7Kb1woDDicQyyrMmviytn6LiojaIlwBw5V_Wuu8I2ufwzCr07K7sz8QmkI8tm7gEbs67VqWfkbfKiEFcoobPForQiTQYBhAsXwvGdHTdFNpiheWclF18xb.oDHvqKWaUWwX1tFW309MPXdIqwxivtG36ZAbTp8_fJA0yioySLQvJs.5iK62MB4uqQP9nb20Bdw4ooDe0sNRG_f.iSqfmLBHzo07IQsxTiH9Jns6QDWJRjlTzJR6WXzBE.UU2p_xptiTSDjLNA94kHEyLibs8hnuswMCQJE3rotRlfX_BwziPVrIHC3u7PUD8_vmU0SS8gBh492SdTCrGug2dUonWU_jOBXcGKFyPV_PD4DsprhYJA3XpsqkEsRSFOrL.zxE1bFYe7OUcJgdgXtCxtK7OcPn7.8W1.7KWvSLzxfrDDfOdb2YhOur0rjT4Q6u7e9JoA2WgQJhhs7ZVVRU4rVv8wYxc4ryC_JDQIph0YJtNIDZkg8evmwZYh0rIZD3RT3NEdTbK2ZuMzAJV0oRWI8omJPUkmZHuT2WrGz7QsEo2e9ytKnwa5wiN_2OXa8LJKnbxr59bb8k9jK1IbDYDG5gsPkXo4Tk60Fl.0L2JR5UrcznTXpK2ycVaKc9s0avkaurz5i.O8GvFX0ayH3FambG03K1vvSwgHY8wdfA8KwTucXLd0zB_MOXE4MZQSeVCBpbuUBJURT.Tlv8PS_x5vJDU4pe.GKJrJRsL7fNMGPh.awgiulf7mvD6q9jD6fZXOLX2GG5p3Mdqqw1Yzj4St30ylgk4wg3.NNVqTzVWMkopIkdF6mqxT5GVayiDzw4MSxlrGnpGIiWfwyjDgrs411ijGq9hFRAoXTfrhPVy_g5Eu5B0TvySmznG0B6QHAhQCokzm8tJyq7z.3YSjrjkF22Vb6bpnVDOTu.o82WGNSq8EptFjtexnf.5Z5THvrdyktGWFmsaYnKaSQbCq66PBNNOs7U0_cT6IOWxgzo0UDRlvWqE.VpRvRIkRs54KXwyU2c5yM6350WILUXZoJ1hpXtLVn6yDTT6m506XBgQxsQhr5Vo_YGS2KAe7LYpKMDytD8K3adcX4XFiLz5R3cIRf2EQjzw6lq5Q7i4.lPmze8kXb2bPSbhYTUyjlfY6X_RVTHnGtWH.JAMd8XEWMfK2i83yp8KnI68QgNLNetQQuvW1Ny9t3Jcx0wbbPAa9S2CkcgRx1s_DfdAosT8MACFQZ92EzSoW4zLwuJ9dI9UZGr9WTU89lCuDsxRHOur1_nvrj8xJ0dA55xbK2C30v4TrOuMlnmpgAxq..XPJAYWZW0V05_qUQqUYQR4q.BX85YTmMkw.iUMwnmYNuyudgyD4jg3PePvdwNXHX_p9h0M9XEEc_rDHOj54SghQNYPL3Wtz6UZe0gRz1OqAVDyJRxm4Ntu6oIjvENdjM5kXk8nA5lh41sSBLnZPsyLclKl_bsFAp.P9Kw0ypCve2Oi6lMK6Z5B553zRi_qTmZ3C9V8wqr9b1oeATZryFUGR6xt2eg8cSMxt48La8GoGvUAc4vZkj4Bpugg8exoPrGYH8ybLYEAaU_oMjrM0knvDBLD6b5NQtwPbsybRh0T8_HqA36NPIxG_e7FCeKKPP6gDwn8hhLAtT8YtRTifP_U_Lbc7SV98XPGVx5s853J7qfo.VEe9KgQUN0JpdXJNjeKNA6sG9455JlJNr1srhA7hvO2ZXUMyp5oFpUgw_uA1YVCYPGW7.iU49ljGgAv0w7yP_KFI5i_l_I9CR7hS3SE3JHzdDZ4GGSttx7aSs8_BywIaF6zofHhHBLluqRhxsOsh8UVZV9mFtFOMic30ejhJYn0kOLUehjliwxdaoY0lZNUZ6w4Imx_6cMRQ5SZ8oBE6yvjhadI3wOARK6na_DdVMwv6PxRTsyz5XwPbTHVeAlH4EWGipYLSDE',};var a = document.createElement('script');a.src = '/cdn-cgi/challenge-platform/h/b/orchestrate/chl_page/v1?ray=9d3c9beee935067a';window._cf_chl_opt.cOgUHash = location.hash === '' &amp;&amp; location.href.indexOf('#') !== -1 ? '#' : location.hash;window._cf_chl_opt.cOgUQuery = location.search === '' &amp;&amp; location.href.slice(0, location.href.length - window._cf_chl_opt.cOgUHash.length).indexOf('?') !== -1 ? '?' : location.search;if (window.history &amp;&amp; window.history.replaceState) {var ogU = location.pathname + window._cf_chl_opt.cOgUQuery + window._cf_chl_opt.cOgUHash;history.replaceState(null, null,"\/api\/login?__cf_chl_rt_tk=oVIMW0fh_ICHghtQ44JFOwlAy3zVrstFBklQTvHamxI-1772079198-1.0.1.1-JAUDuKF.m4Zod_kXlAx2Evb_sid9rX25t7AWuS1q5X4"+ window._cf_chl_opt.cOgUHash);a.onload = function() {history.replaceState(null, null, ogU);}}document.getElementsByTagName('head')[0].appendChild(a);}());&lt;/script&gt;&lt;/body&gt;&lt;/html&gt; 
 </msg>
<msg time="2026-02-26T01:13:16.558993" level="FAIL">HTTPError: 403 Client Error: Forbidden for url: https://reqres.in/api/login</msg>
<var>${resp}</var>
<arg>${sessao}</arg>
<arg>${login_ep}</arg>
<arg>json=${body}</arg>
<doc>Sends a POST request on a previously created HTTP Session.</doc>
<status status="FAIL" start="2026-02-26T01:13:16.011178" elapsed="0.600566">HTTPError: 403 Client Error: Forbidden for url: https://reqres.in/api/login</status>
</kw>
<kw name="Should Be Equal As Integers" owner="BuiltIn">
<arg>${resp.status_code}</arg>
<arg>200</arg>
<doc>Fails if objects are unequal after converting them to integers.</doc>
<status status="NOT RUN" start="2026-02-26T01:13:16.611944" elapsed="0.000035"/>
</kw>
<kw name="Evaluate" owner="BuiltIn">
<var>${json}</var>
<arg>${resp.json()}</arg>
<doc>Evaluates the given expression in Python and returns the result.</doc>
<status status="NOT RUN" start="2026-02-26T01:13:16.612089" elapsed="0.000026"/>
</kw>
<kw name="Get From Dictionary" owner="Collections">
<var>${token}</var>
<arg>${json}</arg>
<arg>token</arg>
<doc>Returns a value from the given ``dictionary`` based on the given ``key``.</doc>
<status status="NOT RUN" start="2026-02-26T01:13:16.612209" elapsed="0.000024"/>
</kw>
<kw name="Log" owner="BuiltIn">
<arg>Token obtido: ${token}</arg>
<doc>Logs the given message with the given level.</doc>
<status status="NOT RUN" start="2026-02-26T01:13:16.612330" elapsed="0.000023"/>
</kw>
<kw name="Should Not Be Empty" owner="BuiltIn">
<arg>${token}</arg>
<doc>Verifies that the given item is not empty.</doc>
<status status="NOT RUN" start="2026-02-26T01:13:16.612439" elapsed="0.000023"/>
</kw>
<status status="FAIL" start="2026-02-26T01:13:16.009629" elapsed="0.602958">HTTPError: 403 Client Error: Forbidden for url: https://reqres.in/api/login</status>
</kw>
<doc>Pré condição:

Usuario  e senha cadastrado</doc>
<tag>1.2test</tag>
<tag>APIMAGAZORD</tag>
<tag>regression</tag>
<status status="FAIL" start="2026-02-26T01:13:16.009254" elapsed="0.603520">HTTPError: 403 Client Error: Forbidden for url: https://reqres.in/api/login</status>
</test>
<doc>Este caso de teste tem como objetivo autenticar o token via post</doc>
<status status="FAIL" start="2026-02-26T01:13:16.001850" elapsed="0.611269"/>
</suite>
<status status="FAIL" start="2026-02-26T01:13:13.853038" elapsed="2.760758"/>
</suite>
<status status="FAIL" start="2026-02-26T01:13:13.852063" elapsed="2.762158"/>
</suite>
<status status="FAIL" start="2026-02-26T01:13:13.850974" elapsed="2.763631"/>
</suite>
<suite id="s1-s2" name="Parte2-2E2" source="E:\testemagazord\app\data\TesteMagazord\parte2-2e2">
<suite id="s1-s2-s1" name="Questao2.1" source="E:\testemagazord\app\data\TesteMagazord\parte2-2e2\questao2.1">
<suite id="s1-s2-s1-s1" name="2.1Test" source="E:\testemagazord\app\data\TesteMagazord\parte2-2e2\questao2.1\2.1test.robot">
<test id="s1-s2-s1-s1-t1" name="2.1test" line="11">
<kw name="Test Setup Swag Labs" owner="001resourcetestsetup" type="SETUP">
<kw name="Acessar o site &quot;Swag Labs&quot;" owner="001resourcetestsetup" source_name="Acessar o site &quot;${titulosite}&quot;">
<if>
<branch type="IF" condition="&quot;${titulosite}&quot; == &quot;Swag Labs&quot;">
<kw name="Open Browser" owner="SeleniumLibrary">
<msg time="2026-02-26T01:13:16.661368" level="INFO">Opening browser 'headlesschrome' to base url 'https://www.saucedemo.com/'.</msg>
<arg>url=${sitesaucedemo}</arg>
<arg>browser=headlesschrome</arg>
<doc>Opens a new browser instance to the optional ``url``.</doc>
<status status="PASS" start="2026-02-26T01:13:16.661177" elapsed="1.863279"/>
</kw>
<kw name="Set Window Size" owner="SeleniumLibrary">
<arg>1920</arg>
<arg>1080</arg>
<doc>Sets current windows size to given ``width`` and ``height``.</doc>
<status status="PASS" start="2026-02-26T01:13:18.524663" elapsed="0.016621"/>
</kw>
<kw name="Maximize Browser Window" owner="SeleniumLibrary">
<doc>Maximizes current browser window.</doc>
<status status="PASS" start="2026-02-26T01:13:18.541482" elapsed="0.031141"/>
</kw>
<kw name="Wait Until Element Is Visible" owner="SeleniumLibrary">
<arg>${titulo_pagina_inicial_saucedmo}</arg>
<arg>timeout=10s</arg>
<doc>Waits until the element ``locator`` is visible.</doc>
<status status="PASS" start="2026-02-26T01:13:18.572809" elapsed="0.070567"/>
</kw>
<status status="PASS" start="2026-02-26T01:13:16.660962" elapsed="1.982493"/>
</branch>
<branch type="ELSE IF" condition="&quot;${titulosite}&quot; == &quot;DemoQa&quot;">
<kw name="Open Browser" owner="SeleniumLibrary">
<arg>url=${sitedemoqa}</arg>
<arg>browser=headlesschrome</arg>
<doc>Opens a new browser instance to the optional ``url``.</doc>
<status status="NOT RUN" start="2026-02-26T01:13:18.643680" elapsed="0.000030"/>
</kw>
<kw name="Set Window Size" owner="SeleniumLibrary">
<arg>1920</arg>
<arg>1080</arg>
<doc>Sets current windows size to given ``width`` and ``height``.</doc>
<status status="NOT RUN" start="2026-02-26T01:13:18.643822" elapsed="0.000024"/>
</kw>
<kw name="Maximize Browser Window" owner="SeleniumLibrary">
<doc>Maximizes current browser window.</doc>
<status status="NOT RUN" start="2026-02-26T01:13:18.643949" elapsed="0.000024"/>
</kw>
<kw name="Wait Until Element Is Visible" owner="SeleniumLibrary">
<arg>${titulo_pagina_inicial_demoqa}</arg>
<arg>timeout=10s</arg>
<doc>Waits until the element ``locator`` is visible.</doc>
<status status="NOT RUN" start="2026-02-26T01:13:18.644069" elapsed="0.000023"/>
</kw>
<status status="NOT RUN" start="2026-02-26T01:13:18.643507" elapsed="0.000621"/>
</branch>
<status status="PASS" start="2026-02-26T01:13:16.660939" elapsed="1.983222"/>
</if>
<status status="PASS" start="2026-02-26T01:13:16.660765" elapsed="1.983447"/>
</kw>
<kw name="Inserir no campo username o username do usuario" owner="001resourcetestsetup">
<kw name="Click Element" owner="SeleniumLibrary">
<msg time="2026-02-26T01:13:18.644747" level="INFO">Clicking element '//input[contains(@id,'user-name')]'.</msg>
<arg>${campousuario}</arg>
<doc>Click the element identified by ``locator``.</doc>
<status status="PASS" start="2026-02-26T01:13:18.644571" elapsed="0.066606"/>
</kw>
<kw name="Input Text" owner="SeleniumLibrary">
<msg time="2026-02-26T01:13:18.711606" level="INFO">Typing text 'standard_user' into text field '//input[contains(@id,'user-name')]'.</msg>
<arg>${campousuario}</arg>
<arg>${username}</arg>
<doc>Types the given ``text`` into the text field identified by ``locator``.</doc>
<status status="PASS" start="2026-02-26T01:13:18.711372" elapsed="0.077098"/>
</kw>
<status status="PASS" start="2026-02-26T01:13:18.644347" elapsed="0.144284"/>
</kw>
<kw name="Inserir no campo password a senha do usuario" owner="001resourcetestsetup">
<kw name="Click Element" owner="SeleniumLibrary">
<msg time="2026-02-26T01:13:18.789664" level="INFO">Clicking element '//input[contains(@id,'password')]'.</msg>
<arg>${campopassword}</arg>
<doc>Click the element identified by ``locator``.</doc>
<status status="PASS" start="2026-02-26T01:13:18.789259" elapsed="0.055779"/>
</kw>
<kw name="Input Text" owner="SeleniumLibrary">
<msg time="2026-02-26T01:13:18.845611" level="INFO">Typing text 'secret_sauce' into text field '//input[contains(@id,'password')]'.</msg>
<arg>${campopassword}</arg>
<arg>${password}</arg>
<doc>Types the given ``text`` into the text field identified by ``locator``.</doc>
<status status="PASS" start="2026-02-26T01:13:18.845291" elapsed="0.039363"/>
</kw>
<status status="PASS" start="2026-02-26T01:13:18.788853" elapsed="0.095989"/>
</kw>
<kw name="Clique em login" owner="001resourcetestsetup">
<kw name="Click Element" owner="SeleniumLibrary">
<msg time="2026-02-26T01:13:18.885781" level="INFO">Clicking element '//input[contains(@id,'login-button')]'.</msg>
<arg>${btn_login}</arg>
<doc>Click the element identified by ``locator``.</doc>
<status status="PASS" start="2026-02-26T01:13:18.885480" elapsed="0.079638"/>
</kw>
<status status="PASS" start="2026-02-26T01:13:18.885130" elapsed="0.080108"/>
</kw>
<kw name="Verificar o login no site &quot;Swag Labs&quot;" owner="001resourcetestsetup" source_name="Verificar o login no site &quot;${site}&quot;">
<kw name="Wait Until Element Is Visible" owner="SeleniumLibrary">
<arg>${titulo_produtos}</arg>
<arg>timeout=10s</arg>
<doc>Waits until the element ``locator`` is visible.</doc>
<status status="PASS" start="2026-02-26T01:13:18.965758" elapsed="0.019914"/>
</kw>
<kw name="Wait Until Element Is Visible" owner="SeleniumLibrary">
<arg>${imagem_carrinho}</arg>
<arg>timeout=10s</arg>
<doc>Waits until the element ``locator`` is visible.</doc>
<status status="PASS" start="2026-02-26T01:13:18.985927" elapsed="0.013908"/>
</kw>
<status status="PASS" start="2026-02-26T01:13:18.965450" elapsed="0.034488"/>
</kw>
<status status="PASS" start="2026-02-26T01:13:16.660456" elapsed="2.339537"/>
</kw>
<kw name="Adicionar o produto &quot;Sauce Labs Backpack&quot; ao carrinho" owner="003tests">
<kw name="Click Button" owner="SeleniumLibrary">
<msg time="2026-02-26T01:13:19.000589" level="INFO">Clicking button '//button[@id="add-to-cart-sauce-labs-backpack"]'.</msg>
<arg>${produtoSauceLabsBackpack}</arg>
<doc>Clicks the button identified by ``locator``.</doc>
<status status="PASS" start="2026-02-26T01:13:19.000411" elapsed="0.051150"/>
</kw>
<status status="PASS" start="2026-02-26T01:13:19.000169" elapsed="0.051500"/>
</kw>
<kw name="Clique no botão &quot;carrinho&quot;" owner="003tests">
<kw name="Click Element" owner="SeleniumLibrary">
<msg time="2026-02-26T01:13:19.052476" level="INFO">Clicking element '//a[contains(@class,'shopping_cart_link')]'.</msg>
<arg>${imagem_carrinho}</arg>
<doc>Click the element identified by ``locator``.</doc>
<status status="PASS" start="2026-02-26T01:13:19.052234" elapsed="0.039098"/>
</kw>
<status status="PASS" start="2026-02-26T01:13:19.051870" elapsed="0.039560"/>
</kw>
<kw name="Verificar se o produto &quot;Sauce Labs Backpack&quot; foi adicionado ao carrinho" owner="003tests">
<kw name="Wait Until Page Contains Element" owner="SeleniumLibrary">
<arg>${titulocarrinho}</arg>
<arg>timeout=5s</arg>
<doc>Waits until the element ``locator`` appears on the current page.</doc>
<status status="PASS" start="2026-02-26T01:13:19.091847" elapsed="0.009458"/>
</kw>
<kw name="Wait Until Element Is Visible" owner="SeleniumLibrary">
<arg>${produtoSauceLabsBackpackcarrinho}</arg>
<doc>Waits until the element ``locator`` is visible.</doc>
<status status="PASS" start="2026-02-26T01:13:19.101600" elapsed="0.013631"/>
</kw>
<status status="PASS" start="2026-02-26T01:13:19.091605" elapsed="0.023765"/>
</kw>
<kw name="Clique no botão &quot;Checkout&quot;" owner="003tests">
<kw name="Click Button" owner="SeleniumLibrary">
<msg time="2026-02-26T01:13:19.116516" level="INFO">Clicking button '//button[@id="checkout"]'.</msg>
<arg>${btn_checkout}</arg>
<doc>Clicks the button identified by ``locator``.</doc>
<status status="PASS" start="2026-02-26T01:13:19.116155" elapsed="0.084090"/>
</kw>
<status status="PASS" start="2026-02-26T01:13:19.115634" elapsed="0.084777"/>
</kw>
<kw name="Inserir o campo &quot;First Name&quot; com o nome do usuario" owner="003tests">
<kw name="Gerar nome aleatório" owner="keywords">
<kw name="Name" owner="FakerLibrary">
<msg time="2026-02-26T01:13:19.202704" level="INFO">${nome} = Jonathan Montgomery Jr.</msg>
<var>${nome}</var>
<doc>:example: 'John Doe'</doc>
<status status="PASS" start="2026-02-26T01:13:19.201771" elapsed="0.000993"/>
</kw>
<kw name="Set Global Variable" owner="BuiltIn">
<msg time="2026-02-26T01:13:19.203592" level="INFO">${nome} = Jonathan Montgomery Jr.</msg>
<arg>${nome}</arg>
<doc>Makes a variable available globally in all tests and suites.</doc>
<status status="PASS" start="2026-02-26T01:13:19.203034" elapsed="0.000637"/>
</kw>
<status status="PASS" start="2026-02-26T01:13:19.201245" elapsed="0.002562"/>
</kw>
<kw name="Input Text" owner="SeleniumLibrary">
<msg time="2026-02-26T01:13:19.204293" level="INFO">Typing text 'Jonathan Montgomery Jr.' into text field '//input[@id="first-name"]'.</msg>
<arg>${campofirstname}</arg>
<arg>${nome}</arg>
<doc>Types the given ``text`` into the text field identified by ``locator``.</doc>
<status status="PASS" start="2026-02-26T01:13:19.204046" elapsed="0.076339"/>
</kw>
<status status="PASS" start="2026-02-26T01:13:19.200720" elapsed="0.079786"/>
</kw>
<kw name="Inserir o campo &quot;Last Name&quot; com o sobrenome do usuario" owner="003tests">
<kw name="Gerar sobrenome aleatório" owner="keywords">
<kw name="Last Name" owner="FakerLibrary">
<msg time="2026-02-26T01:13:19.281688" level="INFO">${sobrenome} = Davis</msg>
<var>${sobrenome}</var>
<status status="PASS" start="2026-02-26T01:13:19.281415" elapsed="0.000304"/>
</kw>
<kw name="Set Global Variable" owner="BuiltIn">
<msg time="2026-02-26T01:13:19.282168" level="INFO">${sobrenome} = Davis</msg>
<arg>${sobrenome}</arg>
<doc>Makes a variable available globally in all tests and suites.</doc>
<status status="PASS" start="2026-02-26T01:13:19.281846" elapsed="0.000364"/>
</kw>
<status status="PASS" start="2026-02-26T01:13:19.281192" elapsed="0.001077"/>
</kw>
<kw name="Input Text" owner="SeleniumLibrary">
<msg time="2026-02-26T01:13:19.282561" level="INFO">Typing text 'Davis' into text field '//input[@id="last-name"]'.</msg>
<arg>${campolastname}</arg>
<arg>${sobrenome}</arg>
<doc>Types the given ``text`` into the text field identified by ``locator``.</doc>
<status status="PASS" start="2026-02-26T01:13:19.282378" elapsed="0.051275"/>
</kw>
<status status="PASS" start="2026-02-26T01:13:19.280802" elapsed="0.052963"/>
</kw>
<kw name="Inserir o campo &quot;Postal Code&quot; com o cep do usuario" owner="003tests">
<kw name="Gerar CEP aleatório" owner="keywords">
<kw name="Postalcode" owner="FakerLibrary">
<msg time="2026-02-26T01:13:19.334588" level="INFO">${cep} = 93648</msg>
<var>${cep}</var>
<status status="PASS" start="2026-02-26T01:13:19.334445" elapsed="0.000170"/>
</kw>
<kw name="Set Global Variable" owner="BuiltIn">
<msg time="2026-02-26T01:13:19.335050" level="INFO">${cep} = 93648</msg>
<arg>${cep}</arg>
<doc>Makes a variable available globally in all tests and suites.</doc>
<status status="PASS" start="2026-02-26T01:13:19.334735" elapsed="0.000356"/>
</kw>
<status status="PASS" start="2026-02-26T01:13:19.334242" elapsed="0.000908"/>
</kw>
<kw name="Input Text" owner="SeleniumLibrary">
<msg time="2026-02-26T01:13:19.335442" level="INFO">Typing text '93648' into text field '//input[@id="postal-code"]'.</msg>
<arg>${campopostalcode}</arg>
<arg>${cep}</arg>
<doc>Types the given ``text`` into the text field identified by ``locator``.</doc>
<status status="PASS" start="2026-02-26T01:13:19.335259" elapsed="0.066332"/>
</kw>
<status status="PASS" start="2026-02-26T01:13:19.333950" elapsed="0.067765"/>
</kw>
<kw name="Clique no botão &quot;Continue&quot;" owner="003tests">
<kw name="Click Button" owner="SeleniumLibrary">
<msg time="2026-02-26T01:13:19.402371" level="INFO">Clicking button '//input[@id="continue"]'.</msg>
<arg>${btncontinue}</arg>
<doc>Clicks the button identified by ``locator``.</doc>
<status status="PASS" start="2026-02-26T01:13:19.402177" elapsed="0.066615"/>
</kw>
<status status="PASS" start="2026-02-26T01:13:19.401914" elapsed="0.066985"/>
</kw>
<kw name="Verificar se o produto &quot;Sauce Labs Backpack&quot; está presente na página de checkout" owner="003tests">
<kw name="Wait Until Page Contains Element" owner="SeleniumLibrary">
<arg>${titulocheckout}</arg>
<arg>timeout=5s</arg>
<doc>Waits until the element ``locator`` appears on the current page.</doc>
<status status="PASS" start="2026-02-26T01:13:19.469364" elapsed="0.007700"/>
</kw>
<kw name="Wait Until Element Is Visible" owner="SeleniumLibrary">
<arg>${produtoSauceLabsBackpackcarrinho}</arg>
<doc>Waits until the element ``locator`` is visible.</doc>
<status status="PASS" start="2026-02-26T01:13:19.477253" elapsed="0.009410"/>
</kw>
<status status="PASS" start="2026-02-26T01:13:19.469106" elapsed="0.017651"/>
</kw>
<kw name="Clique no botão &quot;Finish&quot;" owner="003tests">
<kw name="Click Button" owner="SeleniumLibrary">
<msg time="2026-02-26T01:13:19.487349" level="INFO">Clicking button '//button[@id="finish"]'.</msg>
<arg>${btnfinish}</arg>
<doc>Clicks the button identified by ``locator``.</doc>
<status status="PASS" start="2026-02-26T01:13:19.487175" elapsed="0.050335"/>
</kw>
<status status="PASS" start="2026-02-26T01:13:19.486933" elapsed="0.050678"/>
</kw>
<kw name="Verificar se a mensagem &quot;Thank you for your order!&quot; foi exibida" owner="003tests" source_name="Verificar se a mensagem &quot;${mensagemsucessocheckout}&quot; foi exibida">
<kw name="Replace String" owner="String">
<msg time="2026-02-26T01:13:19.538271" level="INFO">${variavelmensagemsucesso} = //h2[normalize-space(text())="Thank you for your order!"]</msg>
<var>${variavelmensagemsucesso}</var>
<arg>${textsucessocheckout}</arg>
<arg>$$</arg>
<arg>${mensagemsucessocheckout}</arg>
<doc>Replaces ``search_for`` in the given ``string`` with ``replace_with``.</doc>
<status status="PASS" start="2026-02-26T01:13:19.538053" elapsed="0.000247"/>
</kw>
<kw name="Wait Until Page Contains Element" owner="SeleniumLibrary">
<arg>${variavelmensagemsucesso}</arg>
<arg>timeout=5s</arg>
<doc>Waits until the element ``locator`` appears on the current page.</doc>
<status status="PASS" start="2026-02-26T01:13:19.538426" elapsed="0.006624"/>
</kw>
<status status="PASS" start="2026-02-26T01:13:19.537800" elapsed="0.007355"/>
</kw>
<kw name="Test teardown" owner="002resourcetestteardown" type="TEARDOWN">
<kw name="Capture Page Screenshot" owner="SeleniumLibrary">
<msg time="2026-02-26T01:13:19.623799" level="INFO" html="true">&lt;/td&gt;&lt;/tr&gt;&lt;tr&gt;&lt;td colspan="3"&gt;&lt;a href="../../../data/TesteMagazord/None/E2EMAGAZORD-2.1test.png"&gt;&lt;img src="../../../data/TesteMagazord/None/E2EMAGAZORD-2.1test.png" width="800px"&gt;&lt;/a&gt;</msg>
<arg>${EVIDENCIA}-${CASODETESTE}.png</arg>
<doc>Takes a screenshot of the current page and embeds it into a log file.</doc>
<status status="PASS" start="2026-02-26T01:13:19.545880" elapsed="0.078015"/>
</kw>
<kw name="Delete All Cookies" owner="SeleniumLibrary">
<doc>Deletes all cookies.</doc>
<status status="PASS" start="2026-02-26T01:13:19.624079" elapsed="0.007740"/>
</kw>
<kw name="Close Browser" owner="SeleniumLibrary">
<doc>Closes the current browser.</doc>
<status status="PASS" start="2026-02-26T01:13:19.632012" elapsed="2.148463"/>
</kw>
<arg>E2EMAGAZORD</arg>
<arg>2.1test</arg>
<status status="PASS" start="2026-02-26T01:13:19.545512" elapsed="2.235088"/>
</kw>
<doc>Pré condição:

Usuario  e senha cadastrado</doc>
<tag>2.1test</tag>
<tag>E2EMAGAZORD</tag>
<tag>regression</tag>
<status status="PASS" start="2026-02-26T01:13:16.660026" elapsed="5.120634"/>
</test>
<doc>Este caso de teste tem como objetivo realizar o checkout de um produto</doc>
<status status="PASS" start="2026-02-26T01:13:16.617427" elapsed="5.163657"/>
</suite>
<status status="PASS" start="2026-02-26T01:13:16.616295" elapsed="5.165328"/>
</suite>
<suite id="s1-s2-s2" name="Questao2.2" source="E:\testemagazord\app\data\TesteMagazord\parte2-2e2\questao2.2">
<suite id="s1-s2-s2-s1" name="2.2Test" source="E:\testemagazord\app\data\TesteMagazord\parte2-2e2\questao2.2\2.2test.robot">
<test id="s1-s2-s2-s1-t1" name="2.2test" line="11">
<kw name="Test Setup Demoqa" owner="001resourcetestsetup" type="SETUP">
<kw name="Acessar o site &quot;DemoQa&quot;" owner="001resourcetestsetup" source_name="Acessar o site &quot;${titulosite}&quot;">
<if>
<branch type="IF" condition="&quot;${titulosite}&quot; == &quot;Swag Labs&quot;">
<kw name="Open Browser" owner="SeleniumLibrary">
<arg>url=${sitesaucedemo}</arg>
<arg>browser=headlesschrome</arg>
<doc>Opens a new browser instance to the optional ``url``.</doc>
<status status="NOT RUN" start="2026-02-26T01:13:21.792824" elapsed="0.000029"/>
</kw>
<kw name="Set Window Size" owner="SeleniumLibrary">
<arg>1920</arg>
<arg>1080</arg>
<doc>Sets current windows size to given ``width`` and ``height``.</doc>
<status status="NOT RUN" start="2026-02-26T01:13:21.792971" elapsed="0.000025"/>
</kw>
<kw name="Maximize Browser Window" owner="SeleniumLibrary">
<doc>Maximizes current browser window.</doc>
<status status="NOT RUN" start="2026-02-26T01:13:21.793097" elapsed="0.000023"/>
</kw>
<kw name="Wait Until Element Is Visible" owner="SeleniumLibrary">
<arg>${titulo_pagina_inicial_saucedmo}</arg>
<arg>timeout=10s</arg>
<doc>Waits until the element ``locator`` is visible.</doc>
<status status="NOT RUN" start="2026-02-26T01:13:21.793216" elapsed="0.000023"/>
</kw>
<status status="NOT RUN" start="2026-02-26T01:13:21.792613" elapsed="0.000662"/>
</branch>
<branch type="ELSE IF" condition="&quot;${titulosite}&quot; == &quot;DemoQa&quot;">
<kw name="Open Browser" owner="SeleniumLibrary">
<msg time="2026-02-26T01:13:21.793666" level="INFO">Opening browser 'headlesschrome' to base url 'https://demoqa.com/browser-windows'.</msg>
<arg>url=${sitedemoqa}</arg>
<arg>browser=headlesschrome</arg>
<doc>Opens a new browser instance to the optional ``url``.</doc>
<status status="PASS" start="2026-02-26T01:13:21.793488" elapsed="2.458764"/>
</kw>
<kw name="Set Window Size" owner="SeleniumLibrary">
<arg>1920</arg>
<arg>1080</arg>
<doc>Sets current windows size to given ``width`` and ``height``.</doc>
<status status="PASS" start="2026-02-26T01:13:24.252486" elapsed="0.027798"/>
</kw>
<kw name="Maximize Browser Window" owner="SeleniumLibrary">
<doc>Maximizes current browser window.</doc>
<status status="PASS" start="2026-02-26T01:13:24.280498" elapsed="0.030450"/>
</kw>
<kw name="Wait Until Element Is Visible" owner="SeleniumLibrary">
<arg>${titulo_pagina_inicial_demoqa}</arg>
<arg>timeout=10s</arg>
<doc>Waits until the element ``locator`` is visible.</doc>
<status status="PASS" start="2026-02-26T01:13:24.311130" elapsed="0.015351"/>
</kw>
<status status="PASS" start="2026-02-26T01:13:21.793313" elapsed="2.533244"/>
</branch>
<status status="PASS" start="2026-02-26T01:13:21.792592" elapsed="2.534015"/>
</if>
<status status="PASS" start="2026-02-26T01:13:21.792429" elapsed="2.534233"/>
</kw>
<status status="PASS" start="2026-02-26T01:13:21.792078" elapsed="2.534642"/>
</kw>
<kw name="Teste que abre nova aba via &quot;New Tab&quot;" owner="003tests">
<kw name="Get Window Handles" owner="SeleniumLibrary">
<msg time="2026-02-26T01:13:24.328190" level="INFO">${antes} = ['DBC59C3B904BF239DD66CF544DF6A487']</msg>
<var>${antes}</var>
<doc>Returns all child window handles of the selected browser as a list.</doc>
<status status="PASS" start="2026-02-26T01:13:24.327158" elapsed="0.001064"/>
</kw>
<kw name="Get Length" owner="BuiltIn">
<msg time="2026-02-26T01:13:24.328913" level="INFO">Length is 1.</msg>
<msg time="2026-02-26T01:13:24.329126" level="INFO">${qtde_antes} = 1</msg>
<var>${qtde_antes}</var>
<arg>${antes}</arg>
<doc>Returns and logs the length of the given item as an integer.</doc>
<status status="PASS" start="2026-02-26T01:13:24.328345" elapsed="0.000829"/>
</kw>
<kw name="Click Button" owner="SeleniumLibrary">
<msg time="2026-02-26T01:13:24.329747" level="INFO">Clicking button '//button[normalize-space(text())="New Tab"]'.</msg>
<arg>${btnnewtab}</arg>
<doc>Clicks the button identified by ``locator``.</doc>
<status status="PASS" start="2026-02-26T01:13:24.329440" elapsed="0.082341"/>
</kw>
<kw name="Get Window Handles" owner="SeleniumLibrary">
<msg time="2026-02-26T01:13:24.417886" level="INFO">${depois} = ['DBC59C3B904BF239DD66CF544DF6A487', 'A57DB31811BC05E492867582DDEDD0B3']</msg>
<var>${depois}</var>
<doc>Returns all child window handles of the selected browser as a list.</doc>
<status status="PASS" start="2026-02-26T01:13:24.412045" elapsed="0.005885"/>
</kw>
<kw name="Get Length" owner="BuiltIn">
<msg time="2026-02-26T01:13:24.418397" level="INFO">Length is 2.</msg>
<msg time="2026-02-26T01:13:24.418472" level="INFO">${qtde_depois} = 2</msg>
<var>${qtde_depois}</var>
<arg>${depois}</arg>
<doc>Returns and logs the length of the given item as an integer.</doc>
<status status="PASS" start="2026-02-26T01:13:24.418099" elapsed="0.000397"/>
</kw>
<kw name="Should Be True" owner="BuiltIn">
<arg>${qtde_depois} &gt; ${qtde_antes}</arg>
<doc>Fails if the given condition is not true.</doc>
<status status="PASS" start="2026-02-26T01:13:24.418625" elapsed="0.000314"/>
</kw>
<kw name="Set Global Variable" owner="BuiltIn">
<msg time="2026-02-26T01:13:24.419372" level="INFO">${depois} = ['DBC59C3B904BF239DD66CF544DF6A487', 'A57DB31811BC05E492867582DDEDD0B3']</msg>
<arg>${depois}</arg>
<doc>Makes a variable available globally in all tests and suites.</doc>
<status status="PASS" start="2026-02-26T01:13:24.419091" elapsed="0.000322"/>
</kw>
<kw name="Set Global Variable" owner="BuiltIn">
<msg time="2026-02-26T01:13:24.419794" level="INFO">${antes} = ['DBC59C3B904BF239DD66CF544DF6A487']</msg>
<arg>${antes}</arg>
<doc>Makes a variable available globally in all tests and suites.</doc>
<status status="PASS" start="2026-02-26T01:13:24.419526" elapsed="0.000308"/>
</kw>
<status status="PASS" start="2026-02-26T01:13:24.326915" elapsed="0.093091"/>
</kw>
<kw name="Navega para a nova aba" owner="003tests">
<kw name="Evaluate" owner="BuiltIn">
<msg time="2026-02-26T01:13:24.420803" level="INFO">${novos} = ['A57DB31811BC05E492867582DDEDD0B3']</msg>
<var>${novos}</var>
<arg>list(set($depois) - set($antes))</arg>
<doc>Evaluates the given expression in Python and returns the result.</doc>
<status status="PASS" start="2026-02-26T01:13:24.420440" elapsed="0.000391"/>
</kw>
<kw name="Should Not Be Empty" owner="BuiltIn">
<msg time="2026-02-26T01:13:24.421314" level="INFO">Length is 1.</msg>
<arg>${novos}</arg>
<doc>Verifies that the given item is not empty.</doc>
<status status="PASS" start="2026-02-26T01:13:24.420948" elapsed="0.000435"/>
</kw>
<kw name="Switch Window" owner="SeleniumLibrary">
<arg>${novos}[0]</arg>
<doc>Switches to browser window matching ``locator``.</doc>
<status status="PASS" start="2026-02-26T01:13:24.421671" elapsed="0.034946"/>
</kw>
<status status="PASS" start="2026-02-26T01:13:24.420224" elapsed="0.036493"/>
</kw>
<kw name="Valida conteúdo da nova aba com o titulo &quot;This is a sample page&quot;" owner="003tests" source_name="Valida conteúdo da nova aba com o titulo &quot;${titulo_pagina_inicial}&quot;">
<kw name="Page Should Contain" owner="SeleniumLibrary">
<msg time="2026-02-26T01:13:24.584504" level="INFO">Current page contains text 'This is a sample page'.</msg>
<arg>${titulo_pagina_inicial}</arg>
<doc>Verifies that current page contains ``text``.</doc>
<status status="PASS" start="2026-02-26T01:13:24.457174" elapsed="0.127416"/>
</kw>
<status status="PASS" start="2026-02-26T01:13:24.456909" elapsed="0.127771"/>
</kw>
<kw name="Retorna para aba original" owner="003tests">
<kw name="Close Window" owner="SeleniumLibrary">
<doc>Closes currently opened and selected browser window/tab.</doc>
<status status="PASS" start="2026-02-26T01:13:24.585112" elapsed="0.067529"/>
</kw>
<kw name="Switch Window" owner="SeleniumLibrary">
<arg>${antes}[0]</arg>
<doc>Switches to browser window matching ``locator``.</doc>
<status status="PASS" start="2026-02-26T01:13:24.652828" elapsed="0.003842"/>
</kw>
<kw name="Wait Until Element Is Visible" owner="SeleniumLibrary">
<arg>${titulo_pagina_inicial_demoqa}</arg>
<arg>timeout=10s</arg>
<doc>Waits until the element ``locator`` is visible.</doc>
<status status="PASS" start="2026-02-26T01:13:24.656838" elapsed="0.009758"/>
</kw>
<status status="PASS" start="2026-02-26T01:13:24.584860" elapsed="0.081840"/>
</kw>
<kw name="Abre nova janela via &quot;New Window&quot;" owner="003tests">
<kw name="Click Button" owner="SeleniumLibrary">
<msg time="2026-02-26T01:13:24.667367" level="INFO">Clicking button '//button[normalize-space(text())="New Window"]'.</msg>
<arg>${btnnewwindow}</arg>
<doc>Clicks the button identified by ``locator``.</doc>
<status status="PASS" start="2026-02-26T01:13:24.667142" elapsed="0.109175"/>
</kw>
<status status="PASS" start="2026-02-26T01:13:24.666866" elapsed="0.109556"/>
</kw>
<kw name="Gerencia múltiplas janelas simultaneamente" owner="003tests">
<kw name="Get Window Handles" owner="SeleniumLibrary">
<msg time="2026-02-26T01:13:24.783716" level="INFO">${todas} = ['DBC59C3B904BF239DD66CF544DF6A487', 'A92903F67CB84D7D6A48B7604C5FFD3E']</msg>
<var>${todas}</var>
<doc>Returns all child window handles of the selected browser as a list.</doc>
<status status="PASS" start="2026-02-26T01:13:24.777094" elapsed="0.006665"/>
</kw>
<kw name="Get Length" owner="BuiltIn">
<msg time="2026-02-26T01:13:24.784261" level="INFO">Length is 2.</msg>
<msg time="2026-02-26T01:13:24.784338" level="INFO">${qtde} = 2</msg>
<var>${qtde}</var>
<arg>${todas}</arg>
<doc>Returns and logs the length of the given item as an integer.</doc>
<status status="PASS" start="2026-02-26T01:13:24.783919" elapsed="0.000445"/>
</kw>
<kw name="Should Be True" owner="BuiltIn">
<arg>${qtde} &gt; 1</arg>
<doc>Fails if the given condition is not true.</doc>
<status status="PASS" start="2026-02-26T01:13:24.784489" elapsed="0.000276"/>
</kw>
<status status="PASS" start="2026-02-26T01:13:24.776689" elapsed="0.008144"/>
</kw>
<kw name="Test teardown" owner="002resourcetestteardown" type="TEARDOWN">
<kw name="Capture Page Screenshot" owner="SeleniumLibrary">
<msg time="2026-02-26T01:13:24.903843" level="INFO" html="true">&lt;/td&gt;&lt;/tr&gt;&lt;tr&gt;&lt;td colspan="3"&gt;&lt;a href="../../../data/TesteMagazord/None/E2EMAGAZORD-2.2test.png"&gt;&lt;img src="../../../data/TesteMagazord/None/E2EMAGAZORD-2.2test.png" width="800px"&gt;&lt;/a&gt;</msg>
<arg>${EVIDENCIA}-${CASODETESTE}.png</arg>
<doc>Takes a screenshot of the current page and embeds it into a log file.</doc>
<status status="PASS" start="2026-02-26T01:13:24.785335" elapsed="0.118644"/>
</kw>
<kw name="Delete All Cookies" owner="SeleniumLibrary">
<doc>Deletes all cookies.</doc>
<status status="PASS" start="2026-02-26T01:13:24.904250" elapsed="0.011175"/>
</kw>
<kw name="Close Browser" owner="SeleniumLibrary">
<doc>Closes the current browser.</doc>
<status status="PASS" start="2026-02-26T01:13:24.915612" elapsed="2.132114"/>
</kw>
<arg>E2EMAGAZORD</arg>
<arg>2.2test</arg>
<status status="PASS" start="2026-02-26T01:13:24.785059" elapsed="2.262772"/>
</kw>
<doc>Pré condição:

Usuario  e senha cadastrado</doc>
<tag>2.2test</tag>
<tag>E2EMAGAZORD</tag>
<tag>regression</tag>
<status status="PASS" start="2026-02-26T01:13:21.791711" elapsed="5.256177"/>
</test>
<doc>Este caso de teste tem como objetivo adicionar um produto ao carrinho</doc>
<status status="PASS" start="2026-02-26T01:13:21.783248" elapsed="5.264942"/>
</suite>
<status status="PASS" start="2026-02-26T01:13:21.781938" elapsed="5.266827"/>
</suite>
<status status="PASS" start="2026-02-26T01:13:16.614965" elapsed="10.434208"/>
</suite>
<suite id="s1-s3" name="Parte3-Frontend" source="E:\testemagazord\app\data\TesteMagazord\parte3-frontend">
<suite id="s1-s3-s1" name="Questao3.1" source="E:\testemagazord\app\data\TesteMagazord\parte3-frontend\questao3.1">
<suite id="s1-s3-s1-s1" name="Tests" source="E:\testemagazord\app\data\TesteMagazord\parte3-frontend\questao3.1\tests">
<suite id="s1-s3-s1-s1-s1" name="3.1Test" source="E:\testemagazord\app\data\TesteMagazord\parte3-frontend\questao3.1\tests\3.1test.robot">
<test id="s1-s3-s1-s1-s1-t1" name="3.1test" line="11">
<kw name="Test Setup" owner="001resourcetestsetup" type="SETUP">
<kw name="Acessar o site &quot;theinternet&quot;" owner="001resourcetestsetup" source_name="Acessar o site &quot;${titulosite}&quot;">
<kw name="Open Browser" owner="SeleniumLibrary">
<msg time="2026-02-26T01:13:27.093272" level="INFO">Opening browser 'headlesschrome' to base url 'https://the-internet.herokuapp.com/dynamic_content'.</msg>
<arg>url=${site}</arg>
<arg>browser=headlesschrome</arg>
<doc>Opens a new browser instance to the optional ``url``.</doc>
<status status="PASS" start="2026-02-26T01:13:27.093089" elapsed="1.806780"/>
</kw>
<kw name="Maximize Browser Window" owner="SeleniumLibrary">
<doc>Maximizes current browser window.</doc>
<status status="PASS" start="2026-02-26T01:13:28.900086" elapsed="0.019757"/>
</kw>
<kw name="Wait Until Element Is Visible" owner="SeleniumLibrary">
<arg>${titulo_pagina_inicial}</arg>
<arg>timeout=10s</arg>
<doc>Waits until the element ``locator`` is visible.</doc>
<status status="PASS" start="2026-02-26T01:13:28.920070" elapsed="0.019475"/>
</kw>
<status status="PASS" start="2026-02-26T01:13:27.092776" elapsed="1.846873"/>
</kw>
<status status="PASS" start="2026-02-26T01:13:27.092495" elapsed="1.847209"/>
</kw>
<kw name="Verificar por &quot;texto visível&quot;" owner="003tests" source_name="Verificar por &quot;${valor}&quot;">
<for flavor="IN RANGE">
<iter>
<kw name="Wait Until Page Contains Element" owner="SeleniumLibrary">
<arg>${css_selector}</arg>
<arg>10s</arg>
<doc>Waits until the element ``locator`` appears on the current page.</doc>
<status status="PASS" start="2026-02-26T01:13:28.940628" elapsed="0.007334"/>
</kw>
<if>
<branch type="IF" condition="&quot;${valor}&quot; == &quot;texto visível&quot;">
<kw name="Page Should Contain Element" owner="SeleniumLibrary">
<msg time="2026-02-26T01:13:28.955088" level="INFO">Current page contains element 'xpath=//a[normalize-space(.)='click here']'.</msg>
<arg>${texto_visivel}</arg>
<doc>Verifies that element ``locator`` is found on the current page.</doc>
<status status="PASS" start="2026-02-26T01:13:28.948333" elapsed="0.006840"/>
</kw>
<status status="PASS" start="2026-02-26T01:13:28.948091" elapsed="0.007141"/>
</branch>
<branch type="ELSE IF" condition="&quot;${valor}&quot; == &quot;estrutura DOM (nth-child)&quot;">
<kw name="Get Text" owner="SeleniumLibrary">
<var>${t1}</var>
<arg>${estrutura_dom}</arg>
<doc>Returns the text value of the element identified by ``locator``.</doc>
<status status="NOT RUN" start="2026-02-26T01:13:28.955427" elapsed="0.000029"/>
</kw>
<kw name="Should Not Be Empty" owner="BuiltIn">
<arg>${t1}</arg>
<doc>Verifies that the given item is not empty.</doc>
<status status="NOT RUN" start="2026-02-26T01:13:28.955566" elapsed="0.000026"/>
</kw>
<status status="NOT RUN" start="2026-02-26T01:13:28.955280" elapsed="0.000349"/>
</branch>
<branch type="ELSE IF" condition="&quot;${valor}&quot; == &quot;atributo parcial&quot;">
<kw name="Get Element Attribute" owner="SeleniumLibrary">
<var>${atributo}</var>
<arg>${atributo_parcial}</arg>
<arg>src</arg>
<doc>Returns the value of ``attribute`` from the element ``locator``.</doc>
<status status="NOT RUN" start="2026-02-26T01:13:28.955762" elapsed="0.000026"/>
</kw>
<kw name="Should Contain" owner="BuiltIn">
<arg>${atributo}</arg>
<arg>avatar</arg>
<doc>Fails if ``container`` does not contain ``item`` one or more times.</doc>
<status status="NOT RUN" start="2026-02-26T01:13:28.955907" elapsed="0.000027"/>
</kw>
<status status="NOT RUN" start="2026-02-26T01:13:28.955662" elapsed="0.000312"/>
</branch>
<branch type="ELSE IF" condition="&quot;${valor}&quot; == &quot;hierarquia (parent &gt; child)&quot;">
<kw name="Get Text" owner="SeleniumLibrary">
<var>${t2}</var>
<arg>${hierarquia}</arg>
<doc>Returns the text value of the element identified by ``locator``.</doc>
<status status="NOT RUN" start="2026-02-26T01:13:28.956108" elapsed="0.000024"/>
</kw>
<kw name="Should Not Be Empty" owner="BuiltIn">
<arg>${t2}</arg>
<doc>Verifies that the given item is not empty.</doc>
<status status="NOT RUN" start="2026-02-26T01:13:28.956228" elapsed="0.000024"/>
</kw>
<status status="NOT RUN" start="2026-02-26T01:13:28.956008" elapsed="0.000278"/>
</branch>
<branch type="ELSE IF" condition="&quot;${valor}&quot; == &quot;XPath&quot;">
<kw name="Get Text" owner="SeleniumLibrary">
<var>${t3}</var>
<arg>${xpath}</arg>
<doc>Returns the text value of the element identified by ``locator``.</doc>
<status status="NOT RUN" start="2026-02-26T01:13:28.956414" elapsed="0.000027"/>
</kw>
<kw name="Should Not Be Empty" owner="BuiltIn">
<arg>${t3}</arg>
<doc>Verifies that the given item is not empty.</doc>
<status status="NOT RUN" start="2026-02-26T01:13:28.956535" elapsed="0.000027"/>
</kw>
<status status="NOT RUN" start="2026-02-26T01:13:28.956319" elapsed="0.000278"/>
</branch>
<status status="PASS" start="2026-02-26T01:13:28.948065" elapsed="0.008565"/>
</if>
<kw name="Reload Page" owner="SeleniumLibrary">
<doc>Simulates user reloading page.</doc>
<status status="PASS" start="2026-02-26T01:13:28.956715" elapsed="0.117102"/>
</kw>
<var name="${i}">1</var>
<status status="PASS" start="2026-02-26T01:13:28.940505" elapsed="0.133383"/>
</iter>
<iter>
<kw name="Wait Until Page Contains Element" owner="SeleniumLibrary">
<arg>${css_selector}</arg>
<arg>10s</arg>
<doc>Waits until the element ``locator`` appears on the current page.</doc>
<status status="PASS" start="2026-02-26T01:13:29.074259" elapsed="0.004612"/>
</kw>
<if>
<branch type="IF" condition="&quot;${valor}&quot; == &quot;texto visível&quot;">
<kw name="Page Should Contain Element" owner="SeleniumLibrary">
<msg time="2026-02-26T01:13:29.086060" level="INFO">Current page contains element 'xpath=//a[normalize-space(.)='click here']'.</msg>
<arg>${texto_visivel}</arg>
<doc>Verifies that element ``locator`` is found on the current page.</doc>
<status status="PASS" start="2026-02-26T01:13:29.079489" elapsed="0.006653"/>
</kw>
<status status="PASS" start="2026-02-26T01:13:29.079077" elapsed="0.007127"/>
</branch>
<branch type="ELSE IF" condition="&quot;${valor}&quot; == &quot;estrutura DOM (nth-child)&quot;">
<kw name="Get Text" owner="SeleniumLibrary">
<var>${t1}</var>
<arg>${estrutura_dom}</arg>
<doc>Returns the text value of the element identified by ``locator``.</doc>
<status status="NOT RUN" start="2026-02-26T01:13:29.086402" elapsed="0.000029"/>
</kw>
<kw name="Should Not Be Empty" owner="BuiltIn">
<arg>${t1}</arg>
<doc>Verifies that the given item is not empty.</doc>
<status status="NOT RUN" start="2026-02-26T01:13:29.086536" elapsed="0.000027"/>
</kw>
<status status="NOT RUN" start="2026-02-26T01:13:29.086251" elapsed="0.000347"/>
</branch>
<branch type="ELSE IF" condition="&quot;${valor}&quot; == &quot;atributo parcial&quot;">
<kw name="Get Element Attribute" owner="SeleniumLibrary">
<var>${atributo}</var>
<arg>${atributo_parcial}</arg>
<arg>src</arg>
<doc>Returns the value of ``attribute`` from the element ``locator``.</doc>
<status status="NOT RUN" start="2026-02-26T01:13:29.086731" elapsed="0.000025"/>
</kw>
<kw name="Should Contain" owner="BuiltIn">
<arg>${atributo}</arg>
<arg>avatar</arg>
<doc>Fails if ``container`` does not contain ``item`` one or more times.</doc>
<status status="NOT RUN" start="2026-02-26T01:13:29.086856" elapsed="0.000025"/>
</kw>
<status status="NOT RUN" start="2026-02-26T01:13:29.086632" elapsed="0.000286"/>
</branch>
<branch type="ELSE IF" condition="&quot;${valor}&quot; == &quot;hierarquia (parent &gt; child)&quot;">
<kw name="Get Text" owner="SeleniumLibrary">
<var>${t2}</var>
<arg>${hierarquia}</arg>
<doc>Returns the text value of the element identified by ``locator``.</doc>
<status status="NOT RUN" start="2026-02-26T01:13:29.087053" elapsed="0.000025"/>
</kw>
<kw name="Should Not Be Empty" owner="BuiltIn">
<arg>${t2}</arg>
<doc>Verifies that the given item is not empty.</doc>
<status status="NOT RUN" start="2026-02-26T01:13:29.087177" elapsed="0.000026"/>
</kw>
<status status="NOT RUN" start="2026-02-26T01:13:29.086951" elapsed="0.000287"/>
</branch>
<branch type="ELSE IF" condition="&quot;${valor}&quot; == &quot;XPath&quot;">
<kw name="Get Text" owner="SeleniumLibrary">
<var>${t3}</var>
<arg>${xpath}</arg>
<doc>Returns the text value of the element identified by ``locator``.</doc>
<status status="NOT RUN" start="2026-02-26T01:13:29.087367" elapsed="0.000026"/>
</kw>
<kw name="Should Not Be Empty" owner="BuiltIn">
<arg>${t3}</arg>
<doc>Verifies that the given item is not empty.</doc>
<status status="NOT RUN" start="2026-02-26T01:13:29.087490" elapsed="0.000025"/>
</kw>
<status status="NOT RUN" start="2026-02-26T01:13:29.087271" elapsed="0.000282"/>
</branch>
<status status="PASS" start="2026-02-26T01:13:29.079035" elapsed="0.008551"/>
</if>
<kw name="Reload Page" owner="SeleniumLibrary">
<doc>Simulates user reloading page.</doc>
<status status="PASS" start="2026-02-26T01:13:29.087671" elapsed="0.191518"/>
</kw>
<var name="${i}">2</var>
<status status="PASS" start="2026-02-26T01:13:29.074124" elapsed="0.205251"/>
</iter>
<iter>
<kw name="Wait Until Page Contains Element" owner="SeleniumLibrary">
<arg>${css_selector}</arg>
<arg>10s</arg>
<doc>Waits until the element ``locator`` appears on the current page.</doc>
<status status="PASS" start="2026-02-26T01:13:29.280010" elapsed="0.004777"/>
</kw>
<if>
<branch type="IF" condition="&quot;${valor}&quot; == &quot;texto visível&quot;">
[...]
 body=None 
 </msg>
<msg time="2026-02-26T01:14:20.785250" level="INFO">GET Response : url=http://127.0.0.1:5050/products 
 status=200, reason=OK 
 headers={'Server': 'Werkzeug/3.1.6 Python/3.14.2', 'Date': 'Thu, 26 Feb 2026 04:14:20 GMT', 'Content-Type': 'application/json', 'Content-Length': '246', 'Connection': 'close'} 
 body=[{"category":"mock","description":"Mock item","id":1,"image":"https://example.com/p.png","price":100.0,"title":"Product"},{"category":"mock","description":"Mock item 2","id":2,"image":"https://example.com/p2.png","price":50.5,"title":"Another"}]
 
 </msg>
<msg time="2026-02-26T01:14:20.785384" level="INFO">${resp} = &lt;Response [200]&gt;</msg>
<var>${resp}</var>
<arg>mock</arg>
<arg>/products</arg>
<arg>expected_status=ANY</arg>
<doc>Sends a GET request on a previously created HTTP Session.</doc>
<status status="PASS" start="2026-02-26T01:14:20.782818" elapsed="0.002591"/>
</kw>
<if>
<branch type="IF" condition="${i} &lt;= 10">
<kw name="Should Be Equal As Integers" owner="BuiltIn">
<msg time="2026-02-26T01:14:20.786432" level="INFO">Argument types are:
&lt;class 'int'&gt;
&lt;class 'str'&gt;</msg>
<arg>${resp.status_code}</arg>
<arg>200</arg>
<doc>Fails if objects are unequal after converting them to integers.</doc>
<status status="PASS" start="2026-02-26T01:14:20.785775" elapsed="0.000723"/>
</kw>
<status status="PASS" start="2026-02-26T01:14:20.785502" elapsed="0.001031"/>
</branch>
<branch type="ELSE">
<kw name="Should Be Equal As Integers" owner="BuiltIn">
<arg>${resp.status_code}</arg>
<arg>429</arg>
<doc>Fails if objects are unequal after converting them to integers.</doc>
<status status="NOT RUN" start="2026-02-26T01:14:20.786649" elapsed="0.000018"/>
</kw>
<kw name="Should Contain" owner="BuiltIn">
<arg>${resp.text}</arg>
<arg>Rate limit</arg>
<doc>Fails if ``container`` does not contain ``item`` one or more times.</doc>
<status status="NOT RUN" start="2026-02-26T01:14:20.786765" elapsed="0.000031"/>
</kw>
<status status="NOT RUN" start="2026-02-26T01:14:20.786557" elapsed="0.000265"/>
</branch>
<status status="PASS" start="2026-02-26T01:14:20.785477" elapsed="0.001363"/>
</if>
<var name="${i}">8</var>
<status status="PASS" start="2026-02-26T01:14:20.782746" elapsed="0.004115"/>
</iter>
<iter>
<kw name="GET On Session" owner="RequestsLibrary">
<msg time="2026-02-26T01:14:20.789103" level="INFO">GET Request : url=http://127.0.0.1:5050/products 
 path_url=/products 
 headers={'User-Agent': 'python-requests/2.32.5', 'Accept-Encoding': 'gzip, deflate, zstd', 'Accept': '*/*', 'Connection': 'keep-alive'} 
 body=None 
 </msg>
<msg time="2026-02-26T01:14:20.789161" level="INFO">GET Response : url=http://127.0.0.1:5050/products 
 status=200, reason=OK 
 headers={'Server': 'Werkzeug/3.1.6 Python/3.14.2', 'Date': 'Thu, 26 Feb 2026 04:14:20 GMT', 'Content-Type': 'application/json', 'Content-Length': '246', 'Connection': 'close'} 
 body=[{"category":"mock","description":"Mock item","id":1,"image":"https://example.com/p.png","price":100.0,"title":"Product"},{"category":"mock","description":"Mock item 2","id":2,"image":"https://example.com/p2.png","price":50.5,"title":"Another"}]
 
 </msg>
<msg time="2026-02-26T01:14:20.789265" level="INFO">${resp} = &lt;Response [200]&gt;</msg>
<var>${resp}</var>
<arg>mock</arg>
<arg>/products</arg>
<arg>expected_status=ANY</arg>
<doc>Sends a GET request on a previously created HTTP Session.</doc>
<status status="PASS" start="2026-02-26T01:14:20.787056" elapsed="0.002233"/>
</kw>
<if>
<branch type="IF" condition="${i} &lt;= 10">
<kw name="Should Be Equal As Integers" owner="BuiltIn">
<msg time="2026-02-26T01:14:20.790331" level="INFO">Argument types are:
&lt;class 'int'&gt;
&lt;class 'str'&gt;</msg>
<arg>${resp.status_code}</arg>
<arg>200</arg>
<doc>Fails if objects are unequal after converting them to integers.</doc>
<status status="PASS" start="2026-02-26T01:14:20.789585" elapsed="0.000828"/>
</kw>
<status status="PASS" start="2026-02-26T01:14:20.789383" elapsed="0.001102"/>
</branch>
<branch type="ELSE">
<kw name="Should Be Equal As Integers" owner="BuiltIn">
<arg>${resp.status_code}</arg>
<arg>429</arg>
<doc>Fails if objects are unequal after converting them to integers.</doc>
<status status="NOT RUN" start="2026-02-26T01:14:20.790655" elapsed="0.000033"/>
</kw>
<kw name="Should Contain" owner="BuiltIn">
<arg>${resp.text}</arg>
<arg>Rate limit</arg>
<doc>Fails if ``container`` does not contain ``item`` one or more times.</doc>
<status status="NOT RUN" start="2026-02-26T01:14:20.790805" elapsed="0.000015"/>
</kw>
<status status="NOT RUN" start="2026-02-26T01:14:20.790534" elapsed="0.000341"/>
</branch>
<status status="PASS" start="2026-02-26T01:14:20.789350" elapsed="0.001543"/>
</if>
<var name="${i}">9</var>
<status status="PASS" start="2026-02-26T01:14:20.786987" elapsed="0.003929"/>
</iter>
<iter>
<kw name="GET On Session" owner="RequestsLibrary">
<msg time="2026-02-26T01:14:20.793572" level="INFO">GET Request : url=http://127.0.0.1:5050/products 
 path_url=/products 
 headers={'User-Agent': 'python-requests/2.32.5', 'Accept-Encoding': 'gzip, deflate, zstd', 'Accept': '*/*', 'Connection': 'keep-alive'} 
 body=None 
 </msg>
<msg time="2026-02-26T01:14:20.793637" level="INFO">GET Response : url=http://127.0.0.1:5050/products 
 status=200, reason=OK 
 headers={'Server': 'Werkzeug/3.1.6 Python/3.14.2', 'Date': 'Thu, 26 Feb 2026 04:14:20 GMT', 'Content-Type': 'application/json', 'Content-Length': '246', 'Connection': 'close'} 
 body=[{"category":"mock","description":"Mock item","id":1,"image":"https://example.com/p.png","price":100.0,"title":"Product"},{"category":"mock","description":"Mock item 2","id":2,"image":"https://example.com/p2.png","price":50.5,"title":"Another"}]
 
 </msg>
<msg time="2026-02-26T01:14:20.793750" level="INFO">${resp} = &lt;Response [200]&gt;</msg>
<var>${resp}</var>
<arg>mock</arg>
<arg>/products</arg>
<arg>expected_status=ANY</arg>
<doc>Sends a GET request on a previously created HTTP Session.</doc>
<status status="PASS" start="2026-02-26T01:14:20.791174" elapsed="0.002599"/>
</kw>
<if>
<branch type="IF" condition="${i} &lt;= 10">
<kw name="Should Be Equal As Integers" owner="BuiltIn">
<msg time="2026-02-26T01:14:20.794646" level="INFO">Argument types are:
&lt;class 'int'&gt;
&lt;class 'str'&gt;</msg>
<arg>${resp.status_code}</arg>
<arg>200</arg>
<doc>Fails if objects are unequal after converting them to integers.</doc>
<status status="PASS" start="2026-02-26T01:14:20.794058" elapsed="0.000638"/>
</kw>
<status status="PASS" start="2026-02-26T01:14:20.793863" elapsed="0.000867"/>
</branch>
<branch type="ELSE">
<kw name="Should Be Equal As Integers" owner="BuiltIn">
<arg>${resp.status_code}</arg>
<arg>429</arg>
<doc>Fails if objects are unequal after converting them to integers.</doc>
<status status="NOT RUN" start="2026-02-26T01:14:20.794843" elapsed="0.000018"/>
</kw>
<kw name="Should Contain" owner="BuiltIn">
<arg>${resp.text}</arg>
<arg>Rate limit</arg>
<doc>Fails if ``container`` does not contain ``item`` one or more times.</doc>
<status status="NOT RUN" start="2026-02-26T01:14:20.794945" elapsed="0.000015"/>
</kw>
<status status="NOT RUN" start="2026-02-26T01:14:20.794755" elapsed="0.000233"/>
</branch>
<status status="PASS" start="2026-02-26T01:14:20.793842" elapsed="0.001179"/>
</if>
<var name="${i}">10</var>
<status status="PASS" start="2026-02-26T01:14:20.791087" elapsed="0.003959"/>
</iter>
<iter>
<kw name="GET On Session" owner="RequestsLibrary">
<msg time="2026-02-26T01:14:20.805938" level="INFO">GET Request : url=http://127.0.0.1:5050/products 
 path_url=/products 
 headers={'User-Agent': 'python-requests/2.32.5', 'Accept-Encoding': 'gzip, deflate, zstd', 'Accept': '*/*', 'Connection': 'keep-alive'} 
 body=None 
 </msg>
<msg time="2026-02-26T01:14:20.806004" level="INFO">GET Response : url=http://127.0.0.1:5050/products 
 status=429, reason=TOO MANY REQUESTS 
 headers={'Server': 'Werkzeug/3.1.6 Python/3.14.2', 'Date': 'Thu, 26 Feb 2026 04:14:20 GMT', 'Content-Type': 'application/json', 'Content-Length': '32', 'Connection': 'close'} 
 body={"error":"Rate limit exceeded"}
 
 </msg>
<msg time="2026-02-26T01:14:20.806119" level="INFO">${resp} = &lt;Response [429]&gt;</msg>
<var>${resp}</var>
<arg>mock</arg>
<arg>/products</arg>
<arg>expected_status=ANY</arg>
<doc>Sends a GET request on a previously created HTTP Session.</doc>
<status status="PASS" start="2026-02-26T01:14:20.795247" elapsed="0.010897"/>
</kw>
<if>
<branch type="IF" condition="${i} &lt;= 10">
<kw name="Should Be Equal As Integers" owner="BuiltIn">
<arg>${resp.status_code}</arg>
<arg>200</arg>
<doc>Fails if objects are unequal after converting them to integers.</doc>
<status status="NOT RUN" start="2026-02-26T01:14:20.806432" elapsed="0.000019"/>
</kw>
<status status="NOT RUN" start="2026-02-26T01:14:20.806235" elapsed="0.000248"/>
</branch>
<branch type="ELSE">
<kw name="Should Be Equal As Integers" owner="BuiltIn">
<msg time="2026-02-26T01:14:20.807148" level="INFO">Argument types are:
&lt;class 'int'&gt;
&lt;class 'str'&gt;</msg>
<arg>${resp.status_code}</arg>
<arg>429</arg>
<doc>Fails if objects are unequal after converting them to integers.</doc>
<status status="PASS" start="2026-02-26T01:14:20.806583" elapsed="0.000614"/>
</kw>
<kw name="Should Contain" owner="BuiltIn">
<arg>${resp.text}</arg>
<arg>Rate limit</arg>
<doc>Fails if ``container`` does not contain ``item`` one or more times.</doc>
<status status="PASS" start="2026-02-26T01:14:20.807295" elapsed="0.000498"/>
</kw>
<status status="PASS" start="2026-02-26T01:14:20.806504" elapsed="0.001325"/>
</branch>
<status status="PASS" start="2026-02-26T01:14:20.806213" elapsed="0.001637"/>
</if>
<var name="${i}">11</var>
<status status="PASS" start="2026-02-26T01:14:20.795175" elapsed="0.012698"/>
</iter>
<iter>
<kw name="GET On Session" owner="RequestsLibrary">
<msg time="2026-02-26T01:14:20.810218" level="INFO">GET Request : url=http://127.0.0.1:5050/products 
 path_url=/products 
 headers={'User-Agent': 'python-requests/2.32.5', 'Accept-Encoding': 'gzip, deflate, zstd', 'Accept': '*/*', 'Connection': 'keep-alive'} 
 body=None 
 </msg>
<msg time="2026-02-26T01:14:20.810277" level="INFO">GET Response : url=http://127.0.0.1:5050/products 
 status=429, reason=TOO MANY REQUESTS 
 headers={'Server': 'Werkzeug/3.1.6 Python/3.14.2', 'Date': 'Thu, 26 Feb 2026 04:14:20 GMT', 'Content-Type': 'application/json', 'Content-Length': '32', 'Connection': 'close'} 
 body={"error":"Rate limit exceeded"}
 
 </msg>
<msg time="2026-02-26T01:14:20.810375" level="INFO">${resp} = &lt;Response [429]&gt;</msg>
<var>${resp}</var>
<arg>mock</arg>
<arg>/products</arg>
<arg>expected_status=ANY</arg>
<doc>Sends a GET request on a previously created HTTP Session.</doc>
<status status="PASS" start="2026-02-26T01:14:20.808089" elapsed="0.002309"/>
</kw>
<if>
<branch type="IF" condition="${i} &lt;= 10">
<kw name="Should Be Equal As Integers" owner="BuiltIn">
<arg>${resp.status_code}</arg>
<arg>200</arg>
<doc>Fails if objects are unequal after converting them to integers.</doc>
<status status="NOT RUN" start="2026-02-26T01:14:20.810650" elapsed="0.000019"/>
</kw>
<status status="NOT RUN" start="2026-02-26T01:14:20.810476" elapsed="0.000224"/>
</branch>
<branch type="ELSE">
<kw name="Should Be Equal As Integers" owner="BuiltIn">
<msg time="2026-02-26T01:14:20.811355" level="INFO">Argument types are:
&lt;class 'int'&gt;
&lt;class 'str'&gt;</msg>
<arg>${resp.status_code}</arg>
<arg>429</arg>
<doc>Fails if objects are unequal after converting them to integers.</doc>
<status status="PASS" start="2026-02-26T01:14:20.810800" elapsed="0.000604"/>
</kw>
<kw name="Should Contain" owner="BuiltIn">
<arg>${resp.text}</arg>
<arg>Rate limit</arg>
<doc>Fails if ``container`` does not contain ``item`` one or more times.</doc>
<status status="PASS" start="2026-02-26T01:14:20.811496" elapsed="0.000497"/>
</kw>
<status status="PASS" start="2026-02-26T01:14:20.810722" elapsed="0.001307"/>
</branch>
<status status="PASS" start="2026-02-26T01:14:20.810458" elapsed="0.001592"/>
</if>
<var name="${i}">12</var>
<status status="PASS" start="2026-02-26T01:14:20.808010" elapsed="0.004063"/>
</iter>
<var>${i}</var>
<value>1</value>
<value>13</value>
<status status="PASS" start="2026-02-26T01:14:20.752369" elapsed="0.059729"/>
</for>
<status status="PASS" start="2026-02-26T01:14:20.748393" elapsed="0.063758"/>
</kw>
<kw name="Stop Mock Server" owner="002resourcetestteardown" type="TEARDOWN">
<kw name="Run Keyword And Ignore Error" owner="BuiltIn">
<kw name="Terminate Process" owner="Process">
<msg time="2026-02-26T01:14:20.813007" level="INFO">Gracefully terminating process.</msg>
<msg time="2026-02-26T01:14:20.913728" level="INFO">Process completed.</msg>
<arg>${MOCK_PROC}</arg>
<doc>Stops the process gracefully or forcefully.</doc>
<status status="PASS" start="2026-02-26T01:14:20.812809" elapsed="0.101073"/>
</kw>
<arg>Terminate Process</arg>
<arg>${MOCK_PROC}</arg>
<doc>Runs the given keyword with the given arguments and ignores possible error.</doc>
<status status="PASS" start="2026-02-26T01:14:20.812563" elapsed="0.101409"/>
</kw>
<status status="PASS" start="2026-02-26T01:14:20.812326" elapsed="0.101761"/>
</kw>
<doc>Pré condição:

Usuario  e senha cadastrado</doc>
<tag>7.1test</tag>
<tag>MOCKSMAGAZORD</tag>
<tag>regression</tag>
<status status="PASS" start="2026-02-26T01:14:20.167231" elapsed="0.746912"/>
</test>
<doc>Este caso de teste tem como objetivo adicionar um produto ao carrinho</doc>
<status status="PASS" start="2026-02-26T01:14:19.798935" elapsed="1.115575"/>
</suite>
<status status="PASS" start="2026-02-26T01:14:19.796320" elapsed="1.119175"/>
</suite>
<status status="PASS" start="2026-02-26T01:14:19.795094" elapsed="1.120894"/>
</suite>
<status status="PASS" start="2026-02-26T01:14:19.793761" elapsed="1.122654"/>
</suite>
<status status="FAIL" start="2026-02-26T01:13:13.810317" elapsed="67.106552"/>
</suite>
<statistics>
<total>
<stat pass="8" fail="2" skip="0">All Tests</stat>
</total>
<tag>
<stat pass="1" fail="0" skip="0">1.1test</stat>
<stat pass="0" fail="1" skip="0">1.2test</stat>
<stat pass="1" fail="0" skip="0">2.1test</stat>
<stat pass="1" fail="0" skip="0">2.2test</stat>
<stat pass="1" fail="0" skip="0">3.1test</stat>
<stat pass="1" fail="0" skip="0">4.1test</stat>
<stat pass="0" fail="1" skip="0">5.1test</stat>
<stat pass="1" fail="0" skip="0">6.1test</stat>
<stat pass="1" fail="0" skip="0">6.2test</stat>
<stat pass="1" fail="0" skip="0">7.1test</stat>
<stat pass="1" fail="1" skip="0">APIMAGAZORD</stat>
<stat pass="1" fail="0" skip="0">ARQUIVOSMAGAZORD</stat>
<stat pass="3" fail="0" skip="0">E2EMAGAZORD</stat>
<stat pass="1" fail="0" skip="0">FRONTENDMAGAZORD</stat>
<stat pass="0" fail="1" skip="0">MOBILEMAGAZORD</stat>
<stat pass="1" fail="0" skip="0">MOCKSMAGAZORD</stat>
<stat pass="1" fail="0" skip="0">PIRAMIDEMAGAZORD</stat>
<stat pass="8" fail="2" skip="0">regression</stat>
</tag>
<suite>
<stat name="TesteMagazord" id="s1" pass="8" fail="2" skip="0">TesteMagazord</stat>
<stat name="Parte1-Api" id="s1-s1" pass="1" fail="1" skip="0">TesteMagazord.Parte1-Api</stat>
<stat name="Questao1.1" id="s1-s1-s1" pass="1" fail="1" skip="0">TesteMagazord.Parte1-Api.Questao1.1</stat>
<stat name="Tests" id="s1-s1-s1-s1" pass="1" fail="1" skip="0">TesteMagazord.Parte1-Api.Questao1.1.Tests</stat>
<stat name="1.1Test" id="s1-s1-s1-s1-s1" pass="1" fail="0" skip="0">TesteMagazord.Parte1-Api.Questao1.1.Tests.1.1Test</stat>
<stat name="1.2Test" id="s1-s1-s1-s1-s2" pass="0" fail="1" skip="0">TesteMagazord.Parte1-Api.Questao1.1.Tests.1.2Test</stat>
<stat name="Parte2-2E2" id="s1-s2" pass="2" fail="0" skip="0">TesteMagazord.Parte2-2E2</stat>
<stat name="Questao2.1" id="s1-s2-s1" pass="1" fail="0" skip="0">TesteMagazord.Parte2-2E2.Questao2.1</stat>
<stat name="2.1Test" id="s1-s2-s1-s1" pass="1" fail="0" skip="0">TesteMagazord.Parte2-2E2.Questao2.1.2.1Test</stat>
<stat name="Questao2.2" id="s1-s2-s2" pass="1" fail="0" skip="0">TesteMagazord.Parte2-2E2.Questao2.2</stat>
<stat name="2.2Test" id="s1-s2-s2-s1" pass="1" fail="0" skip="0">TesteMagazord.Parte2-2E2.Questao2.2.2.2Test</stat>
<stat name="Parte3-Frontend" id="s1-s3" pass="1" fail="0" skip="0">TesteMagazord.Parte3-Frontend</stat>
<stat name="Questao3.1" id="s1-s3-s1" pass="1" fail="0" skip="0">TesteMagazord.Parte3-Frontend.Questao3.1</stat>
<stat name="Tests" id="s1-s3-s1-s1" pass="1" fail="0" skip="0">TesteMagazord.Parte3-Frontend.Questao3.1.Tests</stat>
<stat name="3.1Test" id="s1-s3-s1-s1-s1" pass="1" fail="0" skip="0">TesteMagazord.Parte3-Frontend.Questao3.1.Tests.3.1Test</stat>
<stat name="Parte4-Arquivos" id="s1-s4" pass="1" fail="0" skip="0">TesteMagazord.Parte4-Arquivos</stat>
<stat name="Questao4.1" id="s1-s4-s1" pass="1" fail="0" skip="0">TesteMagazord.Parte4-Arquivos.Questao4.1</stat>
<stat name="Tests" id="s1-s4-s1-s1" pass="1" fail="0" skip="0">TesteMagazord.Parte4-Arquivos.Questao4.1.Tests</stat>
<stat name="4.1Test" id="s1-s4-s1-s1-s1" pass="1" fail="0" skip="0">TesteMagazord.Parte4-Arquivos.Questao4.1.Tests.4.1Test</stat>
<stat name="Parte5-Mobile" id="s1-s5" pass="0" fail="1" skip="0">TesteMagazord.Parte5-Mobile</stat>
<stat name="Questao5.1" id="s1-s5-s1" pass="0" fail="1" skip="0">TesteMagazord.Parte5-Mobile.Questao5.1</stat>
<stat name="Testes" id="s1-s5-s1-s1" pass="0" fail="1" skip="0">TesteMagazord.Parte5-Mobile.Questao5.1.Testes</stat>
<stat name="5.1Test.Robot" id="s1-s5-s1-s1-s1" pass="0" fail="1" skip="0">TesteMagazord.Parte5-Mobile.Questao5.1.Testes.5.1Test.Robot</stat>
<stat name="Parte6-Piramide" id="s1-s6" pass="2" fail="0" skip="0">TesteMagazord.Parte6-Piramide</stat>
<stat name="Questao6.1" id="s1-s6-s1" pass="2" fail="0" skip="0">TesteMagazord.Parte6-Piramide.Questao6.1</stat>
<stat name="Tests" id="s1-s6-s1-s1" pass="2" fail="0" skip="0">TesteMagazord.Parte6-Piramide.Questao6.1.Tests</stat>
<stat name="6.1Test" id="s1-s6-s1-s1-s1" pass="1" fail="0" skip="0">TesteMagazord.Parte6-Piramide.Questao6.1.Tests.6.1Test</stat>
<stat name="6.2Test" id="s1-s6-s1-s1-s2" pass="1" fail="0" skip="0">TesteMagazord.Parte6-Piramide.Questao6.1.Tests.6.2Test</stat>
<stat name="Parte7-Mocks" id="s1-s7" pass="1" fail="0" skip="0">TesteMagazord.Parte7-Mocks</stat>
<stat name="Questao7.1" id="s1-s7-s1" pass="1" fail="0" skip="0">TesteMagazord.Parte7-Mocks.Questao7.1</stat>
<stat name="Tests" id="s1-s7-s1-s1" pass="1" fail="0" skip="0">TesteMagazord.Parte7-Mocks.Questao7.1.Tests</stat>
<stat name="7.1Test" id="s1-s7-s1-s1-s1" pass="1" fail="0" skip="0">TesteMagazord.Parte7-Mocks.Questao7.1.Tests.7.1Test</stat>
</suite>
</statistics>
<errors>
<msg time="2026-02-26T01:13:41.644883" level="WARN">Retrying (Retry(total=2, connect=None, read=None, redirect=None, status=None)) after connection broken by 'NewConnectionError("HTTPConnection(host='127.0.0.1', port=4723): Failed to establish a new connection: [WinError 10061] Nenhuma conexão pôde ser feita porque a máquina de destino as recusou ativamente")': /wd/hub/session</msg>
<msg time="2026-02-26T01:13:43.691182" level="WARN">Retrying (Retry(total=1, connect=None, read=None, redirect=None, status=None)) after connection broken by 'NewConnectionError("HTTPConnection(host='127.0.0.1', port=4723): Failed to establish a new connection: [WinError 10061] Nenhuma conexão pôde ser feita porque a máquina de destino as recusou ativamente")': /wd/hub/session</msg>
<msg time="2026-02-26T01:13:45.728711" level="WARN">Retrying (Retry(total=0, connect=None, read=None, redirect=None, status=None)) after connection broken by 'NewConnectionError("HTTPConnection(host='127.0.0.1', port=4723): Failed to establish a new connection: [WinError 10061] Nenhuma conexão pôde ser feita porque a máquina de destino as recusou ativamente")': /wd/hub/session</msg>
<msg time="2026-02-26T01:13:47.961145" level="WARN">Keyword 'Capture Page Screenshot' could not be run on failure: No application is open</msg>
</errors>
</robot>
