<?xml version="1.0" encoding="UTF-8"?>
<robot generator="Robot 7.4.1 (Python 3.14.2 on win32)" generated="2026-02-26T01:21:21.554269" rpa="false" schemaversion="5">
<suite id="s1" name="TesteMagazord" source="E:\testemagazord\app\data\TesteMagazord">
<suite id="s1-s1" name="Parte1-Api" source="E:\testemagazord\app\data\TesteMagazord\parte1-api">
<suite id="s1-s1-s1" name="Questao1.1" source="E:\testemagazord\app\data\TesteMagazord\parte1-api\questao1.1">
<suite id="s1-s1-s1-s1" name="Tests" source="E:\testemagazord\app\data\TesteMagazord\parte1-api\questao1.1\tests">
<suite id="s1-s1-s1-s1-s1" name="1.1Test" source="E:\testemagazord\app\data\TesteMagazord\parte1-api\questao1.1\tests\1.1test.robot">
<test id="s1-s1-s1-s1-s1-t1" name="1.1test" line="7">
<kw name="Validar headers rate limit" owner="003tests">
<kw name="Criar sessao GitHub" owner="003tests">
<kw name="Create Session" owner="RequestsLibrary">
<msg time="2026-02-26T01:21:22.230944" level="INFO">Creating Session using : alias=magazord, url=https://api.github.com, headers={},                     cookies={}, auth=None, timeout=None, proxies=None, verify=True,                     debug=0 </msg>
<arg>${sessao}</arg>
<arg>${base_url}</arg>
<arg>verify=${True}</arg>
<doc>Create Session: create a HTTP session to a server</doc>
<status status="PASS" start="2026-02-26T01:21:22.230685" elapsed="0.000449"/>
</kw>
<status status="PASS" start="2026-02-26T01:21:22.229583" elapsed="0.001659"/>
</kw>
<kw name="Fazer GET usuario GitHub" owner="003tests">
<kw name="GET On Session" owner="RequestsLibrary">
<msg time="2026-02-26T01:21:22.803015" level="INFO">GET Request : url=https://api.github.com/users/github 
 path_url=/users/github 
 headers={'User-Agent': 'python-requests/2.32.5', 'Accept-Encoding': 'gzip, deflate, zstd', 'Accept': '*/*', 'Connection': 'keep-alive'} 
 body=None 
 </msg>
<msg time="2026-02-26T01:21:22.803160" level="INFO">GET Response : url=https://api.github.com/users/github 
 status=200, reason=OK 
 headers={'Date': 'Thu, 26 Feb 2026 04:21:24 GMT', 'Content-Type': 'application/json; charset=utf-8', 'Cache-Control': 'public, max-age=60, s-maxage=60', 'Vary': 'Accept,Accept-Encoding, Accept, X-Requested-With', 'ETag': 'W/"dac5f0aa7fecc0c82f521fd5b97247b2103fec0189a86a3e43813f2946876df3"', 'Last-Modified': 'Tue, 24 Feb 2026 15:58:00 GMT', 'X-GitHub-Media-Type': 'github.v3; format=json', 'x-github-api-version-selected': '2022-11-28', 'Access-Control-Expose-Headers': 'ETag, Link, Location, Retry-After, X-GitHub-OTP, X-RateLimit-Limit, X-RateLimit-Remaining, X-RateLimit-Used, X-RateLimit-Resource, X-RateLimit-Reset, X-OAuth-Scopes, X-Accepted-OAuth-Scopes, X-Poll-Interval, X-GitHub-Media-Type, X-GitHub-SSO, X-GitHub-Request-Id, Deprecation, Sunset', 'Access-Control-Allow-Origin': '*', 'Strict-Transport-Security': 'max-age=31536000; includeSubdomains; preload', 'X-Frame-Options': 'deny', 'X-Content-Type-Options': 'nosniff', 'X-XSS-Protection': '0', 'Referrer-Policy': 'origin-when-cross-origin, strict-origin-when-cross-origin', 'Content-Security-Policy': "default-src 'none'", 'Content-Encoding': 'gzip', 'Server': 'github.com', 'Accept-Ranges': 'bytes', 'X-RateLimit-Limit': '60', 'X-RateLimit-Remaining': '59', 'X-RateLimit-Reset': '1772083284', 'X-RateLimit-Resource': 'core', 'X-RateLimit-Used': '1', 'Content-Length': '519', 'X-GitHub-Request-Id': '7809:11E477:1D06C55:1FB1CC6:699FCA44'} 
 body={"login":"github","id":9919,"node_id":"MDEyOk9yZ2FuaXphdGlvbjk5MTk=","avatar_url":"https://avatars.githubusercontent.com/u/9919?v=4","gravatar_id":"","url":"https://api.github.com/users/github","html_url":"https://github.com/github","followers_url":"https://api.github.com/users/github/followers","following_url":"https://api.github.com/users/github/following{/other_user}","gists_url":"https://api.github.com/users/github/gists{/gist_id}","starred_url":"https://api.github.com/users/github/starred{/owner}{/repo}","subscriptions_url":"https://api.github.com/users/github/subscriptions","organizations_url":"https://api.github.com/users/github/orgs","repos_url":"https://api.github.com/users/github/repos","events_url":"https://api.github.com/users/github/events{/privacy}","received_events_url":"https://api.github.com/users/github/received_events","type":"Organization","user_view_type":"public","site_admin":false,"name":"GitHub","company":null,"blog":"https://github.com/about","location":"San Francisco, CA","email":null,"hireable":null,"bio":"How people build software.","twitter_username":null,"public_repos":539,"public_gists":0,"followers":69301,"following":0,"created_at":"2008-05-11T04:37:31Z","updated_at":"2026-02-24T15:58:00Z"} 
 </msg>
<msg time="2026-02-26T01:21:22.803297" level="INFO">${resp} = &lt;Response [200]&gt;</msg>
<var>${resp}</var>
<arg>${sessao}</arg>
<arg>${endpoint}</arg>
<doc>Sends a GET request on a previously created HTTP Session.</doc>
<status status="PASS" start="2026-02-26T01:21:22.231609" elapsed="0.571721"/>
</kw>
<return>
<value>${resp}</value>
<status status="PASS" start="2026-02-26T01:21:22.803412" elapsed="0.000060"/>
</return>
<msg time="2026-02-26T01:21:22.803622" level="INFO">${resp} = &lt;Response [200]&gt;</msg>
<var>${resp}</var>
<status status="PASS" start="2026-02-26T01:21:22.231399" elapsed="0.572251"/>
</kw>
<kw name="Should Be Equal As Integers" owner="BuiltIn">
<msg time="2026-02-26T01:21:22.804353" level="INFO">Argument types are:
&lt;class 'int'&gt;
&lt;class 'str'&gt;</msg>
<arg>${resp.status_code}</arg>
<arg>200</arg>
<doc>Fails if objects are unequal after converting them to integers.</doc>
<status status="PASS" start="2026-02-26T01:21:22.803776" elapsed="0.000640"/>
</kw>
<kw name="Dictionary Should Contain Key" owner="Collections">
<arg>${resp.headers}</arg>
<arg>X-RateLimit-Limit</arg>
<doc>Fails if ``key`` is not found from ``dictionary``.</doc>
<status status="PASS" start="2026-02-26T01:21:22.804528" elapsed="0.000407"/>
</kw>
<kw name="Dictionary Should Contain Key" owner="Collections">
<arg>${resp.headers}</arg>
<arg>X-RateLimit-Remaining</arg>
<doc>Fails if ``key`` is not found from ``dictionary``.</doc>
<status status="PASS" start="2026-02-26T01:21:22.805046" elapsed="0.000390"/>
</kw>
<kw name="Dictionary Should Contain Key" owner="Collections">
<arg>${resp.headers}</arg>
<arg>X-RateLimit-Reset</arg>
<doc>Fails if ``key`` is not found from ``dictionary``.</doc>
<status status="PASS" start="2026-02-26T01:21:22.805544" elapsed="0.000368"/>
</kw>
<kw name="Get From Dictionary" owner="Collections">
<msg time="2026-02-26T01:21:22.806431" level="INFO">${limit} = 60</msg>
<var>${limit}</var>
<arg>${resp.headers}</arg>
<arg>X-RateLimit-Limit</arg>
<doc>Returns a value from the given ``dictionary`` based on the given ``key``.</doc>
<status status="PASS" start="2026-02-26T01:21:22.806022" elapsed="0.000442"/>
</kw>
<kw name="Get From Dictionary" owner="Collections">
<msg time="2026-02-26T01:21:22.806970" level="INFO">${remaining} = 59</msg>
<var>${remaining}</var>
<arg>${resp.headers}</arg>
<arg>X-RateLimit-Remaining</arg>
<doc>Returns a value from the given ``dictionary`` based on the given ``key``.</doc>
<status status="PASS" start="2026-02-26T01:21:22.806574" elapsed="0.000425"/>
</kw>
<kw name="Get From Dictionary" owner="Collections">
<msg time="2026-02-26T01:21:22.807515" level="INFO">${reset} = 1772083284</msg>
<var>${reset}</var>
<arg>${resp.headers}</arg>
<arg>X-RateLimit-Reset</arg>
<doc>Returns a value from the given ``dictionary`` based on the given ``key``.</doc>
<status status="PASS" start="2026-02-26T01:21:22.807109" elapsed="0.000435"/>
</kw>
<kw name="Convert To Integer" owner="BuiltIn">
<msg time="2026-02-26T01:21:22.807922" level="INFO">${limit} = 60</msg>
<var>${limit}</var>
<arg>${limit}</arg>
<doc>Converts the given item to an integer number.</doc>
<status status="PASS" start="2026-02-26T01:21:22.807652" elapsed="0.000297"/>
</kw>
<kw name="Convert To Integer" owner="BuiltIn">
<msg time="2026-02-26T01:21:22.808304" level="INFO">${remaining} = 59</msg>
<var>${remaining}</var>
<arg>${remaining}</arg>
<doc>Converts the given item to an integer number.</doc>
<status status="PASS" start="2026-02-26T01:21:22.808054" elapsed="0.000277"/>
</kw>
<kw name="Convert To Integer" owner="BuiltIn">
<msg time="2026-02-26T01:21:22.808709" level="INFO">${reset} = 1772083284</msg>
<var>${reset}</var>
<arg>${reset}</arg>
<doc>Converts the given item to an integer number.</doc>
<status status="PASS" start="2026-02-26T01:21:22.808456" elapsed="0.000281"/>
</kw>
<kw name="Should Be True" owner="BuiltIn">
<arg>${limit} &gt; 0</arg>
<doc>Fails if the given condition is not true.</doc>
<status status="PASS" start="2026-02-26T01:21:22.808841" elapsed="0.000395"/>
</kw>
<kw name="Should Be True" owner="BuiltIn">
<arg>${remaining} &gt;= 0</arg>
<doc>Fails if the given condition is not true.</doc>
<status status="PASS" start="2026-02-26T01:21:22.809348" elapsed="0.000308"/>
</kw>
<kw name="Should Be True" owner="BuiltIn">
<arg>${reset} &gt; 0</arg>
<doc>Fails if the given condition is not true.</doc>
<status status="PASS" start="2026-02-26T01:21:22.809761" elapsed="0.000244"/>
</kw>
<kw name="Log" owner="BuiltIn">
<msg time="2026-02-26T01:21:22.810369" level="INFO">RateLimit: limit=60 remaining=59 reset=1772083284</msg>
<arg>RateLimit: limit=${limit} remaining=${remaining} reset=${reset}</arg>
<doc>Logs the given message with the given level.</doc>
<status status="PASS" start="2026-02-26T01:21:22.810111" elapsed="0.000302"/>
</kw>
<status status="PASS" start="2026-02-26T01:21:22.229255" elapsed="0.581222"/>
</kw>
<kw name="Nao bloquear testes" owner="003tests">
<kw name="Criar sessao GitHub" owner="003tests">
<kw name="Create Session" owner="RequestsLibrary">
<msg time="2026-02-26T01:21:22.811189" level="INFO">Creating Session using : alias=magazord, url=https://api.github.com, headers={},                     cookies={}, auth=None, timeout=None, proxies=None, verify=True,                     debug=0 </msg>
<arg>${sessao}</arg>
<arg>${base_url}</arg>
<arg>verify=${True}</arg>
<doc>Create Session: create a HTTP session to a server</doc>
<status status="PASS" start="2026-02-26T01:21:22.811011" elapsed="0.000309"/>
</kw>
<status status="PASS" start="2026-02-26T01:21:22.810828" elapsed="0.000558"/>
</kw>
<kw name="Fazer GET usuario GitHub" owner="003tests">
<kw name="GET On Session" owner="RequestsLibrary">
<msg time="2026-02-26T01:21:23.378112" level="INFO">GET Request : url=https://api.github.com/users/github 
 path_url=/users/github 
 headers={'User-Agent': 'python-requests/2.32.5', 'Accept-Encoding': 'gzip, deflate, zstd', 'Accept': '*/*', 'Connection': 'keep-alive'} 
 body=None 
 </msg>
<msg time="2026-02-26T01:21:23.378208" level="INFO">GET Response : url=https://api.github.com/users/github 
 status=200, reason=OK 
 headers={'Date': 'Thu, 26 Feb 2026 04:21:25 GMT', 'Content-Type': 'application/json; charset=utf-8', 'Cache-Control': 'public, max-age=60, s-maxage=60', 'Vary': 'Accept,Accept-Encoding, Accept, X-Requested-With', 'ETag': 'W/"dac5f0aa7fecc0c82f521fd5b97247b2103fec0189a86a3e43813f2946876df3"', 'Last-Modified': 'Tue, 24 Feb 2026 15:58:00 GMT', 'X-GitHub-Media-Type': 'github.v3; format=json', 'x-github-api-version-selected': '2022-11-28', 'Access-Control-Expose-Headers': 'ETag, Link, Location, Retry-After, X-GitHub-OTP, X-RateLimit-Limit, X-RateLimit-Remaining, X-RateLimit-Used, X-RateLimit-Resource, X-RateLimit-Reset, X-OAuth-Scopes, X-Accepted-OAuth-Scopes, X-Poll-Interval, X-GitHub-Media-Type, X-GitHub-SSO, X-GitHub-Request-Id, Deprecation, Sunset', 'Access-Control-Allow-Origin': '*', 'Strict-Transport-Security': 'max-age=31536000; includeSubdomains; preload', 'X-Frame-Options': 'deny', 'X-Content-Type-Options': 'nosniff', 'X-XSS-Protection': '0', 'Referrer-Policy': 'origin-when-cross-origin, strict-origin-when-cross-origin', 'Content-Security-Policy': "default-src 'none'", 'Content-Encoding': 'gzip', 'Server': 'github.com', 'Accept-Ranges': 'bytes', 'X-RateLimit-Limit': '60', 'X-RateLimit-Remaining': '39', 'X-RateLimit-Reset': '1772080644', 'X-RateLimit-Resource': 'core', 'X-RateLimit-Used': '21', 'Content-Length': '519', 'X-GitHub-Request-Id': '780A:4485C:1C3A287:1EE7B49:699FCA45'} 
 body={"login":"github","id":9919,"node_id":"MDEyOk9yZ2FuaXphdGlvbjk5MTk=","avatar_url":"https://avatars.githubusercontent.com/u/9919?v=4","gravatar_id":"","url":"https://api.github.com/users/github","html_url":"https://github.com/github","followers_url":"https://api.github.com/users/github/followers","following_url":"https://api.github.com/users/github/following{/other_user}","gists_url":"https://api.github.com/users/github/gists{/gist_id}","starred_url":"https://api.github.com/users/github/starred{/owner}{/repo}","subscriptions_url":"https://api.github.com/users/github/subscriptions","organizations_url":"https://api.github.com/users/github/orgs","repos_url":"https://api.github.com/users/github/repos","events_url":"https://api.github.com/users/github/events{/privacy}","received_events_url":"https://api.github.com/users/github/received_events","type":"Organization","user_view_type":"public","site_admin":false,"name":"GitHub","company":null,"blog":"https://github.com/about","location":"San Francisco, CA","email":null,"hireable":null,"bio":"How people build software.","twitter_username":null,"public_repos":539,"public_gists":0,"followers":69301,"following":0,"created_at":"2008-05-11T04:37:31Z","updated_at":"2026-02-24T15:58:00Z"} 
 </msg>
<msg time="2026-02-26T01:21:23.378333" level="INFO">${resp} = &lt;Response [200]&gt;</msg>
<var>${resp}</var>
<arg>${sessao}</arg>
<arg>${endpoint}</arg>
<doc>Sends a GET request on a previously created HTTP Session.</doc>
<status status="PASS" start="2026-02-26T01:21:22.811694" elapsed="0.566665"/>
</kw>
<return>
<value>${resp}</value>
<status status="PASS" start="2026-02-26T01:21:23.378436" elapsed="0.000053"/>
</return>
<msg time="2026-02-26T01:21:23.378627" level="INFO">${resp1} = &lt;Response [200]&gt;</msg>
<var>${resp1}</var>
<status status="PASS" start="2026-02-26T01:21:22.811514" elapsed="0.567140"/>
</kw>
<kw name="Rate limit guard" owner="003tests">
<kw name="Get From Dictionary" owner="Collections">
<msg time="2026-02-26T01:21:23.379586" level="INFO">${remaining} = 39</msg>
<var>${remaining}</var>
<arg>${resp.headers}</arg>
<arg>X-RateLimit-Remaining</arg>
<doc>Returns a value from the given ``dictionary`` based on the given ``key``.</doc>
<status status="PASS" start="2026-02-26T01:21:23.379151" elapsed="0.000463"/>
</kw>
<kw name="Get From Dictionary" owner="Collections">
<msg time="2026-02-26T01:21:23.380120" level="INFO">${reset} = 1772080644</msg>
<var>${reset}</var>
<arg>${resp.headers}</arg>
<arg>X-RateLimit-Reset</arg>
<doc>Returns a value from the given ``dictionary`` based on the given ``key``.</doc>
<status status="PASS" start="2026-02-26T01:21:23.379721" elapsed="0.000427"/>
</kw>
<kw name="Convert To Integer" owner="BuiltIn">
<msg time="2026-02-26T01:21:23.380531" level="INFO">${remaining} = 39</msg>
<var>${remaining}</var>
<arg>${remaining}</arg>
<doc>Converts the given item to an integer number.</doc>
<status status="PASS" start="2026-02-26T01:21:23.380256" elapsed="0.000302"/>
</kw>
<kw name="Convert To Integer" owner="BuiltIn">
<msg time="2026-02-26T01:21:23.380958" level="INFO">${reset} = 1772080644</msg>
<var>${reset}</var>
<arg>${reset}</arg>
<doc>Converts the given item to an integer number.</doc>
<status status="PASS" start="2026-02-26T01:21:23.380696" elapsed="0.000288"/>
</kw>
<if>
<branch type="IF" condition="${remaining} &lt;= ${THRESHOLD}">
<kw name="Get Current Date" owner="DateTime">
<var>${now}</var>
<arg>result_format=epoch</arg>
<doc>Returns current local or UTC time with an optional increment.</doc>
<status status="NOT RUN" start="2026-02-26T01:21:23.381272" elapsed="0.000028"/>
</kw>
<kw name="Evaluate" owner="BuiltIn">
<var>${wait_ms}</var>
<arg>max(0, (${reset}*1000) - (${now}*1000) + ${SAFETY_MS})</arg>
<doc>Evaluates the given expression in Python and returns the result.</doc>
<status status="NOT RUN" start="2026-02-26T01:21:23.381399" elapsed="0.000026"/>
</kw>
<kw name="Log" owner="BuiltIn">
<arg>[Guard] remaining=${remaining} -&gt; esperando ${wait_ms} ms até o reset</arg>
<doc>Logs the given message with the given level.</doc>
<status status="NOT RUN" start="2026-02-26T01:21:23.381517" elapsed="0.000024"/>
</kw>
<kw name="Sleep" owner="BuiltIn">
<arg>${wait_ms}ms</arg>
<doc>Pauses the test executed for the given time.</doc>
<status status="NOT RUN" start="2026-02-26T01:21:23.381644" elapsed="0.000025"/>
</kw>
<status status="NOT RUN" start="2026-02-26T01:21:23.381076" elapsed="0.000627"/>
</branch>
<branch type="ELSE">
<kw name="Log" owner="BuiltIn">
<msg time="2026-02-26T01:21:23.382064" level="INFO">[Guard] remaining=39 ok</msg>
<arg>[Guard] remaining=${remaining} ok</arg>
<doc>Logs the given message with the given level.</doc>
<status status="PASS" start="2026-02-26T01:21:23.381836" elapsed="0.000270"/>
</kw>
<status status="PASS" start="2026-02-26T01:21:23.381743" elapsed="0.000404"/>
</branch>
<status status="PASS" start="2026-02-26T01:21:23.381053" elapsed="0.001131"/>
</if>
<arg>${resp1}</arg>
<status status="PASS" start="2026-02-26T01:21:23.378891" elapsed="0.003338"/>
</kw>
<kw name="Fazer GET usuario GitHub" owner="003tests">
<kw name="GET On Session" owner="RequestsLibrary">
<msg time="2026-02-26T01:21:23.433366" level="INFO">GET Request : url=https://api.github.com/users/github 
 path_url=/users/github 
 headers={'User-Agent': 'python-requests/2.32.5', 'Accept-Encoding': 'gzip, deflate, zstd', 'Accept': '*/*', 'Connection': 'keep-alive'} 
 body=None 
 </msg>
<msg time="2026-02-26T01:21:23.433467" level="INFO">GET Response : url=https://api.github.com/users/github 
 status=200, reason=OK 
 headers={'Date': 'Thu, 26 Feb 2026 04:21:25 GMT', 'Content-Type': 'application/json; charset=utf-8', 'Cache-Control': 'public, max-age=60, s-maxage=60', 'Vary': 'Accept,Accept-Encoding, Accept, X-Requested-With', 'ETag': 'W/"dac5f0aa7fecc0c82f521fd5b97247b2103fec0189a86a3e43813f2946876df3"', 'Last-Modified': 'Tue, 24 Feb 2026 15:58:00 GMT', 'X-GitHub-Media-Type': 'github.v3; format=json', 'x-github-api-version-selected': '2022-11-28', 'Access-Control-Expose-Headers': 'ETag, Link, Location, Retry-After, X-GitHub-OTP, X-RateLimit-Limit, X-RateLimit-Remaining, X-RateLimit-Used, X-RateLimit-Resource, X-RateLimit-Reset, X-OAuth-Scopes, X-Accepted-OAuth-Scopes, X-Poll-Interval, X-GitHub-Media-Type, X-GitHub-SSO, X-GitHub-Request-Id, Deprecation, Sunset', 'Access-Control-Allow-Origin': '*', 'Strict-Transport-Security': 'max-age=31536000; includeSubdomains; preload', 'X-Frame-Options': 'deny', 'X-Content-Type-Options': 'nosniff', 'X-XSS-Protection': '0', 'Referrer-Policy': 'origin-when-cross-origin, strict-origin-when-cross-origin', 'Content-Security-Policy': "default-src 'none'", 'Content-Encoding': 'gzip', 'Server': 'github.com', 'Accept-Ranges': 'bytes', 'X-RateLimit-Limit': '60', 'X-RateLimit-Remaining': '38', 'X-RateLimit-Reset': '1772080644', 'X-RateLimit-Resource': 'core', 'X-RateLimit-Used': '22', 'Content-Length': '519', 'X-GitHub-Request-Id': '780A:4485C:1C3A2B3:1EE7B7A:699FCA45'} 
 body={"login":"github","id":9919,"node_id":"MDEyOk9yZ2FuaXphdGlvbjk5MTk=","avatar_url":"https://avatars.githubusercontent.com/u/9919?v=4","gravatar_id":"","url":"https://api.github.com/users/github","html_url":"https://github.com/github","followers_url":"https://api.github.com/users/github/followers","following_url":"https://api.github.com/users/github/following{/other_user}","gists_url":"https://api.github.com/users/github/gists{/gist_id}","starred_url":"https://api.github.com/users/github/starred{/owner}{/repo}","subscriptions_url":"https://api.github.com/users/github/subscriptions","organizations_url":"https://api.github.com/users/github/orgs","repos_url":"https://api.github.com/users/github/repos","events_url":"https://api.github.com/users/github/events{/privacy}","received_events_url":"https://api.github.com/users/github/received_events","type":"Organization","user_view_type":"public","site_admin":false,"name":"GitHub","company":null,"blog":"https://github.com/about","location":"San Francisco, CA","email":null,"hireable":null,"bio":"How people build software.","twitter_username":null,"public_repos":539,"public_gists":0,"followers":69301,"following":0,"created_at":"2008-05-11T04:37:31Z","updated_at":"2026-02-24T15:58:00Z"} 
 </msg>
<msg time="2026-02-26T01:21:23.433591" level="INFO">${resp} = &lt;Response [200]&gt;</msg>
<var>${resp}</var>
<arg>${sessao}</arg>
<arg>${endpoint}</arg>
<doc>Sends a GET request on a previously created HTTP Session.</doc>
<status status="PASS" start="2026-02-26T01:21:23.382545" elapsed="0.051073"/>
</kw>
<return>
<value>${resp}</value>
<status status="PASS" start="2026-02-26T01:21:23.433693" elapsed="0.000046"/>
</return>
<msg time="2026-02-26T01:21:23.433866" level="INFO">${resp2} = &lt;Response [200]&gt;</msg>
<var>${resp2}</var>
<status status="PASS" start="2026-02-26T01:21:23.382355" elapsed="0.051537"/>
</kw>
<kw name="Should Be True" owner="BuiltIn">
<arg>${resp2.status_code} in [200, 403]</arg>
<doc>Fails if the given condition is not true.</doc>
<status status="PASS" start="2026-02-26T01:21:23.434014" elapsed="0.000728"/>
</kw>
<status status="PASS" start="2026-02-26T01:21:22.810617" elapsed="0.624193"/>
</kw>
<kw name="Detectar rate limit atingido" owner="003tests">
<kw name="Criar sessao GitHub" owner="003tests">
<kw name="Create Session" owner="RequestsLibrary">
<msg time="2026-02-26T01:21:23.435590" level="INFO">Creating Session using : alias=magazord, url=https://api.github.com, headers={},                     cookies={}, auth=None, timeout=None, proxies=None, verify=True,                     debug=0 </msg>
<arg>${sessao}</arg>
<arg>${base_url}</arg>
<arg>verify=${True}</arg>
<doc>Create Session: create a HTTP session to a server</doc>
<status status="PASS" start="2026-02-26T01:21:23.435401" elapsed="0.000330"/>
</kw>
<status status="PASS" start="2026-02-26T01:21:23.435211" elapsed="0.000593"/>
</kw>
<kw name="Fazer GET usuario GitHub" owner="003tests">
<kw name="GET On Session" owner="RequestsLibrary">
<msg time="2026-02-26T01:21:23.846380" level="INFO">GET Request : url=https://api.github.com/users/github 
 path_url=/users/github 
 headers={'User-Agent': 'python-requests/2.32.5', 'Accept-Encoding': 'gzip, deflate, zstd', 'Accept': '*/*', 'Connection': 'keep-alive'} 
 body=None 
 </msg>
<msg time="2026-02-26T01:21:23.846477" level="INFO">GET Response : url=https://api.github.com/users/github 
 status=200, reason=OK 
 headers={'Date': 'Thu, 26 Feb 2026 04:21:25 GMT', 'Content-Type': 'application/json; charset=utf-8', 'Cache-Control': 'public, max-age=60, s-maxage=60', 'Vary': 'Accept,Accept-Encoding, Accept, X-Requested-With', 'ETag': 'W/"dac5f0aa7fecc0c82f521fd5b97247b2103fec0189a86a3e43813f2946876df3"', 'Last-Modified': 'Tue, 24 Feb 2026 15:58:00 GMT', 'X-GitHub-Media-Type': 'github.v3; format=json', 'x-github-api-version-selected': '2022-11-28', 'Access-Control-Expose-Headers': 'ETag, Link, Location, Retry-After, X-GitHub-OTP, X-RateLimit-Limit, X-RateLimit-Remaining, X-RateLimit-Used, X-RateLimit-Resource, X-RateLimit-Reset, X-OAuth-Scopes, X-Accepted-OAuth-Scopes, X-Poll-Interval, X-GitHub-Media-Type, X-GitHub-SSO, X-GitHub-Request-Id, Deprecation, Sunset', 'Access-Control-Allow-Origin': '*', 'Strict-Transport-Security': 'max-age=31536000; includeSubdomains; preload', 'X-Frame-Options': 'deny', 'X-Content-Type-Options': 'nosniff', 'X-XSS-Protection': '0', 'Referrer-Policy': 'origin-when-cross-origin, strict-origin-when-cross-origin', 'Content-Security-Policy': "default-src 'none'", 'Content-Encoding': 'gzip', 'Server': 'github.com', 'Accept-Ranges': 'bytes', 'X-RateLimit-Limit': '60', 'X-RateLimit-Remaining': '37', 'X-RateLimit-Reset': '1772080644', 'X-RateLimit-Resource': 'core', 'X-RateLimit-Used': '23', 'Content-Length': '519', 'X-GitHub-Request-Id': '780B:F83C1:1C23031:1ECF23F:699FCA45'} 
 body={"login":"github","id":9919,"node_id":"MDEyOk9yZ2FuaXphdGlvbjk5MTk=","avatar_url":"https://avatars.githubusercontent.com/u/9919?v=4","gravatar_id":"","url":"https://api.github.com/users/github","html_url":"https://github.com/github","followers_url":"https://api.github.com/users/github/followers","following_url":"https://api.github.com/users/github/following{/other_user}","gists_url":"https://api.github.com/users/github/gists{/gist_id}","starred_url":"https://api.github.com/users/github/starred{/owner}{/repo}","subscriptions_url":"https://api.github.com/users/github/subscriptions","organizations_url":"https://api.github.com/users/github/orgs","repos_url":"https://api.github.com/users/github/repos","events_url":"https://api.github.com/users/github/events{/privacy}","received_events_url":"https://api.github.com/users/github/received_events","type":"Organization","user_view_type":"public","site_admin":false,"name":"GitHub","company":null,"blog":"https://github.com/about","location":"San Francisco, CA","email":null,"hireable":null,"bio":"How people build software.","twitter_username":null,"public_repos":539,"public_gists":0,"followers":69301,"following":0,"created_at":"2008-05-11T04:37:31Z","updated_at":"2026-02-24T15:58:00Z"} 
 </msg>
<msg time="2026-02-26T01:21:23.846612" level="INFO">${resp} = &lt;Response [200]&gt;</msg>
<var>${resp}</var>
<arg>${sessao}</arg>
<arg>${endpoint}</arg>
<doc>Sends a GET request on a previously created HTTP Session.</doc>
<status status="PASS" start="2026-02-26T01:21:23.436135" elapsed="0.410504"/>
</kw>
<return>
<value>${resp}</value>
<status status="PASS" start="2026-02-26T01:21:23.846712" elapsed="0.000043"/>
</return>
<msg time="2026-02-26T01:21:23.846885" level="INFO">${resp} = &lt;Response [200]&gt;</msg>
<var>${resp}</var>
<status status="PASS" start="2026-02-26T01:21:23.435933" elapsed="0.410978"/>
</kw>
<if>
<branch type="IF" condition="${resp.status_code} == 403">
<kw name="Log" owner="BuiltIn">
<arg>Rate limit atingido (403) detectado.</arg>
<doc>Logs the given message with the given level.</doc>
<status status="NOT RUN" start="2026-02-26T01:21:23.847446" elapsed="0.000031"/>
</kw>
<kw name="Should Contain" owner="BuiltIn">
<arg>${resp.text}</arg>
<arg>rate limit</arg>
<doc>Fails if ``container`` does not contain ``item`` one or more times.</doc>
<status status="NOT RUN" start="2026-02-26T01:21:23.847577" elapsed="0.000026"/>
</kw>
<status status="NOT RUN" start="2026-02-26T01:21:23.846994" elapsed="0.000648"/>
</branch>
<branch type="ELSE">
<kw name="Log" owner="BuiltIn">
<msg time="2026-02-26T01:21:23.848266" level="INFO">Ainda com cota (status=200). Teste detecta 403 quando ocorrer.</msg>
<arg>Ainda com cota (status=${resp.status_code}). Teste detecta 403 quando ocorrer.</arg>
<doc>Logs the given message with the given level.</doc>
<status status="PASS" start="2026-02-26T01:21:23.847767" elapsed="0.000546"/>
</kw>
<kw name="Should Be Equal As Integers" owner="BuiltIn">
<msg time="2026-02-26T01:21:23.848865" level="INFO">Argument types are:
&lt;class 'int'&gt;
&lt;class 'str'&gt;</msg>
<arg>${resp.status_code}</arg>
<arg>200</arg>
<doc>Fails if objects are unequal after converting them to integers.</doc>
<status status="PASS" start="2026-02-26T01:21:23.848418" elapsed="0.000502"/>
</kw>
<status status="PASS" start="2026-02-26T01:21:23.847678" elapsed="0.001288"/>
</branch>
<status status="PASS" start="2026-02-26T01:21:23.846974" elapsed="0.002029"/>
</if>
<status status="PASS" start="2026-02-26T01:21:23.434997" elapsed="0.414051"/>
</kw>
<doc>Pré condição:

Usuario  e senha cadastrado</doc>
<tag>1.1test</tag>
<tag>APIMAGAZORD</tag>
<tag>regression</tag>
<status status="PASS" start="2026-02-26T01:21:22.228587" elapsed="1.620567"/>
</test>
<doc>Este caso de teste tem como objetivo validar headers, não bloquear os testes e detectar limite de rate</doc>
<status status="PASS" start="2026-02-26T01:21:21.597791" elapsed="2.251747"/>
</suite>
<suite id="s1-s1-s1-s1-s2" name="1.2Test" source="E:\testemagazord\app\data\TesteMagazord\parte1-api\questao1.1\tests\1.2test.robot">
<test id="s1-s1-s1-s1-s2-t1" name="1.2test" line="7">
<kw name="Autenticação que obtém token via POST /api/login" owner="003tests">
<kw name="Criar sessao Reqres" owner="003tests">
<kw name="Create Session" owner="RequestsLibrary">
<msg time="2026-02-26T01:21:23.859572" level="INFO">Creating Session using : alias=magazord, url=https://reqres.in, headers={},                     cookies={}, auth=None, timeout=None, proxies=None, verify=True,                     debug=0 </msg>
<arg>${sessao}</arg>
<arg>${base_url2}</arg>
<arg>verify=${True}</arg>
<doc>Create Session: create a HTTP session to a server</doc>
<status status="PASS" start="2026-02-26T01:21:23.859382" elapsed="0.000316"/>
</kw>
<status status="PASS" start="2026-02-26T01:21:23.859189" elapsed="0.000584"/>
</kw>
<kw name="Create Dictionary" owner="BuiltIn">
<msg time="2026-02-26T01:21:23.860332" level="INFO">&amp;{body} = { email=eve.holt@reqres.in | password=cityslicka }</msg>
<var>&amp;{body}</var>
<arg>email=${email}</arg>
<arg>password=${password}</arg>
<doc>Creates and returns a dictionary based on the given ``items``.</doc>
<status status="PASS" start="2026-02-26T01:21:23.859881" elapsed="0.000480"/>
</kw>
<kw name="POST On Session" owner="RequestsLibrary">
<msg time="2026-02-26T01:21:24.306951" level="INFO">POST Request : url=https://reqres.in/api/login 
 path_url=/api/login 
 headers={'User-Agent': 'python-requests/2.32.5', 'Accept-Encoding': 'gzip, deflate, zstd', 'Accept': '*/*', 'Connection': 'keep-alive', 'Content-Length': '57', 'Content-Type': 'application/json'} 
 body=b'{"email": "eve.holt@reqres.in", "password": "cityslicka"}' 
 </msg>
<msg time="2026-02-26T01:21:24.307051" level="INFO">POST Response : url=https://reqres.in/api/login 
 status=403, reason=Forbidden 
 headers={'Date': 'Thu, 26 Feb 2026 04:21:26 GMT', 'Content-Type': 'text/html; charset=UTF-8', 'Transfer-Encoding': 'chunked', 'Connection': 'close', 'accept-ch': 'Sec-CH-UA-Bitness, Sec-CH-UA-Arch, Sec-CH-UA-Full-Version, Sec-CH-UA-Mobile, Sec-CH-UA-Model, Sec-CH-UA-Platform-Version, Sec-CH-UA-Full-Version-List, Sec-CH-UA-Platform, Sec-CH-UA, UA-Bitness, UA-Arch, UA-Full-Version, UA-Mobile, UA-Model, UA-Platform-Version, UA-Platform, UA', 'cf-mitigated': 'challenge', 'critical-ch': 'Sec-CH-UA-Bitness, Sec-CH-UA-Arch, Sec-CH-UA-Full-Version, Sec-CH-UA-Mobile, Sec-CH-UA-Model, Sec-CH-UA-Platform-Version, Sec-CH-UA-Full-Version-List, Sec-CH-UA-Platform, Sec-CH-UA, UA-Bitness, UA-Arch, UA-Full-Version, UA-Mobile, UA-Model, UA-Platform-Version, UA-Platform, UA', 'cross-origin-embedder-policy': 'require-corp', 'cross-origin-opener-policy': 'same-origin', 'cross-origin-resource-policy': 'same-origin', 'origin-agent-cluster': '?1', 'permissions-policy': 'accelerometer=(),browsing-topics=(),camera=(),clipboard-read=(),clipboard-write=(),geolocation=(),gyroscope=(),hid=(),interest-cohort=(),magnetometer=(),microphone=(),payment=(),publickey-credentials-get=(),screen-wake-lock=(),serial=(),sync-xhr=(),usb=()', 'referrer-policy': 'same-origin', 'server-timing': 'chlray;desc="9d3ca7d73b17649c"', 'x-content-type-options': 'nosniff', 'x-frame-options': 'SAMEORIGIN', 'Cache-Control': 'private, max-age=0, no-store, no-cache, must-revalidate, post-check=0, pre-check=0', 'Expires': 'Thu, 01 Jan 1970 00:00:01 GMT', 'Report-To': '{"endpoints":[{"url":"https:\\/\\/a.nel.cloudflare.com\\/report\\/v4?s=MxCuIamRsRHvsMX1KhiZeOiiP0IrB9mAt3kGSuFkWVd3ub9v7pHLVDwX0fXEks%2BuMX5kwjIZq3k%2F8YDV%2B4tku3BzQ3aSsxoKTyvUTmg5eeHXCtnCUhokOEeRUw%3D%3D"}],"group":"cf-nel","max_age":604800}', 'NEL': '{"success_fraction":0,"report_to":"cf-nel","max_age":604800}', 'Vary': 'Accept-Encoding', 'Server': 'cloudflare', 'CF-RAY': '9d3ca7d73b17649c-GIG', 'Content-Encoding': 'gzip'} 
 body=&lt;!DOCTYPE html&gt;&lt;html lang="en-US"&gt;&lt;head&gt;&lt;title&gt;Just a moment...&lt;/title&gt;&lt;meta http-equiv="Content-Type" content="text/html; charset=UTF-8"&gt;&lt;meta http-equiv="X-UA-Compatible" content="IE=Edge"&gt;&lt;meta name="robots" content="noindex,nofollow"&gt;&lt;meta name="viewport" content="width=device-width,initial-scale=1"&gt;&lt;style&gt;*{box-sizing:border-box;margin:0;padding:0}html{line-height:1.15;-webkit-text-size-adjust:100%;color:#313131;font-family:system-ui,-apple-system,BlinkMacSystemFont,"Segoe UI",Roboto,"Helvetica Neue",Arial,"Noto Sans",sans-serif,"Apple Color Emoji","Segoe UI Emoji","Segoe UI Symbol","Noto Color Emoji"}body{display:flex;flex-direction:column;height:100vh;min-height:100vh}.main-content{margin:8rem auto;padding-left:1.5rem;max-width:60rem}@media (width &lt;= 720px){.main-content{margin-top:4rem}}.h2{line-height:2.25rem;font-size:1.5rem;font-weight:500}@media (width &lt;= 720px){.h2{line-height:1.5rem;font-size:1.25rem}}#challenge-error-text{background-image:url("data:image/svg+xml;base64,PHN2ZyB4bWxucz0iaHR0cDovL3d3dy53My5vcmcvMjAwMC9zdmciIHdpZHRoPSIzMiIgaGVpZ2h0PSIzMiIgZmlsbD0ibm9uZSI+PHBhdGggZmlsbD0iI0IyMEYwMyIgZD0iTTE2IDNhMTMgMTMgMCAxIDAgMTMgMTNBMTMuMDE1IDEzLjAxNSAwIDAgMCAxNiAzbTAgMjRhMTEgMTEgMCAxIDEgMTEtMTEgMTEuMDEgMTEuMDEgMCAwIDEtMTEgMTEiLz48cGF0aCBmaWxsPSIjQjIwRjAzIiBkPSJNMTcuMDM4IDE4LjYxNUgxNC44N0wxNC41NjMgOS41aDIuNzgzem0tMS4wODQgMS40MjdxLjY2IDAgMS4wNTcuMzg4LjQwNy4zODkuNDA3Ljk5NCAwIC41OTYtLjQwNy45ODQtLjM5Ny4zOS0xLjA1Ny4zODktLjY1IDAtMS4wNTYtLjM4OS0uMzk4LS4zODktLjM5OC0uOTg0IDAtLjU5Ny4zOTgtLjk4NS40MDYtLjM5NyAxLjA1Ni0uMzk3Ii8+PC9zdmc+");background-repeat:no-repeat;background-size:contain;padding-left:34px}@media (prefers-color-scheme: dark){body{background-color:#222;color:#d9d9d9}}&lt;/style&gt;&lt;meta http-equiv="refresh" content="360"&gt;&lt;/head&gt;&lt;body&gt;&lt;div class="main-wrapper" role="main"&gt;&lt;div class="main-content"&gt;&lt;noscript&gt;&lt;div class="h2"&gt;&lt;span id="challenge-error-text"&gt;Enable JavaScript and cookies to continue&lt;/span&gt;&lt;/div&gt;&lt;/noscript&gt;&lt;/div&gt;&lt;/div&gt;&lt;script&gt;(function(){window._cf_chl_opt = {cvId: '3',cZone: 'reqres.in',cType: 'managed',cRay: '9d3ca7d73b17649c',cH: 'juT15G64dxNersYIn6CO3WC3mnZxv6UZ.NLuTMlGB6E-1772079686-1.2.1.1-DC5XzbDf3DCYlH7gffgXfzkhA46_Jq6gcqwL_qqv2NZal3K236aboKXSKfJuP0dY',cUPMDTk:"\/api\/login?__cf_chl_tk=6ZZ4V_AY.1cubk.MW_xokpH56XrtxLqKxkqVnEn7BiM-1772079686-1.0.1.1-pWPiWCC8liE1mm3XO7jp08x_.gietCLZIkU5XDE5pRc",cFPWv: 'b',cITimeS: '1772079686',cTplC:0,cTplV:5,cTplB: '0',fa:"\/api\/login?__cf_chl_f_tk=6ZZ4V_AY.1cubk.MW_xokpH56XrtxLqKxkqVnEn7BiM-1772079686-1.0.1.1-pWPiWCC8liE1mm3XO7jp08x_.gietCLZIkU5XDE5pRc",md: 'ertVDpo6ZfaJ1faRxsX3Juf1vsXZP22XZKvJYJ8lfdQ-1772079686-1.2.1.1-OFaelKd.ajTSwzZiFLREKeHtxoJu49jDbGp606PPABiKAHf1A8Oru7GfZ9S9_Le93CHOUmd.nM1ZfB5EbJcSj8Jf8YJvGTFZgz2tn2ERIdsTEo9CZCDwha8rVd3ERX.TWfZu0Di.diD6Sw9pgbAAtoJXUv0gkGdjeTKCIxVj_bD12094wTkdPxb2k1oUV1C7NjsfAOF_5Ouk1oNfM.PJEcz9Vj_zP5ZN15aNxMcyJx0Y1fM2F3ZkI0A5zRWqbZiTkbACQKHbGUFdfzwjOyaXfn2.wI7P4ETAlaARNsxQhOYYbs1GqN5nbvKnu9RmaDvTIrd9xmlU7x3Ih.mNeowvNNYv6mISldmKw6s861nZ4fO7G5VilLfNx5BoMY8RfvZlll6A9NUA5vfOF3vbjRoo4QHnNU9x9O8OHlmN2eDeWDZMozzZ4hxFq0H2_xSvwDTsNmRZNlaKBpzTuOUZPFmsFV5gq4Evjz84RJO98HAaKckqVovSV1pCqlOSwC1E1SPPwlTS5B8HvVO3KxF..q4fX2YYkgVulkrKQ8F3a.h8srBNXwtzzDmP5InrC8dkKetjUcKEK7tCFagecPumsOUjsr6wABiF1IERQ.tgu_r2mvuH9VLN5rKeVSIM6yvgKZFbW8P6WrMqdwbzW5gx3H1uzJ1eJF6mbuRft2ZBZ7BiVyCBX9qv.P453dTXTxu93oLYciHtFRO8phklpcFmrvHC.WKvbNqWxYqm1YqijxIxZ5YId5kP9h5KcBY4WlcYPDfTc3f9omnGa3WBmSZup25FqVDHVNVGeiUtMGgNVB0GkQqTYIeQNRKNPpXsMWWNgv0GDKSna2DqE3mJND1kDlIcjZQyEAImd__nhaS3v_gVznTMGZOnahWnSj1me0GYYzn94LwKIHysBnaByrk4.iHDHA',mdrd: 'ufZSlepbFDo3vztc71Rq4VY0kn4CdtS_IlH1Mhd9cR8-1772079686-1.2.1.1-jls0iQPssRsEMTrI02i1dKZYtfMkgrtODBLrfqe9A9.P7Ivsh_BOI56WJ.TwSD6v_04khhplLT.5f6wxDJrZ4h.1Gz7XYbOKxTFYoG7z1doyuCTOLzPQYPEFFE8vhIF55EwiI6ajP.ME_tOYYDdZpZKbf2oIR7KJ7TdbIvfSpBCDGTcbdRd11f8UCP4pVl4EBAMvLWiOinSGqncuXjoNQODbGiSf4lUILks35U.ibiyJF8elRYYP3BaahtK5SzbDZ6xHLDNEFk6AvXa91TkLPUqGAIwc9It9FINrZlnKD8M5sYcY6k8y59k01lQnsyIjzOzaBCYpfwpvjpB849Q.RS0xlfvzxpGc_m6FvqXvcxq7Nhsx0OFb0zRg8Hxv_aQl4FMUDjfFsC798egUowBInmu74pEafaXQK_MrY73vQj8uPDnb4YJWCsmV2zqStF2ycXrmAN1B8MClnjgvjItvErR2XTzwV5RVaKoI9cTra5JPrvey3cLsStZQAqmGC6gyqGHVMV1EwBGwoGwzQb.kW.lfQTDFXMDN1UIr88SN1tWuseqnVKTtYCYGcJOV_FUGjQJzPHqiqffzBXyhXhdYj3T5.A2kS_vTSzaHMR3wSbkiTeYvOudjWeMGRvmThjeAy1vmYU4celWHj.MjWM9q19pcKBvRGIuwKaRoXkG3jxNbY.xx3bqcj_iEUOyHSxlNvkuqi90kPffuo1ZPZ4s5P5I.RErhyuNce4vxHPszBFaP2coNcqjVkOD8tfHxyjSr4TRz7ya1Oocx0jA0A_WQ.uyAad218SyLKaneAVlDtXQlCgV.8dIbnGRmDZoY5AbdqnxpJ4XiJo5TbHrl04ew1406mE_LpcbludQsRzRchs7h9fT7U_cmoSUuzWfGWcxqcZvSIV1LwS9blltvmd7ltOB6GB5Qd77c8F0QovJST2..SeZUxNiXIv.aCgFRGG3t42xPl.gR2lrkboAqRI3B4BcK7CzJNcm5Qm4f76jsK.4l4vOoKEBAPulDwQp_IfY6Maz01LmBVWjFTp6iAP4dTCIonVei1lkxNZDknSknBucX77btdgKdfclJRceIxuCeFA_OPHbGFks88880pekxBrGznZLm9ZUPM85OtnsRUjkQoCqW3B03P4B1lvVfWx0f.UVqoFUIhoLcO8cMKlMYgMXy.34oGELAYLaJbJeQ.DrfBkAeR2d729gytCRLgQt4d0VDEKpf8.2iGP75dRifvnc.8mMEGqjoUdmUPyxuAQL3idLneW2kVqtkt598N1JKdIFREB117VBWqLFo8X54XfxHQeODVdJtl5WJjoEvg3f06bVZI1_57ESGvgXvkQxbtyCdQCMPbnRzUY16KdLXMLo8EPpTsf3Uoj8c1FB3rgIDyVnkAg3l8ZbXeNKG7hMDrWuhAh109S0jIbVgE3c1wREr.ntud9JVEyZjz75FBTEJevHgUMZqooS9Du0Bf0eWkZx5k5rDqFDhkBAtveuEPBX2la3lQhXeneiYaaiKGBspadIW.mv401p3BcHTPXzk71ey5O..KUYYcTJZx4qAanWNRrMGruwar88O18xUb8dXxruHpPugmKozsb2.fE4al972roAaPoUhj9_pKQHJXo1jZsICJB7xVe5coDYsgWd8Fhx6I0ySSmFJI1Qht8Jfkqu4s1lLOKeL9vkRP1CRbetE7QngS1pSLwADCfDCftwnqa3lXBH2Vz4Ee60Qu3MQ_Y6ocJ04ip2U4b3PN4K8ebaGDtLW5d7vIg8XabuDM1jXxJVTL4eYHriAvA2CiskVdb215p_wnuMFi0QkAC4efsAn7prHrHCy7CC6eAYlN.aQTJin.opZo_V3TBW4PFnaDyvwKFOPia5cMfheNcMasrW5dywgDbqlxfBs_arqUfZTuFHUMVxd6eOVICxD5gokaNi9J9u7a.E.Zq20cvLgrxYnj.FZkz7mpZS0a0xn8i_7ccdedUsn5Y8Ysf4SI9k0xs2TwuuOygtTcM3SBajViPkPialQsR8HhgDcNR3mMnQhRafGmRWm1XP7vMcuWO8vfry7WsElRclxFHLY0xx4uDGbWKmmNGmJnCt_hrtZXnvFNaq_Za10XrvJYSCtAlOKAUAxdG1IGVZ0trkUEVL390p6MvXv2oe3zsMTzT1Py2CcQQ9SlSHINAsClks046h5bJKTRFJvDRTgs_IP4Tq1EwcB4WU4R7dlIEhISk6t2Q3lcizkXQKHdErwnWF7HZA3eWC6KINLw4r.ILn1bR6J0znxvcQjPsO._uSxx3fidAqELjTCLMvL8r4iaP_HQsJhWY0sf_VBEnrrOZdO.904CMaURFZRYVoPmflEfTNiM03XLqHCzWKpP71Uu.tX8uSE1XlS9jZ3mszooOV.CL7OCcXBEijO6bikJCwYgR1XlUaQNgAMb.rRfI1xIGX7jIpHldJ4.9.oXPyKSngMJpF9tpCtl31k8Av45TOESz18dM2NWkzuC74KoeRRECp3umPN',};var a = document.createElement('script');a.src = '/cdn-cgi/challenge-platform/h/b/orchestrate/chl_page/v1?ray=9d3ca7d73b17649c';window._cf_chl_opt.cOgUHash = location.hash === '' &amp;&amp; location.href.indexOf('#') !== -1 ? '#' : location.hash;window._cf_chl_opt.cOgUQuery = location.search === '' &amp;&amp; location.href.slice(0, location.href.length - window._cf_chl_opt.cOgUHash.length).indexOf('?') !== -1 ? '?' : location.search;if (window.history &amp;&amp; window.history.replaceState) {var ogU = location.pathname + window._cf_chl_opt.cOgUQuery + window._cf_chl_opt.cOgUHash;history.replaceState(null, null,"\/api\/login?__cf_chl_rt_tk=6ZZ4V_AY.1cubk.MW_xokpH56XrtxLqKxkqVnEn7BiM-1772079686-1.0.1.1-pWPiWCC8liE1mm3XO7jp08x_.gietCLZIkU5XDE5pRc"+ window._cf_chl_opt.cOgUHash);a.onload = function() {history.replaceState(null, null, ogU);}}document.getElementsByTagName('head')[0].appendChild(a);}());&lt;/script&gt;&lt;/body&gt;&lt;/html&gt; 
 </msg>
<msg time="2026-02-26T01:21:24.307276" level="FAIL">HTTPError: 403 Client Error: Forbidden for url: https://reqres.in/api/login</msg>
<var>${resp}</var>
<arg>${sessao}</arg>
<arg>${login_ep}</arg>
<arg>json=${body}</arg>
<doc>Sends a POST request on a previously created HTTP Session.</doc>
<status status="FAIL" start="2026-02-26T01:21:23.860473" elapsed="0.448638">HTTPError: 403 Client Error: Forbidden for url: https://reqres.in/api/login</status>
</kw>
<kw name="Should Be Equal As Integers" owner="BuiltIn">
<arg>${resp.status_code}</arg>
<arg>200</arg>
<doc>Fails if objects are unequal after converting them to integers.</doc>
<status status="NOT RUN" start="2026-02-26T01:21:24.309305" elapsed="0.000037"/>
</kw>
<kw name="Evaluate" owner="BuiltIn">
<var>${json}</var>
<arg>${resp.json()}</arg>
<doc>Evaluates the given expression in Python and returns the result.</doc>
<status status="NOT RUN" start="2026-02-26T01:21:24.309453" elapsed="0.000027"/>
</kw>
<kw name="Get From Dictionary" owner="Collections">
<var>${token}</var>
<arg>${json}</arg>
<arg>token</arg>
<doc>Returns a value from the given ``dictionary`` based on the given ``key``.</doc>
<status status="NOT RUN" start="2026-02-26T01:21:24.309582" elapsed="0.000025"/>
</kw>
<kw name="Log" owner="BuiltIn">
<arg>Token obtido: ${token}</arg>
<doc>Logs the given message with the given level.</doc>
<status status="NOT RUN" start="2026-02-26T01:21:24.309729" elapsed="0.000035"/>
</kw>
<kw name="Should Not Be Empty" owner="BuiltIn">
<arg>${token}</arg>
<doc>Verifies that the given item is not empty.</doc>
<status status="NOT RUN" start="2026-02-26T01:21:24.309858" elapsed="0.000024"/>
</kw>
<status status="FAIL" start="2026-02-26T01:21:23.858970" elapsed="0.451028">HTTPError: 403 Client Error: Forbidden for url: https://reqres.in/api/login</status>
</kw>
<doc>Pré condição:

Usuario  e senha cadastrado</doc>
<tag>1.2test</tag>
<tag>APIMAGAZORD</tag>
<tag>regression</tag>
<status status="FAIL" start="2026-02-26T01:21:23.858580" elapsed="0.451574">HTTPError: 403 Client Error: Forbidden for url: https://reqres.in/api/login</status>
</test>
<doc>Este caso de teste tem como objetivo autenticar o token via post</doc>
<status status="FAIL" start="2026-02-26T01:21:23.850154" elapsed="0.460299"/>
</suite>
<status status="FAIL" start="2026-02-26T01:21:21.596814" elapsed="2.714249"/>
</suite>
<status status="FAIL" start="2026-02-26T01:21:21.595817" elapsed="2.715670"/>
</suite>
<status status="FAIL" start="2026-02-26T01:21:21.594694" elapsed="2.717183"/>
</suite>
<suite id="s1-s2" name="Parte2-2E2" source="E:\testemagazord\app\data\TesteMagazord\parte2-2e2">
<suite id="s1-s2-s1" name="Questao2.1" source="E:\testemagazord\app\data\TesteMagazord\parte2-2e2\questao2.1">
<suite id="s1-s2-s1-s1" name="2.1Test" source="E:\testemagazord\app\data\TesteMagazord\parte2-2e2\questao2.1\2.1test.robot">
<test id="s1-s2-s1-s1-t1" name="2.1test" line="11">
<kw name="Test Setup Swag Labs" owner="001resourcetestsetup" type="SETUP">
<kw name="Acessar o site &quot;Swag Labs&quot;" owner="001resourcetestsetup" source_name="Acessar o site &quot;${titulosite}&quot;">
<if>
<branch type="IF" condition="&quot;${titulosite}&quot; == &quot;Swag Labs&quot;">
<kw name="Open Browser" owner="SeleniumLibrary">
<msg time="2026-02-26T01:21:24.337372" level="INFO">Opening browser 'headlesschrome' to base url 'https://www.saucedemo.com/'.</msg>
<arg>url=${sitesaucedemo}</arg>
<arg>browser=headlesschrome</arg>
<doc>Opens a new browser instance to the optional ``url``.</doc>
<status status="PASS" start="2026-02-26T01:21:24.337162" elapsed="1.640911"/>
</kw>
<kw name="Set Window Size" owner="SeleniumLibrary">
<arg>1920</arg>
<arg>1080</arg>
<doc>Sets current windows size to given ``width`` and ``height``.</doc>
<status status="PASS" start="2026-02-26T01:21:25.978319" elapsed="0.027378"/>
</kw>
<kw name="Maximize Browser Window" owner="SeleniumLibrary">
<doc>Maximizes current browser window.</doc>
<status status="PASS" start="2026-02-26T01:21:26.005897" elapsed="0.019946"/>
</kw>
<kw name="Wait Until Element Is Visible" owner="SeleniumLibrary">
<arg>${titulo_pagina_inicial_saucedmo}</arg>
<arg>timeout=10s</arg>
<doc>Waits until the element ``locator`` is visible.</doc>
<status status="PASS" start="2026-02-26T01:21:26.026044" elapsed="0.017767"/>
</kw>
<status status="PASS" start="2026-02-26T01:21:24.336907" elapsed="1.706983"/>
</branch>
<branch type="ELSE IF" condition="&quot;${titulosite}&quot; == &quot;DemoQa&quot;">
<kw name="Open Browser" owner="SeleniumLibrary">
<arg>url=${sitedemoqa}</arg>
<arg>browser=headlesschrome</arg>
<doc>Opens a new browser instance to the optional ``url``.</doc>
<status status="NOT RUN" start="2026-02-26T01:21:26.044121" elapsed="0.000031"/>
</kw>
<kw name="Set Window Size" owner="SeleniumLibrary">
<arg>1920</arg>
<arg>1080</arg>
<doc>Sets current windows size to given ``width`` and ``height``.</doc>
<status status="NOT RUN" start="2026-02-26T01:21:26.044267" elapsed="0.000025"/>
</kw>
<kw name="Maximize Browser Window" owner="SeleniumLibrary">
<doc>Maximizes current browser window.</doc>
<status status="NOT RUN" start="2026-02-26T01:21:26.044397" elapsed="0.000024"/>
</kw>
<kw name="Wait Until Element Is Visible" owner="SeleniumLibrary">
<arg>${titulo_pagina_inicial_demoqa}</arg>
<arg>timeout=10s</arg>
<doc>Waits until the element ``locator`` is visible.</doc>
<status status="NOT RUN" start="2026-02-26T01:21:26.044521" elapsed="0.000024"/>
</kw>
<status status="NOT RUN" start="2026-02-26T01:21:26.043941" elapsed="0.000641"/>
</branch>
<status status="PASS" start="2026-02-26T01:21:24.336882" elapsed="1.707735"/>
</if>
<status status="PASS" start="2026-02-26T01:21:24.336703" elapsed="1.707971"/>
</kw>
<kw name="Inserir no campo username o username do usuario" owner="001resourcetestsetup">
<kw name="Click Element" owner="SeleniumLibrary">
<msg time="2026-02-26T01:21:26.045223" level="INFO">Clicking element '//input[contains(@id,'user-name')]'.</msg>
<arg>${campousuario}</arg>
<doc>Click the element identified by ``locator``.</doc>
<status status="PASS" start="2026-02-26T01:21:26.045046" elapsed="0.063242"/>
</kw>
<kw name="Input Text" owner="SeleniumLibrary">
<msg time="2026-02-26T01:21:26.108704" level="INFO">Typing text 'standard_user' into text field '//input[contains(@id,'user-name')]'.</msg>
<arg>${campousuario}</arg>
<arg>${username}</arg>
<doc>Types the given ``text`` into the text field identified by ``locator``.</doc>
<status status="PASS" start="2026-02-26T01:21:26.108476" elapsed="0.053558"/>
</kw>
<status status="PASS" start="2026-02-26T01:21:26.044814" elapsed="0.117387"/>
</kw>
<kw name="Inserir no campo password a senha do usuario" owner="001resourcetestsetup">
<kw name="Click Element" owner="SeleniumLibrary">
<msg time="2026-02-26T01:21:26.163027" level="INFO">Clicking element '//input[contains(@id,'password')]'.</msg>
<arg>${campopassword}</arg>
<doc>Click the element identified by ``locator``.</doc>
<status status="PASS" start="2026-02-26T01:21:26.162785" elapsed="0.046446"/>
</kw>
<kw name="Input Text" owner="SeleniumLibrary">
<msg time="2026-02-26T01:21:26.209645" level="INFO">Typing text 'secret_sauce' into text field '//input[contains(@id,'password')]'.</msg>
<arg>${campopassword}</arg>
<arg>${password}</arg>
<doc>Types the given ``text`` into the text field identified by ``locator``.</doc>
<status status="PASS" start="2026-02-26T01:21:26.209420" elapsed="0.042457"/>
</kw>
<status status="PASS" start="2026-02-26T01:21:26.162442" elapsed="0.089572"/>
</kw>
<kw name="Clique em login" owner="001resourcetestsetup">
<kw name="Click Element" owner="SeleniumLibrary">
<msg time="2026-02-26T01:21:26.252764" level="INFO">Clicking element '//input[contains(@id,'login-button')]'.</msg>
<arg>${btn_login}</arg>
<doc>Click the element identified by ``locator``.</doc>
<status status="PASS" start="2026-02-26T01:21:26.252524" elapsed="0.073823"/>
</kw>
<status status="PASS" start="2026-02-26T01:21:26.252219" elapsed="0.074299"/>
</kw>
<kw name="Verificar o login no site &quot;Swag Labs&quot;" owner="001resourcetestsetup" source_name="Verificar o login no site &quot;${site}&quot;">
<kw name="Wait Until Element Is Visible" owner="SeleniumLibrary">
<arg>${titulo_produtos}</arg>
<arg>timeout=10s</arg>
<doc>Waits until the element ``locator`` is visible.</doc>
<status status="PASS" start="2026-02-26T01:21:26.327288" elapsed="0.015108"/>
</kw>
<kw name="Wait Until Element Is Visible" owner="SeleniumLibrary">
<arg>${imagem_carrinho}</arg>
<arg>timeout=10s</arg>
<doc>Waits until the element ``locator`` is visible.</doc>
<status status="PASS" start="2026-02-26T01:21:26.342592" elapsed="0.016349"/>
</kw>
<status status="PASS" start="2026-02-26T01:21:26.326882" elapsed="0.032182"/>
</kw>
<status status="PASS" start="2026-02-26T01:21:24.336330" elapsed="2.022831"/>
</kw>
<kw name="Adicionar o produto &quot;Sauce Labs Backpack&quot; ao carrinho" owner="003tests">
<kw name="Click Button" owner="SeleniumLibrary">
<msg time="2026-02-26T01:21:26.359961" level="INFO">Clicking button '//button[@id="add-to-cart-sauce-labs-backpack"]'.</msg>
<arg>${produtoSauceLabsBackpack}</arg>
<doc>Clicks the button identified by ``locator``.</doc>
<status status="PASS" start="2026-02-26T01:21:26.359649" elapsed="0.056348"/>
</kw>
<status status="PASS" start="2026-02-26T01:21:26.359352" elapsed="0.056793"/>
</kw>
<kw name="Clique no botão &quot;carrinho&quot;" owner="003tests">
<kw name="Click Element" owner="SeleniumLibrary">
<msg time="2026-02-26T01:21:26.417084" level="INFO">Clicking element '//a[contains(@class,'shopping_cart_link')]'.</msg>
<arg>${imagem_carrinho}</arg>
<doc>Click the element identified by ``locator``.</doc>
<status status="PASS" start="2026-02-26T01:21:26.416816" elapsed="0.044527"/>
</kw>
<status status="PASS" start="2026-02-26T01:21:26.416420" elapsed="0.045031"/>
</kw>
<kw name="Verificar se o produto &quot;Sauce Labs Backpack&quot; foi adicionado ao carrinho" owner="003tests">
<kw name="Wait Until Page Contains Element" owner="SeleniumLibrary">
<arg>${titulocarrinho}</arg>
<arg>timeout=5s</arg>
<doc>Waits until the element ``locator`` appears on the current page.</doc>
<status status="PASS" start="2026-02-26T01:21:26.461910" elapsed="0.008619"/>
</kw>
<kw name="Wait Until Element Is Visible" owner="SeleniumLibrary">
<arg>${produtoSauceLabsBackpackcarrinho}</arg>
<doc>Waits until the element ``locator`` is visible.</doc>
<status status="PASS" start="2026-02-26T01:21:26.470742" elapsed="0.017867"/>
</kw>
<status status="PASS" start="2026-02-26T01:21:26.461643" elapsed="0.027233"/>
</kw>
<kw name="Clique no botão &quot;Checkout&quot;" owner="003tests">
<kw name="Click Button" owner="SeleniumLibrary">
<msg time="2026-02-26T01:21:26.489996" level="INFO">Clicking button '//button[@id="checkout"]'.</msg>
<arg>${btn_checkout}</arg>
<doc>Clicks the button identified by ``locator``.</doc>
<status status="PASS" start="2026-02-26T01:21:26.489677" elapsed="0.052944"/>
</kw>
<status status="PASS" start="2026-02-26T01:21:26.489205" elapsed="0.053519"/>
</kw>
<kw name="Inserir o campo &quot;First Name&quot; com o nome do usuario" owner="003tests">
<kw name="Gerar nome aleatório" owner="keywords">
<kw name="Name" owner="FakerLibrary">
<msg time="2026-02-26T01:21:26.543960" level="INFO">${nome} = Ashley Turner</msg>
<var>${nome}</var>
<doc>:example: 'John Doe'</doc>
<status status="PASS" start="2026-02-26T01:21:26.543421" elapsed="0.000573"/>
</kw>
<kw name="Set Global Variable" owner="BuiltIn">
<msg time="2026-02-26T01:21:26.544497" level="INFO">${nome} = Ashley Turner</msg>
<arg>${nome}</arg>
<doc>Makes a variable available globally in all tests and suites.</doc>
<status status="PASS" start="2026-02-26T01:21:26.544147" elapsed="0.000420"/>
</kw>
<status status="PASS" start="2026-02-26T01:21:26.543190" elapsed="0.001444"/>
</kw>
<kw name="Input Text" owner="SeleniumLibrary">
<msg time="2026-02-26T01:21:26.544939" level="INFO">Typing text 'Ashley Turner' into text field '//input[@id="first-name"]'.</msg>
<arg>${campofirstname}</arg>
<arg>${nome}</arg>
<doc>Types the given ``text`` into the text field identified by ``locator``.</doc>
<status status="PASS" start="2026-02-26T01:21:26.544751" elapsed="0.068225"/>
</kw>
<status status="PASS" start="2026-02-26T01:21:26.542917" elapsed="0.070163"/>
</kw>
<kw name="Inserir o campo &quot;Last Name&quot; com o sobrenome do usuario" owner="003tests">
<kw name="Gerar sobrenome aleatório" owner="keywords">
<kw name="Last Name" owner="FakerLibrary">
<msg time="2026-02-26T01:21:26.614038" level="INFO">${sobrenome} = Prince</msg>
<var>${sobrenome}</var>
<status status="PASS" start="2026-02-26T01:21:26.613747" elapsed="0.000324"/>
</kw>
<kw name="Set Global Variable" owner="BuiltIn">
<msg time="2026-02-26T01:21:26.614662" level="INFO">${sobrenome} = Prince</msg>
<arg>${sobrenome}</arg>
<doc>Makes a variable available globally in all tests and suites.</doc>
<status status="PASS" start="2026-02-26T01:21:26.614226" elapsed="0.000495"/>
</kw>
<status status="PASS" start="2026-02-26T01:21:26.613532" elapsed="0.001290"/>
</kw>
<kw name="Input Text" owner="SeleniumLibrary">
<msg time="2026-02-26T01:21:26.615198" level="INFO">Typing text 'Prince' into text field '//input[@id="last-name"]'.</msg>
<arg>${campolastname}</arg>
<arg>${sobrenome}</arg>
<doc>Types the given ``text`` into the text field identified by ``locator``.</doc>
<status status="PASS" start="2026-02-26T01:21:26.614968" elapsed="0.057828"/>
</kw>
<status status="PASS" start="2026-02-26T01:21:26.613261" elapsed="0.059649"/>
</kw>
<kw name="Inserir o campo &quot;Postal Code&quot; com o cep do usuario" owner="003tests">
<kw name="Gerar CEP aleatório" owner="keywords">
<kw name="Postalcode" owner="FakerLibrary">
<msg time="2026-02-26T01:21:26.673768" level="INFO">${cep} = 49602</msg>
<var>${cep}</var>
<status status="PASS" start="2026-02-26T01:21:26.673622" elapsed="0.000176"/>
</kw>
<kw name="Set Global Variable" owner="BuiltIn">
<msg time="2026-02-26T01:21:26.674244" level="INFO">${cep} = 49602</msg>
<arg>${cep}</arg>
<doc>Makes a variable available globally in all tests and suites.</doc>
<status status="PASS" start="2026-02-26T01:21:26.673924" elapsed="0.000362"/>
</kw>
<status status="PASS" start="2026-02-26T01:21:26.673419" elapsed="0.000927"/>
</kw>
<kw name="Input Text" owner="SeleniumLibrary">
<msg time="2026-02-26T01:21:26.674638" level="INFO">Typing text '49602' into text field '//input[@id="postal-code"]'.</msg>
<arg>${campopostalcode}</arg>
<arg>${cep}</arg>
<doc>Types the given ``text`` into the text field identified by ``locator``.</doc>
<status status="PASS" start="2026-02-26T01:21:26.674456" elapsed="0.055120"/>
</kw>
<status status="PASS" start="2026-02-26T01:21:26.673115" elapsed="0.056582"/>
</kw>
<kw name="Clique no botão &quot;Continue&quot;" owner="003tests">
<kw name="Click Button" owner="SeleniumLibrary">
<msg time="2026-02-26T01:21:26.730314" level="INFO">Clicking button '//input[@id="continue"]'.</msg>
<arg>${btncontinue}</arg>
<doc>Clicks the button identified by ``locator``.</doc>
<status status="PASS" start="2026-02-26T01:21:26.730136" elapsed="0.066987"/>
</kw>
<status status="PASS" start="2026-02-26T01:21:26.729886" elapsed="0.067415"/>
</kw>
<kw name="Verificar se o produto &quot;Sauce Labs Backpack&quot; está presente na página de checkout" owner="003tests">
<kw name="Wait Until Page Contains Element" owner="SeleniumLibrary">
<arg>${titulocheckout}</arg>
<arg>timeout=5s</arg>
<doc>Waits until the element ``locator`` appears on the current page.</doc>
<status status="PASS" start="2026-02-26T01:21:26.798117" elapsed="0.008900"/>
</kw>
<kw name="Wait Until Element Is Visible" owner="SeleniumLibrary">
<arg>${produtoSauceLabsBackpackcarrinho}</arg>
<doc>Waits until the element ``locator`` is visible.</doc>
<status status="PASS" start="2026-02-26T01:21:26.807211" elapsed="0.009862"/>
</kw>
<status status="PASS" start="2026-02-26T01:21:26.797643" elapsed="0.019557"/>
</kw>
<kw name="Clique no botão &quot;Finish&quot;" owner="003tests">
<kw name="Click Button" owner="SeleniumLibrary">
<msg time="2026-02-26T01:21:26.818048" level="INFO">Clicking button '//button[@id="finish"]'.</msg>
<arg>${btnfinish}</arg>
<doc>Clicks the button identified by ``locator``.</doc>
<status status="PASS" start="2026-02-26T01:21:26.817816" elapsed="0.055444"/>
</kw>
<status status="PASS" start="2026-02-26T01:21:26.817478" elapsed="0.055894"/>
</kw>
<kw name="Verificar se a mensagem &quot;Thank you for your order!&quot; foi exibida" owner="003tests" source_name="Verificar se a mensagem &quot;${mensagemsucessocheckout}&quot; foi exibida">
<kw name="Replace String" owner="String">
<msg time="2026-02-26T01:21:26.874130" level="INFO">${variavelmensagemsucesso} = //h2[normalize-space(text())="Thank you for your order!"]</msg>
<var>${variavelmensagemsucesso}</var>
<arg>${textsucessocheckout}</arg>
<arg>$$</arg>
<arg>${mensagemsucessocheckout}</arg>
<doc>Replaces ``search_for`` in the given ``string`` with ``replace_with``.</doc>
<status status="PASS" start="2026-02-26T01:21:26.873889" elapsed="0.000271"/>
</kw>
<kw name="Wait Until Page Contains Element" owner="SeleniumLibrary">
<arg>${variavelmensagemsucesso}</arg>
<arg>timeout=5s</arg>
<doc>Waits until the element ``locator`` appears on the current page.</doc>
<status status="PASS" start="2026-02-26T01:21:26.874303" elapsed="0.006949"/>
</kw>
<status status="PASS" start="2026-02-26T01:21:26.873585" elapsed="0.007773"/>
</kw>
<kw name="Test teardown" owner="002resourcetestteardown" type="TEARDOWN">
<kw name="Capture Page Screenshot" owner="SeleniumLibrary">
<msg time="2026-02-26T01:21:26.949479" level="INFO" html="true">&lt;/td&gt;&lt;/tr&gt;&lt;tr&gt;&lt;td colspan="3"&gt;&lt;a href="../../../data/TesteMagazord/None/E2EMAGAZORD-2.1test.png"&gt;&lt;img src="../../../data/TesteMagazord/None/E2EMAGAZORD-2.1test.png" width="800px"&gt;&lt;/a&gt;</msg>
<arg>${EVIDENCIA}-${CASODETESTE}.png</arg>
<doc>Takes a screenshot of the current page and embeds it into a log file.</doc>
<status status="PASS" start="2026-02-26T01:21:26.881913" elapsed="0.067662"/>
</kw>
<kw name="Delete All Cookies" owner="SeleniumLibrary">
<doc>Deletes all cookies.</doc>
<status status="PASS" start="2026-02-26T01:21:26.949760" elapsed="0.008894"/>
</kw>
<kw name="Close Browser" owner="SeleniumLibrary">
<doc>Closes the current browser.</doc>
<status status="PASS" start="2026-02-26T01:21:26.958831" elapsed="2.153581"/>
</kw>
<arg>E2EMAGAZORD</arg>
<arg>2.1test</arg>
<status status="PASS" start="2026-02-26T01:21:26.881615" elapsed="2.230915"/>
</kw>
<doc>Pré condição:

Usuario  e senha cadastrado</doc>
<tag>2.1test</tag>
<tag>E2EMAGAZORD</tag>
<tag>regression</tag>
<status status="PASS" start="2026-02-26T01:21:24.335796" elapsed="4.776799"/>
</test>
<doc>Este caso de teste tem como objetivo realizar o checkout de um produto</doc>
<status status="PASS" start="2026-02-26T01:21:24.314614" elapsed="4.798313"/>
</suite>
<status status="PASS" start="2026-02-26T01:21:24.313474" elapsed="4.800021"/>
</suite>
<suite id="s1-s2-s2" name="Questao2.2" source="E:\testemagazord\app\data\TesteMagazord\parte2-2e2\questao2.2">
<suite id="s1-s2-s2-s1" name="2.2Test" source="E:\testemagazord\app\data\TesteMagazord\parte2-2e2\questao2.2\2.2test.robot">
<test id="s1-s2-s2-s1-t1" name="2.2test" line="11">
<kw name="Test Setup Demoqa" owner="001resourcetestsetup" type="SETUP">
<kw name="Acessar o site &quot;DemoQa&quot;" owner="001resourcetestsetup" source_name="Acessar o site &quot;${titulosite}&quot;">
<if>
<branch type="IF" condition="&quot;${titulosite}&quot; == &quot;Swag Labs&quot;">
<kw name="Open Browser" owner="SeleniumLibrary">
<arg>url=${sitesaucedemo}</arg>
<arg>browser=headlesschrome</arg>
<doc>Opens a new browser instance to the optional ``url``.</doc>
<status status="NOT RUN" start="2026-02-26T01:21:29.125417" elapsed="0.000031"/>
</kw>
<kw name="Set Window Size" owner="SeleniumLibrary">
<arg>1920</arg>
<arg>1080</arg>
<doc>Sets current windows size to given ``width`` and ``height``.</doc>
<status status="NOT RUN" start="2026-02-26T01:21:29.125569" elapsed="0.000026"/>
</kw>
<kw name="Maximize Browser Window" owner="SeleniumLibrary">
<doc>Maximizes current browser window.</doc>
<status status="NOT RUN" start="2026-02-26T01:21:29.125702" elapsed="0.000025"/>
</kw>
<kw name="Wait Until Element Is Visible" owner="SeleniumLibrary">
<arg>${titulo_pagina_inicial_saucedmo}</arg>
<arg>timeout=10s</arg>
<doc>Waits until the element ``locator`` is visible.</doc>
<status status="NOT RUN" start="2026-02-26T01:21:29.125829" elapsed="0.000025"/>
</kw>
<status status="NOT RUN" start="2026-02-26T01:21:29.125188" elapsed="0.000703"/>
</branch>
<branch type="ELSE IF" condition="&quot;${titulosite}&quot; == &quot;DemoQa&quot;">
<kw name="Open Browser" owner="SeleniumLibrary">
<msg time="2026-02-26T01:21:29.126295" level="INFO">Opening browser 'headlesschrome' to base url 'https://demoqa.com/browser-windows'.</msg>
<arg>url=${sitedemoqa}</arg>
<arg>browser=headlesschrome</arg>
<doc>Opens a new browser instance to the optional ``url``.</doc>
<status status="PASS" start="2026-02-26T01:21:29.126112" elapsed="2.556608"/>
</kw>
<kw name="Set Window Size" owner="SeleniumLibrary">
<arg>1920</arg>
<arg>1080</arg>
<doc>Sets current windows size to given ``width`` and ``height``.</doc>
<status status="PASS" start="2026-02-26T01:21:31.682939" elapsed="0.020441"/>
</kw>
<kw name="Maximize Browser Window" owner="SeleniumLibrary">
<doc>Maximizes current browser window.</doc>
<status status="PASS" start="2026-02-26T01:21:31.703716" elapsed="0.032016"/>
</kw>
<kw name="Wait Until Element Is Visible" owner="SeleniumLibrary">
<arg>${titulo_pagina_inicial_demoqa}</arg>
<arg>timeout=10s</arg>
<doc>Waits until the element ``locator`` is visible.</doc>
<status status="PASS" start="2026-02-26T01:21:31.736072" elapsed="0.017568"/>
</kw>
<status status="PASS" start="2026-02-26T01:21:29.125930" elapsed="2.627835"/>
</branch>
<status status="PASS" start="2026-02-26T01:21:29.125166" elapsed="2.628684"/>
</if>
<status status="PASS" start="2026-02-26T01:21:29.124999" elapsed="2.628947"/>
</kw>
<status status="PASS" start="2026-02-26T01:21:29.124685" elapsed="2.629349"/>
</kw>
<kw name="Teste que abre nova aba via &quot;New Tab&quot;" owner="003tests">
<kw name="Get Window Handles" owner="SeleniumLibrary">
<msg time="2026-02-26T01:21:31.756384" level="INFO">${antes} = ['5F96A73BAE61050922587EB933290697']</msg>
<var>${antes}</var>
<doc>Returns all child window handles of the selected browser as a list.</doc>
<status status="PASS" start="2026-02-26T01:21:31.754963" elapsed="0.001459"/>
</kw>
<kw name="Get Length" owner="BuiltIn">
<msg time="2026-02-26T01:21:31.756957" level="INFO">Length is 1.</msg>
<msg time="2026-02-26T01:21:31.757034" level="INFO">${qtde_antes} = 1</msg>
<var>${qtde_antes}</var>
<arg>${antes}</arg>
<doc>Returns and logs the length of the given item as an integer.</doc>
<status status="PASS" start="2026-02-26T01:21:31.756574" elapsed="0.000485"/>
</kw>
<kw name="Click Button" owner="SeleniumLibrary">
<msg time="2026-02-26T01:21:31.757350" level="INFO">Clicking button '//button[normalize-space(text())="New Tab"]'.</msg>
<arg>${btnnewtab}</arg>
<doc>Clicks the button identified by ``locator``.</doc>
<status status="PASS" start="2026-02-26T01:21:31.757192" elapsed="0.086430"/>
</kw>
<kw name="Get Window Handles" owner="SeleniumLibrary">
<msg time="2026-02-26T01:21:31.849582" level="INFO">${depois} = ['5F96A73BAE61050922587EB933290697', '43D809BC4475CF799B24303608E96B81']</msg>
<var>${depois}</var>
<doc>Returns all child window handles of the selected browser as a list.</doc>
<status status="PASS" start="2026-02-26T01:21:31.843919" elapsed="0.005725"/>
</kw>
<kw name="Get Length" owner="BuiltIn">
<msg time="2026-02-26T01:21:31.850341" level="INFO">Length is 2.</msg>
<msg time="2026-02-26T01:21:31.850460" level="INFO">${qtde_depois} = 2</msg>
<var>${qtde_depois}</var>
<arg>${depois}</arg>
<doc>Returns and logs the length of the given item as an integer.</doc>
<status status="PASS" start="2026-02-26T01:21:31.849899" elapsed="0.000602"/>
</kw>
<kw name="Should Be True" owner="BuiltIn">
<arg>${qtde_depois} &gt; ${qtde_antes}</arg>
<doc>Fails if the given condition is not true.</doc>
<status status="PASS" start="2026-02-26T01:21:31.850705" elapsed="0.000351"/>
</kw>
<kw name="Set Global Variable" owner="BuiltIn">
<msg time="2026-02-26T01:21:31.851666" level="INFO">${depois} = ['5F96A73BAE61050922587EB933290697', '43D809BC4475CF799B24303608E96B81']</msg>
<arg>${depois}</arg>
<doc>Makes a variable available globally in all tests and suites.</doc>
<status status="PASS" start="2026-02-26T01:21:31.851228" elapsed="0.000545"/>
</kw>
<kw name="Set Global Variable" owner="BuiltIn">
<msg time="2026-02-26T01:21:31.852875" level="INFO">${antes} = ['5F96A73BAE61050922587EB933290697']</msg>
<arg>${antes}</arg>
<doc>Makes a variable available globally in all tests and suites.</doc>
<status status="PASS" start="2026-02-26T01:21:31.852039" elapsed="0.001041"/>
</kw>
<status status="PASS" start="2026-02-26T01:21:31.754552" elapsed="0.098723"/>
</kw>
<kw name="Navega para a nova aba" owner="003tests">
<kw name="Evaluate" owner="BuiltIn">
<msg time="2026-02-26T01:21:31.855331" level="INFO">${novos} = ['43D809BC4475CF799B24303608E96B81']</msg>
<var>${novos}</var>
<arg>list(set($depois) - set($antes))</arg>
<doc>Evaluates the given expression in Python and returns the result.</doc>
<status status="PASS" start="2026-02-26T01:21:31.854118" elapsed="0.001323"/>
</kw>
<kw name="Should Not Be Empty" owner="BuiltIn">
<msg time="2026-02-26T01:21:31.856288" level="INFO">Length is 1.</msg>
<arg>${novos}</arg>
<doc>Verifies that the given item is not empty.</doc>
<status status="PASS" start="2026-02-26T01:21:31.855781" elapsed="0.000596"/>
</kw>
<kw name="Switch Window" owner="SeleniumLibrary">
<arg>${novos}[0]</arg>
<doc>Switches to browser window matching ``locator``.</doc>
<status status="PASS" start="2026-02-26T01:21:31.856624" elapsed="0.034674"/>
</kw>
<status status="PASS" start="2026-02-26T01:21:31.853621" elapsed="0.037779"/>
</kw>
<kw name="Valida conteúdo da nova aba com o titulo &quot;This is a sample page&quot;" owner="003tests" source_name="Valida conteúdo da nova aba com o titulo &quot;${titulo_pagina_inicial}&quot;">
<kw name="Page Should Contain" owner="SeleniumLibrary">
<msg time="2026-02-26T01:21:31.999807" level="INFO">Current page contains text 'This is a sample page'.</msg>
<arg>${titulo_pagina_inicial}</arg>
<doc>Verifies that current page contains ``text``.</doc>
<status status="PASS" start="2026-02-26T01:21:31.891869" elapsed="0.108039"/>
</kw>
<status status="PASS" start="2026-02-26T01:21:31.891597" elapsed="0.108396"/>
</kw>
<kw name="Retorna para aba original" owner="003tests">
<kw name="Close Window" owner="SeleniumLibrary">
<doc>Closes currently opened and selected browser window/tab.</doc>
<status status="PASS" start="2026-02-26T01:21:32.000405" elapsed="0.012291"/>
</kw>
<kw name="Switch Window" owner="SeleniumLibrary">
<arg>${antes}[0]</arg>
<doc>Switches to browser window matching ``locator``.</doc>
<status status="PASS" start="2026-02-26T01:21:32.012895" elapsed="0.004244"/>
</kw>
<kw name="Wait Until Element Is Visible" owner="SeleniumLibrary">
<arg>${titulo_pagina_inicial_demoqa}</arg>
<arg>timeout=10s</arg>
<doc>Waits until the element ``locator`` is visible.</doc>
<status status="PASS" start="2026-02-26T01:21:32.017410" elapsed="0.050358"/>
</kw>
<status status="PASS" start="2026-02-26T01:21:32.000167" elapsed="0.067774"/>
</kw>
<kw name="Abre nova janela via &quot;New Window&quot;" owner="003tests">
<kw name="Click Button" owner="SeleniumLibrary">
<msg time="2026-02-26T01:21:32.069279" level="INFO">Clicking button '//button[normalize-space(text())="New Window"]'.</msg>
<arg>${btnnewwindow}</arg>
<doc>Clicks the button identified by ``locator``.</doc>
<status status="PASS" start="2026-02-26T01:21:32.068895" elapsed="0.109186"/>
</kw>
<status status="PASS" start="2026-02-26T01:21:32.068423" elapsed="0.109821"/>
</kw>
<kw name="Gerencia múltiplas janelas simultaneamente" owner="003tests">
<kw name="Get Window Handles" owner="SeleniumLibrary">
<msg time="2026-02-26T01:21:32.193975" level="INFO">${todas} = ['5F96A73BAE61050922587EB933290697', 'C2A8732899BAF9BB6232F07A390A6631']</msg>
<var>${todas}</var>
<doc>Returns all child window handles of the selected browser as a list.</doc>
<status status="PASS" start="2026-02-26T01:21:32.178811" elapsed="0.015207"/>
</kw>
<kw name="Get Length" owner="BuiltIn">
<msg time="2026-02-26T01:21:32.194462" level="INFO">Length is 2.</msg>
<msg time="2026-02-26T01:21:32.194536" level="INFO">${qtde} = 2</msg>
<var>${qtde}</var>
<arg>${todas}</arg>
<doc>Returns and logs the length of the given item as an integer.</doc>
<status status="PASS" start="2026-02-26T01:21:32.194182" elapsed="0.000380"/>
</kw>
<kw name="Should Be True" owner="BuiltIn">
<arg>${qtde} &gt; 1</arg>
<doc>Fails if the given condition is not true.</doc>
<status status="PASS" start="2026-02-26T01:21:32.194693" elapsed="0.000365"/>
</kw>
<status status="PASS" start="2026-02-26T01:21:32.178497" elapsed="0.016627"/>
</kw>
<kw name="Test teardown" owner="002resourcetestteardown" type="TEARDOWN">
<kw name="Capture Page Screenshot" owner="SeleniumLibrary">
<msg time="2026-02-26T01:21:32.294719" level="INFO" html="true">&lt;/td&gt;&lt;/tr&gt;&lt;tr&gt;&lt;td colspan="3"&gt;&lt;a href="../../../data/TesteMagazord/None/E2EMAGAZORD-2.2test.png"&gt;&lt;img src="../../../data/TesteMagazord/None/E2EMAGAZORD-2.2test.png" width="800px"&gt;&lt;/a&gt;</msg>
<arg>${EVIDENCIA}-${CASODETESTE}.png</arg>
<doc>Takes a screenshot of the current page and embeds it into a log file.</doc>
<status status="PASS" start="2026-02-26T01:21:32.195601" elapsed="0.099208"/>
</kw>
<kw name="Delete All Cookies" owner="SeleniumLibrary">
<doc>Deletes all cookies.</doc>
<status status="PASS" start="2026-02-26T01:21:32.294985" elapsed="0.003158"/>
</kw>
<kw name="Close Browser" owner="SeleniumLibrary">
<doc>Closes the current browser.</doc>
<status status="PASS" start="2026-02-26T01:21:32.298315" elapsed="2.121010"/>
</kw>
<arg>E2EMAGAZORD</arg>
<arg>2.2test</arg>
<status status="PASS" start="2026-02-26T01:21:32.195324" elapsed="2.224158"/>
</kw>
<doc>Pré condição:

Usuario  e senha cadastrado</doc>
<tag>2.2test</tag>
<tag>E2EMAGAZORD</tag>
<tag>regression</tag>
<status status="PASS" start="2026-02-26T01:21:29.124339" elapsed="5.295238"/>
</test>
<doc>Este caso de teste tem como objetivo adicionar um produto ao carrinho</doc>
<status status="PASS" start="2026-02-26T01:21:29.115145" elapsed="5.304913"/>
</suite>
<status status="PASS" start="2026-02-26T01:21:29.113824" elapsed="5.307013"/>
</suite>
<status status="PASS" start="2026-02-26T01:21:24.312184" elapsed="10.109360"/>
</suite>
<suite id="s1-s3" name="Parte3-Frontend" source="E:\testemagazord\app\data\TesteMagazord\parte3-frontend">
<suite id="s1-s3-s1" name="Questao3.1" source="E:\testemagazord\app\data\TesteMagazord\parte3-frontend\questao3.1">
<suite id="s1-s3-s1-s1" name="Tests" source="E:\testemagazord\app\data\TesteMagazord\parte3-frontend\questao3.1\tests">
<suite id="s1-s3-s1-s1-s1" name="3.1Test" source="E:\testemagazord\app\data\TesteMagazord\parte3-frontend\questao3.1\tests\3.1test.robot">
<test id="s1-s3-s1-s1-s1-t1" name="3.1test" line="11">
<kw name="Test Setup" owner="001resourcetestsetup" type="SETUP">
<kw name="Acessar o site &quot;theinternet&quot;" owner="001resourcetestsetup" source_name="Acessar o site &quot;${titulosite}&quot;">
<kw name="Open Browser" owner="SeleniumLibrary">
<msg time="2026-02-26T01:21:34.442977" level="INFO">Opening browser 'headlesschrome' to base url 'https://the-internet.herokuapp.com/dynamic_content'.</msg>
<arg>url=${site}</arg>
<arg>browser=headlesschrome</arg>
<doc>Opens a new browser instance to the optional ``url``.</doc>
<status status="PASS" start="2026-02-26T01:21:34.442702" elapsed="1.995537"/>
</kw>
<kw name="Maximize Browser Window" owner="SeleniumLibrary">
<doc>Maximizes current browser window.</doc>
<status status="PASS" start="2026-02-26T01:21:36.438427" elapsed="0.022896"/>
</kw>
<kw name="Wait Until Element Is Visible" owner="SeleniumLibrary">
<arg>${titulo_pagina_inicial}</arg>
<arg>timeout=10s</arg>
<doc>Waits until the element ``locator`` is visible.</doc>
<status status="PASS" start="2026-02-26T01:21:36.461512" elapsed="0.015816"/>
</kw>
<status status="PASS" start="2026-02-26T01:21:34.442430" elapsed="2.035004"/>
</kw>
<status status="PASS" start="2026-02-26T01:21:34.442146" elapsed="2.035345"/>
</kw>
<kw name="Verificar por &quot;texto visível&quot;" owner="003tests" source_name="Verificar por &quot;${valor}&quot;">
<for flavor="IN RANGE">
<iter>
<kw name="Wait Until Page Contains Element" owner="SeleniumLibrary">
<arg>${css_selector}</arg>
<arg>10s</arg>
<doc>Waits until the element ``locator`` appears on the current page.</doc>
<status status="PASS" start="2026-02-26T01:21:36.478417" elapsed="0.006665"/>
</kw>
<if>
<branch type="IF" condition="&quot;${valor}&quot; == &quot;texto visível&quot;">
<kw name="Page Should Contain Element" owner="SeleniumLibrary">
<msg time="2026-02-26T01:21:36.494166" level="INFO">Current page contains element 'xpath=//a[normalize-space(.)='click here']'.</msg>
<arg>${texto_visivel}</arg>
<doc>Verifies that element ``locator`` is found on the current page.</doc>
<status status="PASS" start="2026-02-26T01:21:36.486083" elapsed="0.008165"/>
</kw>
<status status="PASS" start="2026-02-26T01:21:36.485460" elapsed="0.008848"/>
</branch>
<branch type="ELSE IF" condition="&quot;${valor}&quot; == &quot;estrutura DOM (nth-child)&quot;">
<kw name="Get Text" owner="SeleniumLibrary">
<var>${t1}</var>
<arg>${estrutura_dom}</arg>
<doc>Returns the text value of the element identified by ``locator``.</doc>
<status status="NOT RUN" start="2026-02-26T01:21:36.494507" elapsed="0.000028"/>
</kw>
<kw name="Should Not Be Empty" owner="BuiltIn">
<arg>${t1}</arg>
<doc>Verifies that the given item is not empty.</doc>
<status status="NOT RUN" start="2026-02-26T01:21:36.494643" elapsed="0.000027"/>
</kw>
<status status="NOT RUN" start="2026-02-26T01:21:36.494357" elapsed="0.000351"/>
</branch>
<branch type="ELSE IF" condition="&quot;${valor}&quot; == &quot;atributo parcial&quot;">
<kw name="Get Element Attribute" owner="SeleniumLibrary">
<var>${atributo}</var>
<arg>${atributo_parcial}</arg>
<arg>src</arg>
<doc>Returns the value of ``attribute`` from the element ``locator``.</doc>
<status status="NOT RUN" start="2026-02-26T01:21:36.494843" elapsed="0.000027"/>
</kw>
<kw name="Should Contain" owner="BuiltIn">
<arg>${atributo}</arg>
<arg>avatar</arg>
<doc>Fails if ``container`` does not contain ``item`` one or more times.</doc>
<status status="NOT RUN" start="2026-02-26T01:21:36.494978" elapsed="0.000026"/>
</kw>
<status status="NOT RUN" start="2026-02-26T01:21:36.494742" elapsed="0.000301"/>
</branch>
<branch type="ELSE IF" condition="&quot;${valor}&quot; == &quot;hierarquia (parent &gt; child)&quot;">
<kw name="Get Text" owner="SeleniumLibrary">
<var>${t2}</var>
<arg>${hierarquia}</arg>
<doc>Returns the text value of the element identified by ``locator``.</doc>
<status status="NOT RUN" start="2026-02-26T01:21:36.495175" elapsed="0.000025"/>
</kw>
<kw name="Should Not Be Empty" owner="BuiltIn">
<arg>${t2}</arg>
<doc>Verifies that the given item is not empty.</doc>
<status status="NOT RUN" start="2026-02-26T01:21:36.495297" elapsed="0.000025"/>
</kw>
<status status="NOT RUN" start="2026-02-26T01:21:36.495077" elapsed="0.000279"/>
</branch>
<branch type="ELSE IF" condition="&quot;${valor}&quot; == &quot;XPath&quot;">
<kw name="Get Text" owner="SeleniumLibrary">
<var>${t3}</var>
<arg>${xpath}</arg>
<doc>Returns the text value of the element identified by ``locator``.</doc>
<status status="NOT RUN" start="2026-02-26T01:21:36.495486" elapsed="0.000025"/>
</kw>
<kw name="Should Not Be Empty" owner="BuiltIn">
<arg>${t3}</arg>
<doc>Verifies that the given item is not empty.</doc>
<status status="NOT RUN" start="2026-02-26T01:21:36.495607" elapsed="0.000028"/>
</kw>
<status status="NOT RUN" start="2026-02-26T01:21:36.495390" elapsed="0.000280"/>
</branch>
<status status="PASS" start="2026-02-26T01:21:36.485397" elapsed="0.010307"/>
</if>
<kw name="Reload Page" owner="SeleniumLibrary">
<doc>Simulates user reloading page.</doc>
<status status="PASS" start="2026-02-26T01:21:36.495791" elapsed="0.194245"/>
</kw>
<var name="${i}">1</var>
<status status="PASS" start="2026-02-26T01:21:36.478290" elapsed="0.211820"/>
</iter>
<iter>
<kw name="Wait Until Page Contains Element" owner="SeleniumLibrary">
<arg>${css_selector}</arg>
<arg>10s</arg>
<doc>Waits until the element ``locator`` appears on the current page.</doc>
<status status="PASS" start="2026-02-26T01:21:36.690495" elapsed="0.005656"/>
</kw>
<if>
<branch type="IF" condition="&quot;${valor}&quot; == &quot;texto visível&quot;">
<kw name="Page Should Contain Element" owner="SeleniumLibrary">
<msg time="2026-02-26T01:21:36.700941" level="INFO">Current page contains element 'xpath=//a[normalize-space(.)='click here']'.</msg>
<arg>${texto_visivel}</arg>
<doc>Verifies that element ``locator`` is found on the current page.</doc>
<status status="PASS" start="2026-02-26T01:21:36.696530" elapsed="0.004493"/>
</kw>
<status status="PASS" start="2026-02-26T01:21:36.696285" elapsed="0.004798"/>
</branch>
<branch type="ELSE IF" condition="&quot;${valor}&quot; == &quot;estrutura DOM (nth-child)&quot;">
<kw name="Get Text" owner="SeleniumLibrary">
<var>${t1}</var>
<arg>${estrutura_dom}</arg>
<doc>Returns the text value of the element identified by ``locator``.</doc>
<status status="NOT RUN" start="2026-02-26T01:21:36.701297" elapsed="0.000029"/>
</kw>
<kw name="Should Not Be Empty" owner="BuiltIn">
<arg>${t1}</arg>
<doc>Verifies that the given item is not empty.</doc>
<status status="NOT RUN" start="2026-02-26T01:21:36.701433" elapsed="0.000030"/>
</kw>
<status status="NOT RUN" start="2026-02-26T01:21:36.701130" elapsed="0.000371"/>
</branch>
<branch type="ELSE IF" condition="&quot;${valor}&quot; == &quot;atributo parcial&quot;">
<kw name="Get Element Attribute" owner="SeleniumLibrary">
<var>${atributo}</var>
<arg>${atributo_parcial}</arg>
<arg>src</arg>
<doc>Returns the value of ``attribute`` from the element ``locator``.</doc>
<status status="NOT RUN" start="2026-02-26T01:21:36.701744" elapsed="0.000032"/>
</kw>
<kw name="Should Contain" owner="BuiltIn">
<arg>${atributo}</arg>
<arg>avatar</arg>
<doc>Fails if ``container`` does not contain ``item`` one or more times.</doc>
<status status="NOT RUN" start="2026-02-26T01:21:36.701962" elapsed="0.000046"/>
</kw>
<status status="NOT RUN" start="2026-02-26T01:21:36.701582" elapsed="0.000496"/>
</branch>
<branch type="ELSE IF" condition="&quot;${valor}&quot; == &quot;hierarquia (parent &gt; child)&quot;">
<kw name="Get Text" owner="SeleniumLibrary">
<var>${t2}</var>
<arg>${hierarquia}</arg>
<doc>Returns the text value of the element identified by ``locator``.</doc>
<status status="NOT RUN" start="2026-02-26T01:21:36.702366" elapsed="0.000044"/>
</kw>
<kw name="Should Not Be Empty" owner="BuiltIn">
<arg>${t2}</arg>
<doc>Verifies that the given item is not empty.</doc>
<status status="NOT RUN" start="2026-02-26T01:21:36.702585" elapsed="0.000042"/>
</kw>
<status status="NOT RUN" start="2026-02-26T01:21:36.702143" elapsed="0.000526"/>
</branch>
<branch type="ELSE IF" condition="&quot;${valor}&quot; == &quot;XPath&quot;">
<kw name="Get Text" owner="SeleniumLibrary">
<var>${t3}</var>
<arg>${xpath}</arg>
<doc>Returns the text value of the element identified by ``locator``.</doc>
<status status="NOT RUN" start="2026-02-26T01:21:36.702864" elapsed="0.000043"/>
</kw>
<kw name="Should Not Be Empty" owner="BuiltIn">
<arg>${t3}</arg>
<doc>Verifies that the given item is not empty.</doc>
<status status="NOT RUN" start="2026-02-26T01:21:36.703078" elapsed="0.000121"/>
</kw>
<status status="NOT RUN" start="2026-02-26T01:21:36.702712" elapsed="0.000686"/>
</branch>
<status status="PASS" start="2026-02-26T01:21:36.696260" elapsed="0.007215"/>
</if>
<kw name="Reload Page" owner="SeleniumLibrary">
<doc>Simulates user reloading page.</doc>
<status status="PASS" start="2026-02-26T01:21:36.703890" elapsed="0.114031"/>
</kw>
<var name="${i}">2</var>
<status status="PASS" start="2026-02-26T01:21:36.690357" elapsed="0.127668"/>
</iter>
<iter>
<kw name="Wait Until Page Contains Element" owner="SeleniumLibrary">
<arg>${css_selector}</arg>
<arg>10s</arg>
<doc>Waits until the element ``locator`` appears on the current page.</doc>
<status status="PASS" start="2026-02-26T01:21:36.818719" elapsed="0.006467"/>
</kw>
<if>
<branch type="IF" condition="&quot;${valor}&quot; == &quot;texto visível&quot;">
[...]
 body=None 
 </msg>
<msg time="2026-02-26T01:22:23.299508" level="INFO">GET Response : url=http://127.0.0.1:5050/products 
 status=200, reason=OK 
 headers={'Server': 'Werkzeug/3.1.6 Python/3.14.2', 'Date': 'Thu, 26 Feb 2026 04:22:23 GMT', 'Content-Type': 'application/json', 'Content-Length': '246', 'Connection': 'close'} 
 body=[{"category":"mock","description":"Mock item","id":1,"image":"https://example.com/p.png","price":100.0,"title":"Product"},{"category":"mock","description":"Mock item 2","id":2,"image":"https://example.com/p2.png","price":50.5,"title":"Another"}]
 
 </msg>
<msg time="2026-02-26T01:22:23.299602" level="INFO">${resp} = &lt;Response [200]&gt;</msg>
<var>${resp}</var>
<arg>mock</arg>
<arg>/products</arg>
<arg>expected_status=ANY</arg>
<doc>Sends a GET request on a previously created HTTP Session.</doc>
<status status="PASS" start="2026-02-26T01:22:23.297482" elapsed="0.002142"/>
</kw>
<if>
<branch type="IF" condition="${i} &lt;= 10">
<kw name="Should Be Equal As Integers" owner="BuiltIn">
<msg time="2026-02-26T01:22:23.300369" level="INFO">Argument types are:
&lt;class 'int'&gt;
&lt;class 'str'&gt;</msg>
<arg>${resp.status_code}</arg>
<arg>200</arg>
<doc>Fails if objects are unequal after converting them to integers.</doc>
<status status="PASS" start="2026-02-26T01:22:23.299862" elapsed="0.000567"/>
</kw>
<status status="PASS" start="2026-02-26T01:22:23.299699" elapsed="0.000769"/>
</branch>
<branch type="ELSE">
<kw name="Should Be Equal As Integers" owner="BuiltIn">
<arg>${resp.status_code}</arg>
<arg>429</arg>
<doc>Fails if objects are unequal after converting them to integers.</doc>
<status status="NOT RUN" start="2026-02-26T01:22:23.300581" elapsed="0.000018"/>
</kw>
<kw name="Should Contain" owner="BuiltIn">
<arg>${resp.text}</arg>
<arg>Rate limit</arg>
<doc>Fails if ``container`` does not contain ``item`` one or more times.</doc>
<status status="NOT RUN" start="2026-02-26T01:22:23.300679" elapsed="0.000015"/>
</kw>
<status status="NOT RUN" start="2026-02-26T01:22:23.300494" elapsed="0.000227"/>
</branch>
<status status="PASS" start="2026-02-26T01:22:23.299680" elapsed="0.001058"/>
</if>
<var name="${i}">8</var>
<status status="PASS" start="2026-02-26T01:22:23.297409" elapsed="0.003351"/>
</iter>
<iter>
<kw name="GET On Session" owner="RequestsLibrary">
<msg time="2026-02-26T01:22:23.303173" level="INFO">GET Request : url=http://127.0.0.1:5050/products 
 path_url=/products 
 headers={'User-Agent': 'python-requests/2.32.5', 'Accept-Encoding': 'gzip, deflate, zstd', 'Accept': '*/*', 'Connection': 'keep-alive'} 
 body=None 
 </msg>
<msg time="2026-02-26T01:22:23.303259" level="INFO">GET Response : url=http://127.0.0.1:5050/products 
 status=200, reason=OK 
 headers={'Server': 'Werkzeug/3.1.6 Python/3.14.2', 'Date': 'Thu, 26 Feb 2026 04:22:23 GMT', 'Content-Type': 'application/json', 'Content-Length': '246', 'Connection': 'close'} 
 body=[{"category":"mock","description":"Mock item","id":1,"image":"https://example.com/p.png","price":100.0,"title":"Product"},{"category":"mock","description":"Mock item 2","id":2,"image":"https://example.com/p2.png","price":50.5,"title":"Another"}]
 
 </msg>
<msg time="2026-02-26T01:22:23.303390" level="INFO">${resp} = &lt;Response [200]&gt;</msg>
<var>${resp}</var>
<arg>mock</arg>
<arg>/products</arg>
<arg>expected_status=ANY</arg>
<doc>Sends a GET request on a previously created HTTP Session.</doc>
<status status="PASS" start="2026-02-26T01:22:23.300959" elapsed="0.002455"/>
</kw>
<if>
<branch type="IF" condition="${i} &lt;= 10">
<kw name="Should Be Equal As Integers" owner="BuiltIn">
<msg time="2026-02-26T01:22:23.304476" level="INFO">Argument types are:
&lt;class 'int'&gt;
&lt;class 'str'&gt;</msg>
<arg>${resp.status_code}</arg>
<arg>200</arg>
<doc>Fails if objects are unequal after converting them to integers.</doc>
<status status="PASS" start="2026-02-26T01:22:23.303754" elapsed="0.000782"/>
</kw>
<status status="PASS" start="2026-02-26T01:22:23.303530" elapsed="0.001046"/>
</branch>
<branch type="ELSE">
<kw name="Should Be Equal As Integers" owner="BuiltIn">
<arg>${resp.status_code}</arg>
<arg>429</arg>
<doc>Fails if objects are unequal after converting them to integers.</doc>
<status status="NOT RUN" start="2026-02-26T01:22:23.304740" elapsed="0.000020"/>
</kw>
<kw name="Should Contain" owner="BuiltIn">
<arg>${resp.text}</arg>
<arg>Rate limit</arg>
<doc>Fails if ``container`` does not contain ``item`` one or more times.</doc>
<status status="NOT RUN" start="2026-02-26T01:22:23.304847" elapsed="0.000016"/>
</kw>
<status status="NOT RUN" start="2026-02-26T01:22:23.304603" elapsed="0.000288"/>
</branch>
<status status="PASS" start="2026-02-26T01:22:23.303504" elapsed="0.001405"/>
</if>
<var name="${i}">9</var>
<status status="PASS" start="2026-02-26T01:22:23.300885" elapsed="0.004050"/>
</iter>
<iter>
<kw name="GET On Session" owner="RequestsLibrary">
<msg time="2026-02-26T01:22:23.307282" level="INFO">GET Request : url=http://127.0.0.1:5050/products 
 path_url=/products 
 headers={'User-Agent': 'python-requests/2.32.5', 'Accept-Encoding': 'gzip, deflate, zstd', 'Accept': '*/*', 'Connection': 'keep-alive'} 
 body=None 
 </msg>
<msg time="2026-02-26T01:22:23.307398" level="INFO">GET Response : url=http://127.0.0.1:5050/products 
 status=200, reason=OK 
 headers={'Server': 'Werkzeug/3.1.6 Python/3.14.2', 'Date': 'Thu, 26 Feb 2026 04:22:23 GMT', 'Content-Type': 'application/json', 'Content-Length': '246', 'Connection': 'close'} 
 body=[{"category":"mock","description":"Mock item","id":1,"image":"https://example.com/p.png","price":100.0,"title":"Product"},{"category":"mock","description":"Mock item 2","id":2,"image":"https://example.com/p2.png","price":50.5,"title":"Another"}]
 
 </msg>
<msg time="2026-02-26T01:22:23.307502" level="INFO">${resp} = &lt;Response [200]&gt;</msg>
<var>${resp}</var>
<arg>mock</arg>
<arg>/products</arg>
<arg>expected_status=ANY</arg>
<doc>Sends a GET request on a previously created HTTP Session.</doc>
<status status="PASS" start="2026-02-26T01:22:23.305139" elapsed="0.002386"/>
</kw>
<if>
<branch type="IF" condition="${i} &lt;= 10">
<kw name="Should Be Equal As Integers" owner="BuiltIn">
<msg time="2026-02-26T01:22:23.308501" level="INFO">Argument types are:
&lt;class 'int'&gt;
&lt;class 'str'&gt;</msg>
<arg>${resp.status_code}</arg>
<arg>200</arg>
<doc>Fails if objects are unequal after converting them to integers.</doc>
<status status="PASS" start="2026-02-26T01:22:23.307845" elapsed="0.000708"/>
</kw>
<status status="PASS" start="2026-02-26T01:22:23.307605" elapsed="0.000985"/>
</branch>
<branch type="ELSE">
<kw name="Should Be Equal As Integers" owner="BuiltIn">
<arg>${resp.status_code}</arg>
<arg>429</arg>
<doc>Fails if objects are unequal after converting them to integers.</doc>
<status status="NOT RUN" start="2026-02-26T01:22:23.308710" elapsed="0.000019"/>
</kw>
<kw name="Should Contain" owner="BuiltIn">
<arg>${resp.text}</arg>
<arg>Rate limit</arg>
<doc>Fails if ``container`` does not contain ``item`` one or more times.</doc>
<status status="NOT RUN" start="2026-02-26T01:22:23.308814" elapsed="0.000017"/>
</kw>
<status status="NOT RUN" start="2026-02-26T01:22:23.308614" elapsed="0.000244"/>
</branch>
<status status="PASS" start="2026-02-26T01:22:23.307583" elapsed="0.001293"/>
</if>
<var name="${i}">10</var>
<status status="PASS" start="2026-02-26T01:22:23.305067" elapsed="0.003836"/>
</iter>
<iter>
<kw name="GET On Session" owner="RequestsLibrary">
<msg time="2026-02-26T01:22:23.311490" level="INFO">GET Request : url=http://127.0.0.1:5050/products 
 path_url=/products 
 headers={'User-Agent': 'python-requests/2.32.5', 'Accept-Encoding': 'gzip, deflate, zstd', 'Accept': '*/*', 'Connection': 'keep-alive'} 
 body=None 
 </msg>
<msg time="2026-02-26T01:22:23.311554" level="INFO">GET Response : url=http://127.0.0.1:5050/products 
 status=429, reason=TOO MANY REQUESTS 
 headers={'Server': 'Werkzeug/3.1.6 Python/3.14.2', 'Date': 'Thu, 26 Feb 2026 04:22:23 GMT', 'Content-Type': 'application/json', 'Content-Length': '32', 'Connection': 'close'} 
 body={"error":"Rate limit exceeded"}
 
 </msg>
<msg time="2026-02-26T01:22:23.311666" level="INFO">${resp} = &lt;Response [429]&gt;</msg>
<var>${resp}</var>
<arg>mock</arg>
<arg>/products</arg>
<arg>expected_status=ANY</arg>
<doc>Sends a GET request on a previously created HTTP Session.</doc>
<status status="PASS" start="2026-02-26T01:22:23.309161" elapsed="0.002528"/>
</kw>
<if>
<branch type="IF" condition="${i} &lt;= 10">
<kw name="Should Be Equal As Integers" owner="BuiltIn">
<arg>${resp.status_code}</arg>
<arg>200</arg>
<doc>Fails if objects are unequal after converting them to integers.</doc>
<status status="NOT RUN" start="2026-02-26T01:22:23.311975" elapsed="0.000020"/>
</kw>
<status status="NOT RUN" start="2026-02-26T01:22:23.311780" elapsed="0.000247"/>
</branch>
<branch type="ELSE">
<kw name="Should Be Equal As Integers" owner="BuiltIn">
<msg time="2026-02-26T01:22:23.312703" level="INFO">Argument types are:
&lt;class 'int'&gt;
&lt;class 'str'&gt;</msg>
<arg>${resp.status_code}</arg>
<arg>429</arg>
<doc>Fails if objects are unequal after converting them to integers.</doc>
<status status="PASS" start="2026-02-26T01:22:23.312130" elapsed="0.000627"/>
</kw>
<kw name="Should Contain" owner="BuiltIn">
<arg>${resp.text}</arg>
<arg>Rate limit</arg>
<doc>Fails if ``container`` does not contain ``item`` one or more times.</doc>
<status status="PASS" start="2026-02-26T01:22:23.312855" elapsed="0.000494"/>
</kw>
<status status="PASS" start="2026-02-26T01:22:23.312050" elapsed="0.001335"/>
</branch>
<status status="PASS" start="2026-02-26T01:22:23.311757" elapsed="0.001649"/>
</if>
<var name="${i}">11</var>
<status status="PASS" start="2026-02-26T01:22:23.309080" elapsed="0.004349"/>
</iter>
<iter>
<kw name="GET On Session" owner="RequestsLibrary">
<msg time="2026-02-26T01:22:23.315688" level="INFO">GET Request : url=http://127.0.0.1:5050/products 
 path_url=/products 
 headers={'User-Agent': 'python-requests/2.32.5', 'Accept-Encoding': 'gzip, deflate, zstd', 'Accept': '*/*', 'Connection': 'keep-alive'} 
 body=None 
 </msg>
<msg time="2026-02-26T01:22:23.315738" level="INFO">GET Response : url=http://127.0.0.1:5050/products 
 status=429, reason=TOO MANY REQUESTS 
 headers={'Server': 'Werkzeug/3.1.6 Python/3.14.2', 'Date': 'Thu, 26 Feb 2026 04:22:23 GMT', 'Content-Type': 'application/json', 'Content-Length': '32', 'Connection': 'close'} 
 body={"error":"Rate limit exceeded"}
 
 </msg>
<msg time="2026-02-26T01:22:23.315829" level="INFO">${resp} = &lt;Response [429]&gt;</msg>
<var>${resp}</var>
<arg>mock</arg>
<arg>/products</arg>
<arg>expected_status=ANY</arg>
<doc>Sends a GET request on a previously created HTTP Session.</doc>
<status status="PASS" start="2026-02-26T01:22:23.313634" elapsed="0.002217"/>
</kw>
<if>
<branch type="IF" condition="${i} &lt;= 10">
<kw name="Should Be Equal As Integers" owner="BuiltIn">
<arg>${resp.status_code}</arg>
<arg>200</arg>
<doc>Fails if objects are unequal after converting them to integers.</doc>
<status status="NOT RUN" start="2026-02-26T01:22:23.316116" elapsed="0.000019"/>
</kw>
<status status="NOT RUN" start="2026-02-26T01:22:23.315927" elapsed="0.000249"/>
</branch>
<branch type="ELSE">
<kw name="Should Be Equal As Integers" owner="BuiltIn">
<msg time="2026-02-26T01:22:23.316843" level="INFO">Argument types are:
&lt;class 'int'&gt;
&lt;class 'str'&gt;</msg>
<arg>${resp.status_code}</arg>
<arg>429</arg>
<doc>Fails if objects are unequal after converting them to integers.</doc>
<status status="PASS" start="2026-02-26T01:22:23.316292" elapsed="0.000601"/>
</kw>
<kw name="Should Contain" owner="BuiltIn">
<arg>${resp.text}</arg>
<arg>Rate limit</arg>
<doc>Fails if ``container`` does not contain ``item`` one or more times.</doc>
<status status="PASS" start="2026-02-26T01:22:23.317010" elapsed="0.000505"/>
</kw>
<status status="PASS" start="2026-02-26T01:22:23.316207" elapsed="0.001345"/>
</branch>
<status status="PASS" start="2026-02-26T01:22:23.315908" elapsed="0.001666"/>
</if>
<var name="${i}">12</var>
<status status="PASS" start="2026-02-26T01:22:23.313558" elapsed="0.004040"/>
</iter>
<var>${i}</var>
<value>1</value>
<value>13</value>
<status status="PASS" start="2026-02-26T01:22:23.269686" elapsed="0.047937"/>
</for>
<status status="PASS" start="2026-02-26T01:22:23.266327" elapsed="0.051348"/>
</kw>
<kw name="Stop Mock Server" owner="002resourcetestteardown" type="TEARDOWN">
<kw name="Run Keyword And Ignore Error" owner="BuiltIn">
<kw name="Terminate Process" owner="Process">
<msg time="2026-02-26T01:22:23.318490" level="INFO">Gracefully terminating process.</msg>
<msg time="2026-02-26T01:22:23.419717" level="INFO">Process completed.</msg>
<arg>${MOCK_PROC}</arg>
<doc>Stops the process gracefully or forcefully.</doc>
<status status="PASS" start="2026-02-26T01:22:23.318300" elapsed="0.101693"/>
</kw>
<arg>Terminate Process</arg>
<arg>${MOCK_PROC}</arg>
<doc>Runs the given keyword with the given arguments and ignores possible error.</doc>
<status status="PASS" start="2026-02-26T01:22:23.318059" elapsed="0.102123"/>
</kw>
<status status="PASS" start="2026-02-26T01:22:23.317851" elapsed="0.102458"/>
</kw>
<doc>Pré condição:

Usuario  e senha cadastrado</doc>
<tag>7.1test</tag>
<tag>MOCKSMAGAZORD</tag>
<tag>regression</tag>
<status status="PASS" start="2026-02-26T01:22:22.697855" elapsed="0.722546"/>
</test>
<doc>Este caso de teste tem como objetivo adicionar um produto ao carrinho</doc>
<status status="PASS" start="2026-02-26T01:22:22.604122" elapsed="0.816778"/>
</suite>
<status status="PASS" start="2026-02-26T01:22:22.602832" elapsed="0.818720"/>
</suite>
<status status="PASS" start="2026-02-26T01:22:22.601558" elapsed="0.820409"/>
</suite>
<status status="PASS" start="2026-02-26T01:22:22.600194" elapsed="0.822148"/>
</suite>
<status status="FAIL" start="2026-02-26T01:21:21.556201" elapsed="61.866580"/>
</suite>
<statistics>
<total>
<stat pass="7" fail="3" skip="0">All Tests</stat>
</total>
<tag>
<stat pass="1" fail="0" skip="0">1.1test</stat>
<stat pass="0" fail="1" skip="0">1.2test</stat>
<stat pass="1" fail="0" skip="0">2.1test</stat>
<stat pass="1" fail="0" skip="0">2.2test</stat>
<stat pass="1" fail="0" skip="0">3.1test</stat>
<stat pass="1" fail="0" skip="0">4.1test</stat>
<stat pass="0" fail="1" skip="0">5.1test</stat>
<stat pass="0" fail="1" skip="0">6.1test</stat>
<stat pass="1" fail="0" skip="0">6.2test</stat>
<stat pass="1" fail="0" skip="0">7.1test</stat>
<stat pass="1" fail="1" skip="0">APIMAGAZORD</stat>
<stat pass="1" fail="0" skip="0">ARQUIVOSMAGAZORD</stat>
<stat pass="3" fail="0" skip="0">E2EMAGAZORD</stat>
<stat pass="1" fail="0" skip="0">FRONTENDMAGAZORD</stat>
<stat pass="0" fail="1" skip="0">MOBILEMAGAZORD</stat>
<stat pass="1" fail="0" skip="0">MOCKSMAGAZORD</stat>
<stat pass="0" fail="1" skip="0">PIRAMIDEMAGAZORD</stat>
<stat pass="7" fail="3" skip="0">regression</stat>
</tag>
<suite>
<stat name="TesteMagazord" id="s1" pass="7" fail="3" skip="0">TesteMagazord</stat>
<stat name="Parte1-Api" id="s1-s1" pass="1" fail="1" skip="0">TesteMagazord.Parte1-Api</stat>
<stat name="Questao1.1" id="s1-s1-s1" pass="1" fail="1" skip="0">TesteMagazord.Parte1-Api.Questao1.1</stat>
<stat name="Tests" id="s1-s1-s1-s1" pass="1" fail="1" skip="0">TesteMagazord.Parte1-Api.Questao1.1.Tests</stat>
<stat name="1.1Test" id="s1-s1-s1-s1-s1" pass="1" fail="0" skip="0">TesteMagazord.Parte1-Api.Questao1.1.Tests.1.1Test</stat>
<stat name="1.2Test" id="s1-s1-s1-s1-s2" pass="0" fail="1" skip="0">TesteMagazord.Parte1-Api.Questao1.1.Tests.1.2Test</stat>
<stat name="Parte2-2E2" id="s1-s2" pass="2" fail="0" skip="0">TesteMagazord.Parte2-2E2</stat>
<stat name="Questao2.1" id="s1-s2-s1" pass="1" fail="0" skip="0">TesteMagazord.Parte2-2E2.Questao2.1</stat>
<stat name="2.1Test" id="s1-s2-s1-s1" pass="1" fail="0" skip="0">TesteMagazord.Parte2-2E2.Questao2.1.2.1Test</stat>
<stat name="Questao2.2" id="s1-s2-s2" pass="1" fail="0" skip="0">TesteMagazord.Parte2-2E2.Questao2.2</stat>
<stat name="2.2Test" id="s1-s2-s2-s1" pass="1" fail="0" skip="0">TesteMagazord.Parte2-2E2.Questao2.2.2.2Test</stat>
<stat name="Parte3-Frontend" id="s1-s3" pass="1" fail="0" skip="0">TesteMagazord.Parte3-Frontend</stat>
<stat name="Questao3.1" id="s1-s3-s1" pass="1" fail="0" skip="0">TesteMagazord.Parte3-Frontend.Questao3.1</stat>
<stat name="Tests" id="s1-s3-s1-s1" pass="1" fail="0" skip="0">TesteMagazord.Parte3-Frontend.Questao3.1.Tests</stat>
<stat name="3.1Test" id="s1-s3-s1-s1-s1" pass="1" fail="0" skip="0">TesteMagazord.Parte3-Frontend.Questao3.1.Tests.3.1Test</stat>
<stat name="Parte4-Arquivos" id="s1-s4" pass="1" fail="0" skip="0">TesteMagazord.Parte4-Arquivos</stat>
<stat name="Questao4.1" id="s1-s4-s1" pass="1" fail="0" skip="0">TesteMagazord.Parte4-Arquivos.Questao4.1</stat>
<stat name="Tests" id="s1-s4-s1-s1" pass="1" fail="0" skip="0">TesteMagazord.Parte4-Arquivos.Questao4.1.Tests</stat>
<stat name="4.1Test" id="s1-s4-s1-s1-s1" pass="1" fail="0" skip="0">TesteMagazord.Parte4-Arquivos.Questao4.1.Tests.4.1Test</stat>
<stat name="Parte5-Mobile" id="s1-s5" pass="0" fail="1" skip="0">TesteMagazord.Parte5-Mobile</stat>
<stat name="Questao5.1" id="s1-s5-s1" pass="0" fail="1" skip="0">TesteMagazord.Parte5-Mobile.Questao5.1</stat>
<stat name="Testes" id="s1-s5-s1-s1" pass="0" fail="1" skip="0">TesteMagazord.Parte5-Mobile.Questao5.1.Testes</stat>
<stat name="5.1Test.Robot" id="s1-s5-s1-s1-s1" pass="0" fail="1" skip="0">TesteMagazord.Parte5-Mobile.Questao5.1.Testes.5.1Test.Robot</stat>
<stat name="Parte6-Piramide" id="s1-s6" pass="1" fail="1" skip="0">TesteMagazord.Parte6-Piramide</stat>
<stat name="Questao6.1" id="s1-s6-s1" pass="1" fail="1" skip="0">TesteMagazord.Parte6-Piramide.Questao6.1</stat>
<stat name="Tests" id="s1-s6-s1-s1" pass="1" fail="1" skip="0">TesteMagazord.Parte6-Piramide.Questao6.1.Tests</stat>
<stat name="6.1Test" id="s1-s6-s1-s1-s1" pass="0" fail="1" skip="0">TesteMagazord.Parte6-Piramide.Questao6.1.Tests.6.1Test</stat>
<stat name="6.2Test" id="s1-s6-s1-s1-s2" pass="1" fail="0" skip="0">TesteMagazord.Parte6-Piramide.Questao6.1.Tests.6.2Test</stat>
<stat name="Parte7-Mocks" id="s1-s7" pass="1" fail="0" skip="0">TesteMagazord.Parte7-Mocks</stat>
<stat name="Questao7.1" id="s1-s7-s1" pass="1" fail="0" skip="0">TesteMagazord.Parte7-Mocks.Questao7.1</stat>
<stat name="Tests" id="s1-s7-s1-s1" pass="1" fail="0" skip="0">TesteMagazord.Parte7-Mocks.Questao7.1.Tests</stat>
<stat name="7.1Test" id="s1-s7-s1-s1-s1" pass="1" fail="0" skip="0">TesteMagazord.Parte7-Mocks.Questao7.1.Tests.7.1Test</stat>
</suite>
</statistics>
<errors>
<msg time="2026-02-26T01:21:49.002343" level="WARN">Retrying (Retry(total=2, connect=None, read=None, redirect=None, status=None)) after connection broken by 'NewConnectionError("HTTPConnection(host='127.0.0.1', port=4723): Failed to establish a new connection: [WinError 10061] Nenhuma conexão pôde ser feita porque a máquina de destino as recusou ativamente")': /wd/hub/session</msg>
<msg time="2026-02-26T01:21:51.029059" level="WARN">Retrying (Retry(total=1, connect=None, read=None, redirect=None, status=None)) after connection broken by 'NewConnectionError("HTTPConnection(host='127.0.0.1', port=4723): Failed to establish a new connection: [WinError 10061] Nenhuma conexão pôde ser feita porque a máquina de destino as recusou ativamente")': /wd/hub/session</msg>
<msg time="2026-02-26T01:21:53.063891" level="WARN">Retrying (Retry(total=0, connect=None, read=None, redirect=None, status=None)) after connection broken by 'NewConnectionError("HTTPConnection(host='127.0.0.1', port=4723): Failed to establish a new connection: [WinError 10061] Nenhuma conexão pôde ser feita porque a máquina de destino as recusou ativamente")': /wd/hub/session</msg>
<msg time="2026-02-26T01:21:55.110083" level="WARN">Keyword 'Capture Page Screenshot' could not be run on failure: No application is open</msg>
</errors>
</robot>
