<?xml version="1.0" encoding="UTF-8"?>
<robot generator="Robot 7.4.1 (Python 3.14.2 on win32)" generated="2026-02-26T01:50:04.687551" rpa="false" schemaversion="5">
<suite id="s1" name="TesteMagazord" source="E:\testemagazord\app\data\TesteMagazord">
<suite id="s1-s1" name="Parte1-Api" source="E:\testemagazord\app\data\TesteMagazord\parte1-api">
<suite id="s1-s1-s1" name="Questao1.1" source="E:\testemagazord\app\data\TesteMagazord\parte1-api\questao1.1">
<suite id="s1-s1-s1-s1" name="Tests" source="E:\testemagazord\app\data\TesteMagazord\parte1-api\questao1.1\tests">
<suite id="s1-s1-s1-s1-s1" name="1.1Test" source="E:\testemagazord\app\data\TesteMagazord\parte1-api\questao1.1\tests\1.1test.robot">
<test id="s1-s1-s1-s1-s1-t1" name="1.1test" line="7">
<kw name="Validar headers rate limit" owner="003tests">
<kw name="Criar sessao GitHub" owner="003tests">
<kw name="Create Session" owner="RequestsLibrary">
<msg time="2026-02-26T01:50:05.425561" level="INFO">Creating Session using : alias=magazord, url=https://api.github.com, headers={},                     cookies={}, auth=None, timeout=None, proxies=None, verify=True,                     debug=0 </msg>
<arg>${sessao}</arg>
<arg>${base_url}</arg>
<arg>verify=${True}</arg>
<doc>Create Session: create a HTTP session to a server</doc>
<status status="PASS" start="2026-02-26T01:50:05.424966" elapsed="0.000836"/>
</kw>
<status status="PASS" start="2026-02-26T01:50:05.423068" elapsed="0.002862"/>
</kw>
<kw name="Fazer GET usuario GitHub" owner="003tests">
<kw name="GET On Session" owner="RequestsLibrary">
<msg time="2026-02-26T01:50:06.011227" level="INFO">GET Request : url=https://api.github.com/users/github 
 path_url=/users/github 
 headers={'User-Agent': 'python-requests/2.32.5', 'Accept-Encoding': 'gzip, deflate, zstd', 'Accept': '*/*', 'Connection': 'keep-alive'} 
 body=None 
 </msg>
<msg time="2026-02-26T01:50:06.011365" level="INFO">GET Response : url=https://api.github.com/users/github 
 status=200, reason=OK 
 headers={'Date': 'Thu, 26 Feb 2026 04:50:07 GMT', 'Content-Type': 'application/json; charset=utf-8', 'Cache-Control': 'public, max-age=60, s-maxage=60', 'Vary': 'Accept,Accept-Encoding, Accept, X-Requested-With', 'ETag': 'W/"dac5f0aa7fecc0c82f521fd5b97247b2103fec0189a86a3e43813f2946876df3"', 'Last-Modified': 'Tue, 24 Feb 2026 15:58:00 GMT', 'X-GitHub-Media-Type': 'github.v3; format=json', 'x-github-api-version-selected': '2022-11-28', 'Access-Control-Expose-Headers': 'ETag, Link, Location, Retry-After, X-GitHub-OTP, X-RateLimit-Limit, X-RateLimit-Remaining, X-RateLimit-Used, X-RateLimit-Resource, X-RateLimit-Reset, X-OAuth-Scopes, X-Accepted-OAuth-Scopes, X-Poll-Interval, X-GitHub-Media-Type, X-GitHub-SSO, X-GitHub-Request-Id, Deprecation, Sunset', 'Access-Control-Allow-Origin': '*', 'Strict-Transport-Security': 'max-age=31536000; includeSubdomains; preload', 'X-Frame-Options': 'deny', 'X-Content-Type-Options': 'nosniff', 'X-XSS-Protection': '0', 'Referrer-Policy': 'origin-when-cross-origin, strict-origin-when-cross-origin', 'Content-Security-Policy': "default-src 'none'", 'Content-Encoding': 'gzip', 'Server': 'github.com', 'Accept-Ranges': 'bytes', 'X-RateLimit-Limit': '60', 'X-RateLimit-Remaining': '59', 'X-RateLimit-Reset': '1772085007', 'X-RateLimit-Resource': 'core', 'X-RateLimit-Used': '1', 'Content-Length': '519', 'X-GitHub-Request-Id': '754B:11589:1C60469:1F172E4:699FD0FF'} 
 body={"login":"github","id":9919,"node_id":"MDEyOk9yZ2FuaXphdGlvbjk5MTk=","avatar_url":"https://avatars.githubusercontent.com/u/9919?v=4","gravatar_id":"","url":"https://api.github.com/users/github","html_url":"https://github.com/github","followers_url":"https://api.github.com/users/github/followers","following_url":"https://api.github.com/users/github/following{/other_user}","gists_url":"https://api.github.com/users/github/gists{/gist_id}","starred_url":"https://api.github.com/users/github/starred{/owner}{/repo}","subscriptions_url":"https://api.github.com/users/github/subscriptions","organizations_url":"https://api.github.com/users/github/orgs","repos_url":"https://api.github.com/users/github/repos","events_url":"https://api.github.com/users/github/events{/privacy}","received_events_url":"https://api.github.com/users/github/received_events","type":"Organization","user_view_type":"public","site_admin":false,"name":"GitHub","company":null,"blog":"https://github.com/about","location":"San Francisco, CA","email":null,"hireable":null,"bio":"How people build software.","twitter_username":null,"public_repos":539,"public_gists":0,"followers":69301,"following":0,"created_at":"2008-05-11T04:37:31Z","updated_at":"2026-02-24T15:58:00Z"} 
 </msg>
<msg time="2026-02-26T01:50:06.011500" level="INFO">${resp} = &lt;Response [200]&gt;</msg>
<var>${resp}</var>
<arg>${sessao}</arg>
<arg>${endpoint}</arg>
<doc>Sends a GET request on a previously created HTTP Session.</doc>
<status status="PASS" start="2026-02-26T01:50:05.426361" elapsed="0.585168"/>
</kw>
<return>
<value>${resp}</value>
<status status="PASS" start="2026-02-26T01:50:06.011609" elapsed="0.000057"/>
</return>
<msg time="2026-02-26T01:50:06.011812" level="INFO">${resp} = &lt;Response [200]&gt;</msg>
<var>${resp}</var>
<status status="PASS" start="2026-02-26T01:50:05.426117" elapsed="0.585722"/>
</kw>
<kw name="Should Be Equal As Integers" owner="BuiltIn">
<msg time="2026-02-26T01:50:06.012531" level="INFO">Argument types are:
&lt;class 'int'&gt;
&lt;class 'str'&gt;</msg>
<arg>${resp.status_code}</arg>
<arg>200</arg>
<doc>Fails if objects are unequal after converting them to integers.</doc>
<status status="PASS" start="2026-02-26T01:50:06.011979" elapsed="0.000612"/>
</kw>
<kw name="Dictionary Should Contain Key" owner="Collections">
<arg>${resp.headers}</arg>
<arg>X-RateLimit-Limit</arg>
<doc>Fails if ``key`` is not found from ``dictionary``.</doc>
<status status="PASS" start="2026-02-26T01:50:06.012703" elapsed="0.000392"/>
</kw>
<kw name="Dictionary Should Contain Key" owner="Collections">
<arg>${resp.headers}</arg>
<arg>X-RateLimit-Remaining</arg>
<doc>Fails if ``key`` is not found from ``dictionary``.</doc>
<status status="PASS" start="2026-02-26T01:50:06.013202" elapsed="0.000358"/>
</kw>
<kw name="Dictionary Should Contain Key" owner="Collections">
<arg>${resp.headers}</arg>
<arg>X-RateLimit-Reset</arg>
<doc>Fails if ``key`` is not found from ``dictionary``.</doc>
<status status="PASS" start="2026-02-26T01:50:06.013666" elapsed="0.000356"/>
</kw>
<kw name="Get From Dictionary" owner="Collections">
<msg time="2026-02-26T01:50:06.014500" level="INFO">${limit} = 60</msg>
<var>${limit}</var>
<arg>${resp.headers}</arg>
<arg>X-RateLimit-Limit</arg>
<doc>Returns a value from the given ``dictionary`` based on the given ``key``.</doc>
<status status="PASS" start="2026-02-26T01:50:06.014128" elapsed="0.000400"/>
</kw>
<kw name="Get From Dictionary" owner="Collections">
<msg time="2026-02-26T01:50:06.015155" level="INFO">${remaining} = 59</msg>
<var>${remaining}</var>
<arg>${resp.headers}</arg>
<arg>X-RateLimit-Remaining</arg>
<doc>Returns a value from the given ``dictionary`` based on the given ``key``.</doc>
<status status="PASS" start="2026-02-26T01:50:06.014660" elapsed="0.000523"/>
</kw>
<kw name="Get From Dictionary" owner="Collections">
<msg time="2026-02-26T01:50:06.015673" level="INFO">${reset} = 1772085007</msg>
<var>${reset}</var>
<arg>${resp.headers}</arg>
<arg>X-RateLimit-Reset</arg>
<doc>Returns a value from the given ``dictionary`` based on the given ``key``.</doc>
<status status="PASS" start="2026-02-26T01:50:06.015291" elapsed="0.000410"/>
</kw>
<kw name="Convert To Integer" owner="BuiltIn">
<msg time="2026-02-26T01:50:06.016067" level="INFO">${limit} = 60</msg>
<var>${limit}</var>
<arg>${limit}</arg>
<doc>Converts the given item to an integer number.</doc>
<status status="PASS" start="2026-02-26T01:50:06.015806" elapsed="0.000288"/>
</kw>
<kw name="Convert To Integer" owner="BuiltIn">
<msg time="2026-02-26T01:50:06.016435" level="INFO">${remaining} = 59</msg>
<var>${remaining}</var>
<arg>${remaining}</arg>
<doc>Converts the given item to an integer number.</doc>
<status status="PASS" start="2026-02-26T01:50:06.016195" elapsed="0.000268"/>
</kw>
<kw name="Convert To Integer" owner="BuiltIn">
<msg time="2026-02-26T01:50:06.016819" level="INFO">${reset} = 1772085007</msg>
<var>${reset}</var>
<arg>${reset}</arg>
<doc>Converts the given item to an integer number.</doc>
<status status="PASS" start="2026-02-26T01:50:06.016581" elapsed="0.000265"/>
</kw>
<kw name="Should Be True" owner="BuiltIn">
<arg>${limit} &gt; 0</arg>
<doc>Fails if the given condition is not true.</doc>
<status status="PASS" start="2026-02-26T01:50:06.016944" elapsed="0.000290"/>
</kw>
<kw name="Should Be True" owner="BuiltIn">
<arg>${remaining} &gt;= 0</arg>
<doc>Fails if the given condition is not true.</doc>
<status status="PASS" start="2026-02-26T01:50:06.017337" elapsed="0.000288"/>
</kw>
<kw name="Should Be True" owner="BuiltIn">
<arg>${reset} &gt; 0</arg>
<doc>Fails if the given condition is not true.</doc>
<status status="PASS" start="2026-02-26T01:50:06.017726" elapsed="0.000240"/>
</kw>
<kw name="Log" owner="BuiltIn">
<msg time="2026-02-26T01:50:06.018313" level="INFO">RateLimit: limit=60 remaining=59 reset=1772085007</msg>
<arg>RateLimit: limit=${limit} remaining=${remaining} reset=${reset}</arg>
<doc>Logs the given message with the given level.</doc>
<status status="PASS" start="2026-02-26T01:50:06.018068" elapsed="0.000287"/>
</kw>
<status status="PASS" start="2026-02-26T01:50:05.422720" elapsed="0.595695"/>
</kw>
<kw name="Nao bloquear testes" owner="003tests">
<kw name="Criar sessao GitHub" owner="003tests">
<kw name="Create Session" owner="RequestsLibrary">
<msg time="2026-02-26T01:50:06.019092" level="INFO">Creating Session using : alias=magazord, url=https://api.github.com, headers={},                     cookies={}, auth=None, timeout=None, proxies=None, verify=True,                     debug=0 </msg>
<arg>${sessao}</arg>
<arg>${base_url}</arg>
<arg>verify=${True}</arg>
<doc>Create Session: create a HTTP session to a server</doc>
<status status="PASS" start="2026-02-26T01:50:06.018922" elapsed="0.000297"/>
</kw>
<status status="PASS" start="2026-02-26T01:50:06.018748" elapsed="0.000536"/>
</kw>
<kw name="Fazer GET usuario GitHub" owner="003tests">
<kw name="GET On Session" owner="RequestsLibrary">
<msg time="2026-02-26T01:50:06.451527" level="INFO">GET Request : url=https://api.github.com/users/github 
 path_url=/users/github 
 headers={'User-Agent': 'python-requests/2.32.5', 'Accept-Encoding': 'gzip, deflate, zstd', 'Accept': '*/*', 'Connection': 'keep-alive'} 
 body=None 
 </msg>
<msg time="2026-02-26T01:50:06.451623" level="INFO">GET Response : url=https://api.github.com/users/github 
 status=200, reason=OK 
 headers={'Date': 'Thu, 26 Feb 2026 04:50:07 GMT', 'Content-Type': 'application/json; charset=utf-8', 'Cache-Control': 'public, max-age=60, s-maxage=60', 'Vary': 'Accept,Accept-Encoding, Accept, X-Requested-With', 'ETag': 'W/"dac5f0aa7fecc0c82f521fd5b97247b2103fec0189a86a3e43813f2946876df3"', 'Last-Modified': 'Tue, 24 Feb 2026 15:58:00 GMT', 'X-GitHub-Media-Type': 'github.v3; format=json', 'x-github-api-version-selected': '2022-11-28', 'Access-Control-Expose-Headers': 'ETag, Link, Location, Retry-After, X-GitHub-OTP, X-RateLimit-Limit, X-RateLimit-Remaining, X-RateLimit-Used, X-RateLimit-Resource, X-RateLimit-Reset, X-OAuth-Scopes, X-Accepted-OAuth-Scopes, X-Poll-Interval, X-GitHub-Media-Type, X-GitHub-SSO, X-GitHub-Request-Id, Deprecation, Sunset', 'Access-Control-Allow-Origin': '*', 'Strict-Transport-Security': 'max-age=31536000; includeSubdomains; preload', 'X-Frame-Options': 'deny', 'X-Content-Type-Options': 'nosniff', 'X-XSS-Protection': '0', 'Referrer-Policy': 'origin-when-cross-origin, strict-origin-when-cross-origin', 'Content-Security-Policy': "default-src 'none'", 'Content-Encoding': 'gzip', 'Server': 'github.com', 'Accept-Ranges': 'bytes', 'X-RateLimit-Limit': '60', 'X-RateLimit-Remaining': '58', 'X-RateLimit-Reset': '1772085007', 'X-RateLimit-Resource': 'core', 'X-RateLimit-Used': '2', 'Content-Length': '519', 'X-GitHub-Request-Id': '754D:D6B19:1C8D53F:1F4424D:699FD100'} 
 body={"login":"github","id":9919,"node_id":"MDEyOk9yZ2FuaXphdGlvbjk5MTk=","avatar_url":"https://avatars.githubusercontent.com/u/9919?v=4","gravatar_id":"","url":"https://api.github.com/users/github","html_url":"https://github.com/github","followers_url":"https://api.github.com/users/github/followers","following_url":"https://api.github.com/users/github/following{/other_user}","gists_url":"https://api.github.com/users/github/gists{/gist_id}","starred_url":"https://api.github.com/users/github/starred{/owner}{/repo}","subscriptions_url":"https://api.github.com/users/github/subscriptions","organizations_url":"https://api.github.com/users/github/orgs","repos_url":"https://api.github.com/users/github/repos","events_url":"https://api.github.com/users/github/events{/privacy}","received_events_url":"https://api.github.com/users/github/received_events","type":"Organization","user_view_type":"public","site_admin":false,"name":"GitHub","company":null,"blog":"https://github.com/about","location":"San Francisco, CA","email":null,"hireable":null,"bio":"How people build software.","twitter_username":null,"public_repos":539,"public_gists":0,"followers":69301,"following":0,"created_at":"2008-05-11T04:37:31Z","updated_at":"2026-02-24T15:58:00Z"} 
 </msg>
<msg time="2026-02-26T01:50:06.451747" level="INFO">${resp} = &lt;Response [200]&gt;</msg>
<var>${resp}</var>
<arg>${sessao}</arg>
<arg>${endpoint}</arg>
<doc>Sends a GET request on a previously created HTTP Session.</doc>
<status status="PASS" start="2026-02-26T01:50:06.019584" elapsed="0.432190"/>
</kw>
<return>
<value>${resp}</value>
<status status="PASS" start="2026-02-26T01:50:06.451853" elapsed="0.000054"/>
</return>
<msg time="2026-02-26T01:50:06.452045" level="INFO">${resp1} = &lt;Response [200]&gt;</msg>
<var>${resp1}</var>
<status status="PASS" start="2026-02-26T01:50:06.019408" elapsed="0.432663"/>
</kw>
<kw name="Rate limit guard" owner="003tests">
<kw name="Get From Dictionary" owner="Collections">
<msg time="2026-02-26T01:50:06.453051" level="INFO">${remaining} = 58</msg>
<var>${remaining}</var>
<arg>${resp.headers}</arg>
<arg>X-RateLimit-Remaining</arg>
<doc>Returns a value from the given ``dictionary`` based on the given ``key``.</doc>
<status status="PASS" start="2026-02-26T01:50:06.452568" elapsed="0.000512"/>
</kw>
<kw name="Get From Dictionary" owner="Collections">
<msg time="2026-02-26T01:50:06.453590" level="INFO">${reset} = 1772085007</msg>
<var>${reset}</var>
<arg>${resp.headers}</arg>
<arg>X-RateLimit-Reset</arg>
<doc>Returns a value from the given ``dictionary`` based on the given ``key``.</doc>
<status status="PASS" start="2026-02-26T01:50:06.453191" elapsed="0.000427"/>
</kw>
<kw name="Convert To Integer" owner="BuiltIn">
<msg time="2026-02-26T01:50:06.454008" level="INFO">${remaining} = 58</msg>
<var>${remaining}</var>
<arg>${remaining}</arg>
<doc>Converts the given item to an integer number.</doc>
<status status="PASS" start="2026-02-26T01:50:06.453727" elapsed="0.000307"/>
</kw>
<kw name="Convert To Integer" owner="BuiltIn">
<msg time="2026-02-26T01:50:06.454382" level="INFO">${reset} = 1772085007</msg>
<var>${reset}</var>
<arg>${reset}</arg>
<doc>Converts the given item to an integer number.</doc>
<status status="PASS" start="2026-02-26T01:50:06.454136" elapsed="0.000271"/>
</kw>
<if>
<branch type="IF" condition="${remaining} &lt;= ${THRESHOLD}">
<kw name="Get Current Date" owner="DateTime">
<var>${now}</var>
<arg>result_format=epoch</arg>
<doc>Returns current local or UTC time with an optional increment.</doc>
<status status="NOT RUN" start="2026-02-26T01:50:06.454695" elapsed="0.000028"/>
</kw>
<kw name="Evaluate" owner="BuiltIn">
<var>${wait_ms}</var>
<arg>max(0, (${reset}*1000) - (${now}*1000) + ${SAFETY_MS})</arg>
<doc>Evaluates the given expression in Python and returns the result.</doc>
<status status="NOT RUN" start="2026-02-26T01:50:06.454823" elapsed="0.000025"/>
</kw>
<kw name="Log" owner="BuiltIn">
<arg>[Guard] remaining=${remaining} -&gt; esperando ${wait_ms} ms até o reset</arg>
<doc>Logs the given message with the given level.</doc>
<status status="NOT RUN" start="2026-02-26T01:50:06.454939" elapsed="0.000024"/>
</kw>
<kw name="Sleep" owner="BuiltIn">
<arg>${wait_ms}ms</arg>
<doc>Pauses the test executed for the given time.</doc>
<status status="NOT RUN" start="2026-02-26T01:50:06.455074" elapsed="0.000024"/>
</kw>
<status status="NOT RUN" start="2026-02-26T01:50:06.454498" elapsed="0.000635"/>
</branch>
<branch type="ELSE">
<kw name="Log" owner="BuiltIn">
<msg time="2026-02-26T01:50:06.455491" level="INFO">[Guard] remaining=58 ok</msg>
<arg>[Guard] remaining=${remaining} ok</arg>
<doc>Logs the given message with the given level.</doc>
<status status="PASS" start="2026-02-26T01:50:06.455265" elapsed="0.000268"/>
</kw>
<status status="PASS" start="2026-02-26T01:50:06.455174" elapsed="0.000400"/>
</branch>
<status status="PASS" start="2026-02-26T01:50:06.454473" elapsed="0.001137"/>
</if>
<arg>${resp1}</arg>
<status status="PASS" start="2026-02-26T01:50:06.452307" elapsed="0.003348"/>
</kw>
<kw name="Fazer GET usuario GitHub" owner="003tests">
<kw name="GET On Session" owner="RequestsLibrary">
<msg time="2026-02-26T01:50:06.508366" level="INFO">GET Request : url=https://api.github.com/users/github 
 path_url=/users/github 
 headers={'User-Agent': 'python-requests/2.32.5', 'Accept-Encoding': 'gzip, deflate, zstd', 'Accept': '*/*', 'Connection': 'keep-alive'} 
 body=None 
 </msg>
<msg time="2026-02-26T01:50:06.508468" level="INFO">GET Response : url=https://api.github.com/users/github 
 status=200, reason=OK 
 headers={'Date': 'Thu, 26 Feb 2026 04:50:07 GMT', 'Content-Type': 'application/json; charset=utf-8', 'Cache-Control': 'public, max-age=60, s-maxage=60', 'Vary': 'Accept,Accept-Encoding, Accept, X-Requested-With', 'ETag': 'W/"dac5f0aa7fecc0c82f521fd5b97247b2103fec0189a86a3e43813f2946876df3"', 'Last-Modified': 'Tue, 24 Feb 2026 15:58:00 GMT', 'X-GitHub-Media-Type': 'github.v3; format=json', 'x-github-api-version-selected': '2022-11-28', 'Access-Control-Expose-Headers': 'ETag, Link, Location, Retry-After, X-GitHub-OTP, X-RateLimit-Limit, X-RateLimit-Remaining, X-RateLimit-Used, X-RateLimit-Resource, X-RateLimit-Reset, X-OAuth-Scopes, X-Accepted-OAuth-Scopes, X-Poll-Interval, X-GitHub-Media-Type, X-GitHub-SSO, X-GitHub-Request-Id, Deprecation, Sunset', 'Access-Control-Allow-Origin': '*', 'Strict-Transport-Security': 'max-age=31536000; includeSubdomains; preload', 'X-Frame-Options': 'deny', 'X-Content-Type-Options': 'nosniff', 'X-XSS-Protection': '0', 'Referrer-Policy': 'origin-when-cross-origin, strict-origin-when-cross-origin', 'Content-Security-Policy': "default-src 'none'", 'Content-Encoding': 'gzip', 'Server': 'github.com', 'Accept-Ranges': 'bytes', 'X-RateLimit-Limit': '60', 'X-RateLimit-Remaining': '57', 'X-RateLimit-Reset': '1772085007', 'X-RateLimit-Resource': 'core', 'X-RateLimit-Used': '3', 'Content-Length': '519', 'X-GitHub-Request-Id': '754D:D6B19:1C8D548:1F44256:699FD100'} 
 body={"login":"github","id":9919,"node_id":"MDEyOk9yZ2FuaXphdGlvbjk5MTk=","avatar_url":"https://avatars.githubusercontent.com/u/9919?v=4","gravatar_id":"","url":"https://api.github.com/users/github","html_url":"https://github.com/github","followers_url":"https://api.github.com/users/github/followers","following_url":"https://api.github.com/users/github/following{/other_user}","gists_url":"https://api.github.com/users/github/gists{/gist_id}","starred_url":"https://api.github.com/users/github/starred{/owner}{/repo}","subscriptions_url":"https://api.github.com/users/github/subscriptions","organizations_url":"https://api.github.com/users/github/orgs","repos_url":"https://api.github.com/users/github/repos","events_url":"https://api.github.com/users/github/events{/privacy}","received_events_url":"https://api.github.com/users/github/received_events","type":"Organization","user_view_type":"public","site_admin":false,"name":"GitHub","company":null,"blog":"https://github.com/about","location":"San Francisco, CA","email":null,"hireable":null,"bio":"How people build software.","twitter_username":null,"public_repos":539,"public_gists":0,"followers":69301,"following":0,"created_at":"2008-05-11T04:37:31Z","updated_at":"2026-02-24T15:58:00Z"} 
 </msg>
<msg time="2026-02-26T01:50:06.508629" level="INFO">${resp} = &lt;Response [200]&gt;</msg>
<var>${resp}</var>
<arg>${sessao}</arg>
<arg>${endpoint}</arg>
<doc>Sends a GET request on a previously created HTTP Session.</doc>
<status status="PASS" start="2026-02-26T01:50:06.455971" elapsed="0.052686"/>
</kw>
<return>
<value>${resp}</value>
<status status="PASS" start="2026-02-26T01:50:06.508734" elapsed="0.000046"/>
</return>
<msg time="2026-02-26T01:50:06.508974" level="INFO">${resp2} = &lt;Response [200]&gt;</msg>
<var>${resp2}</var>
<status status="PASS" start="2026-02-26T01:50:06.455783" elapsed="0.053217"/>
</kw>
<kw name="Should Be True" owner="BuiltIn">
<arg>${resp2.status_code} in [200, 403]</arg>
<doc>Fails if the given condition is not true.</doc>
<status status="PASS" start="2026-02-26T01:50:06.509137" elapsed="0.000828"/>
</kw>
<status status="PASS" start="2026-02-26T01:50:06.018548" elapsed="0.491486"/>
</kw>
<kw name="Detectar rate limit atingido" owner="003tests">
<kw name="Criar sessao GitHub" owner="003tests">
<kw name="Create Session" owner="RequestsLibrary">
<msg time="2026-02-26T01:50:06.510836" level="INFO">Creating Session using : alias=magazord, url=https://api.github.com, headers={},                     cookies={}, auth=None, timeout=None, proxies=None, verify=True,                     debug=0 </msg>
<arg>${sessao}</arg>
<arg>${base_url}</arg>
<arg>verify=${True}</arg>
<doc>Create Session: create a HTTP session to a server</doc>
<status status="PASS" start="2026-02-26T01:50:06.510656" elapsed="0.000304"/>
</kw>
<status status="PASS" start="2026-02-26T01:50:06.510453" elapsed="0.000574"/>
</kw>
<kw name="Fazer GET usuario GitHub" owner="003tests">
<kw name="GET On Session" owner="RequestsLibrary">
<msg time="2026-02-26T01:50:06.935743" level="INFO">GET Request : url=https://api.github.com/users/github 
 path_url=/users/github 
 headers={'User-Agent': 'python-requests/2.32.5', 'Accept-Encoding': 'gzip, deflate, zstd', 'Accept': '*/*', 'Connection': 'keep-alive'} 
 body=None 
 </msg>
<msg time="2026-02-26T01:50:06.935835" level="INFO">GET Response : url=https://api.github.com/users/github 
 status=200, reason=OK 
 headers={'Date': 'Thu, 26 Feb 2026 04:50:07 GMT', 'Content-Type': 'application/json; charset=utf-8', 'Cache-Control': 'public, max-age=60, s-maxage=60', 'Vary': 'Accept,Accept-Encoding, Accept, X-Requested-With', 'ETag': 'W/"dac5f0aa7fecc0c82f521fd5b97247b2103fec0189a86a3e43813f2946876df3"', 'Last-Modified': 'Tue, 24 Feb 2026 15:58:00 GMT', 'X-GitHub-Media-Type': 'github.v3; format=json', 'x-github-api-version-selected': '2022-11-28', 'Access-Control-Expose-Headers': 'ETag, Link, Location, Retry-After, X-GitHub-OTP, X-RateLimit-Limit, X-RateLimit-Remaining, X-RateLimit-Used, X-RateLimit-Resource, X-RateLimit-Reset, X-OAuth-Scopes, X-Accepted-OAuth-Scopes, X-Poll-Interval, X-GitHub-Media-Type, X-GitHub-SSO, X-GitHub-Request-Id, Deprecation, Sunset', 'Access-Control-Allow-Origin': '*', 'Strict-Transport-Security': 'max-age=31536000; includeSubdomains; preload', 'X-Frame-Options': 'deny', 'X-Content-Type-Options': 'nosniff', 'X-XSS-Protection': '0', 'Referrer-Policy': 'origin-when-cross-origin, strict-origin-when-cross-origin', 'Content-Security-Policy': "default-src 'none'", 'Content-Encoding': 'gzip', 'Server': 'github.com', 'Accept-Ranges': 'bytes', 'X-RateLimit-Limit': '60', 'X-RateLimit-Remaining': '56', 'X-RateLimit-Reset': '1772085007', 'X-RateLimit-Resource': 'core', 'X-RateLimit-Used': '4', 'Content-Length': '519', 'X-GitHub-Request-Id': '754F:3BED05:1CAE677:1F6661C:699FD100'} 
 body={"login":"github","id":9919,"node_id":"MDEyOk9yZ2FuaXphdGlvbjk5MTk=","avatar_url":"https://avatars.githubusercontent.com/u/9919?v=4","gravatar_id":"","url":"https://api.github.com/users/github","html_url":"https://github.com/github","followers_url":"https://api.github.com/users/github/followers","following_url":"https://api.github.com/users/github/following{/other_user}","gists_url":"https://api.github.com/users/github/gists{/gist_id}","starred_url":"https://api.github.com/users/github/starred{/owner}{/repo}","subscriptions_url":"https://api.github.com/users/github/subscriptions","organizations_url":"https://api.github.com/users/github/orgs","repos_url":"https://api.github.com/users/github/repos","events_url":"https://api.github.com/users/github/events{/privacy}","received_events_url":"https://api.github.com/users/github/received_events","type":"Organization","user_view_type":"public","site_admin":false,"name":"GitHub","company":null,"blog":"https://github.com/about","location":"San Francisco, CA","email":null,"hireable":null,"bio":"How people build software.","twitter_username":null,"public_repos":539,"public_gists":0,"followers":69301,"following":0,"created_at":"2008-05-11T04:37:31Z","updated_at":"2026-02-24T15:58:00Z"} 
 </msg>
<msg time="2026-02-26T01:50:06.935972" level="INFO">${resp} = &lt;Response [200]&gt;</msg>
<var>${resp}</var>
<arg>${sessao}</arg>
<arg>${endpoint}</arg>
<doc>Sends a GET request on a previously created HTTP Session.</doc>
<status status="PASS" start="2026-02-26T01:50:06.511335" elapsed="0.424665"/>
</kw>
<return>
<value>${resp}</value>
<status status="PASS" start="2026-02-26T01:50:06.936103" elapsed="0.000064"/>
</return>
<msg time="2026-02-26T01:50:06.936366" level="INFO">${resp} = &lt;Response [200]&gt;</msg>
<var>${resp}</var>
<status status="PASS" start="2026-02-26T01:50:06.511149" elapsed="0.425245"/>
</kw>
<if>
<branch type="IF" condition="${resp.status_code} == 403">
<kw name="Log" owner="BuiltIn">
<arg>Rate limit atingido (403) detectado.</arg>
<doc>Logs the given message with the given level.</doc>
<status status="NOT RUN" start="2026-02-26T01:50:06.937012" elapsed="0.000034"/>
</kw>
<kw name="Should Contain" owner="BuiltIn">
<arg>${resp.text}</arg>
<arg>rate limit</arg>
<doc>Fails if ``container`` does not contain ``item`` one or more times.</doc>
<status status="NOT RUN" start="2026-02-26T01:50:06.937157" elapsed="0.000026"/>
</kw>
<status status="NOT RUN" start="2026-02-26T01:50:06.936491" elapsed="0.000732"/>
</branch>
<branch type="ELSE">
<kw name="Log" owner="BuiltIn">
<msg time="2026-02-26T01:50:06.937893" level="INFO">Ainda com cota (status=200). Teste detecta 403 quando ocorrer.</msg>
<arg>Ainda com cota (status=${resp.status_code}). Teste detecta 403 quando ocorrer.</arg>
<doc>Logs the given message with the given level.</doc>
<status status="PASS" start="2026-02-26T01:50:06.937356" elapsed="0.000587"/>
</kw>
<kw name="Should Be Equal As Integers" owner="BuiltIn">
<msg time="2026-02-26T01:50:06.938496" level="INFO">Argument types are:
&lt;class 'int'&gt;
&lt;class 'str'&gt;</msg>
<arg>${resp.status_code}</arg>
<arg>200</arg>
<doc>Fails if objects are unequal after converting them to integers.</doc>
<status status="PASS" start="2026-02-26T01:50:06.938049" elapsed="0.000503"/>
</kw>
<status status="PASS" start="2026-02-26T01:50:06.937263" elapsed="0.001336"/>
</branch>
<status status="PASS" start="2026-02-26T01:50:06.936466" elapsed="0.002170"/>
</if>
<status status="PASS" start="2026-02-26T01:50:06.510238" elapsed="0.428448"/>
</kw>
<doc>Pré condição:

Usuario  e senha cadastrado</doc>
<tag>1.1test</tag>
<tag>APIMAGAZORD</tag>
<tag>regression</tag>
<status status="PASS" start="2026-02-26T01:50:05.422012" elapsed="1.516783"/>
</test>
<doc>Este caso de teste tem como objetivo validar headers, não bloquear os testes e detectar limite de rate</doc>
<status status="PASS" start="2026-02-26T01:50:04.733124" elapsed="2.206074"/>
</suite>
<suite id="s1-s1-s1-s1-s2" name="1.2Test" source="E:\testemagazord\app\data\TesteMagazord\parte1-api\questao1.1\tests\1.2test.robot">
<test id="s1-s1-s1-s1-s2-t1" name="1.2test" line="7">
<kw name="Autenticação que obtém token via POST /api/login" owner="003tests">
<kw name="Criar sessao Reqres" owner="003tests">
<kw name="Create Session" owner="RequestsLibrary">
<msg time="2026-02-26T01:50:06.950939" level="INFO">Creating Session using : alias=magazord, url=https://reqres.in, headers={},                     cookies={}, auth=None, timeout=None, proxies=None, verify=True,                     debug=0 </msg>
<arg>${sessao}</arg>
<arg>${base_url2}</arg>
<arg>verify=${True}</arg>
<doc>Create Session: create a HTTP session to a server</doc>
<status status="PASS" start="2026-02-26T01:50:06.950734" elapsed="0.000343"/>
</kw>
<status status="PASS" start="2026-02-26T01:50:06.950533" elapsed="0.000623"/>
</kw>
<kw name="Create Dictionary" owner="BuiltIn">
<msg time="2026-02-26T01:50:06.951883" level="INFO">&amp;{body} = { email=eve.holt@reqres.in | password=cityslicka }</msg>
<var>&amp;{body}</var>
<arg>email=${email}</arg>
<arg>password=${password}</arg>
<doc>Creates and returns a dictionary based on the given ``items``.</doc>
<status status="PASS" start="2026-02-26T01:50:06.951355" elapsed="0.000560"/>
</kw>
<kw name="POST On Session" owner="RequestsLibrary">
<msg time="2026-02-26T01:50:07.393307" level="INFO">POST Request : url=https://reqres.in/api/login 
 path_url=/api/login 
 headers={'User-Agent': 'python-requests/2.32.5', 'Accept-Encoding': 'gzip, deflate, zstd', 'Accept': '*/*', 'Connection': 'keep-alive', 'Content-Length': '57', 'Content-Type': 'application/json'} 
 body=b'{"email": "eve.holt@reqres.in", "password": "cityslicka"}' 
 </msg>
<msg time="2026-02-26T01:50:07.393405" level="INFO">POST Response : url=https://reqres.in/api/login 
 status=403, reason=Forbidden 
 headers={'Date': 'Thu, 26 Feb 2026 04:50:09 GMT', 'Content-Type': 'text/html; charset=UTF-8', 'Transfer-Encoding': 'chunked', 'Connection': 'close', 'accept-ch': 'Sec-CH-UA-Bitness, Sec-CH-UA-Arch, Sec-CH-UA-Full-Version, Sec-CH-UA-Mobile, Sec-CH-UA-Model, Sec-CH-UA-Platform-Version, Sec-CH-UA-Full-Version-List, Sec-CH-UA-Platform, Sec-CH-UA, UA-Bitness, UA-Arch, UA-Full-Version, UA-Mobile, UA-Model, UA-Platform-Version, UA-Platform, UA', 'cf-mitigated': 'challenge', 'critical-ch': 'Sec-CH-UA-Bitness, Sec-CH-UA-Arch, Sec-CH-UA-Full-Version, Sec-CH-UA-Mobile, Sec-CH-UA-Model, Sec-CH-UA-Platform-Version, Sec-CH-UA-Full-Version-List, Sec-CH-UA-Platform, Sec-CH-UA, UA-Bitness, UA-Arch, UA-Full-Version, UA-Mobile, UA-Model, UA-Platform-Version, UA-Platform, UA', 'cross-origin-embedder-policy': 'require-corp', 'cross-origin-opener-policy': 'same-origin', 'cross-origin-resource-policy': 'same-origin', 'origin-agent-cluster': '?1', 'permissions-policy': 'accelerometer=(),browsing-topics=(),camera=(),clipboard-read=(),clipboard-write=(),geolocation=(),gyroscope=(),hid=(),interest-cohort=(),magnetometer=(),microphone=(),payment=(),publickey-credentials-get=(),screen-wake-lock=(),serial=(),sync-xhr=(),usb=()', 'referrer-policy': 'same-origin', 'server-timing': 'chlray;desc="9d3cd1e89c65c72e"', 'x-content-type-options': 'nosniff', 'x-frame-options': 'SAMEORIGIN', 'Cache-Control': 'private, max-age=0, no-store, no-cache, must-revalidate, post-check=0, pre-check=0', 'Expires': 'Thu, 01 Jan 1970 00:00:01 GMT', 'Report-To': '{"endpoints":[{"url":"https:\\/\\/a.nel.cloudflare.com\\/report\\/v4?s=S%2BSCFvUdVkcrkGGTUbHYfYXUrMuwtkgruv%2FHQbVWOWM5ki4hLbhYoajs8qK04Q%2FU8jrat%2FMd84ohUdmeHKf%2BjFRwif9DbLiJojC8g0j6QLLjF%2F3k%2Fnzcx27Xdg%3D%3D"}],"group":"cf-nel","max_age":604800}', 'NEL': '{"success_fraction":0,"report_to":"cf-nel","max_age":604800}', 'Vary': 'Accept-Encoding', 'Server': 'cloudflare', 'CF-RAY': '9d3cd1e89c65c72e-GIG', 'Content-Encoding': 'gzip'} 
 body=&lt;!DOCTYPE html&gt;&lt;html lang="en-US"&gt;&lt;head&gt;&lt;title&gt;Just a moment...&lt;/title&gt;&lt;meta http-equiv="Content-Type" content="text/html; charset=UTF-8"&gt;&lt;meta http-equiv="X-UA-Compatible" content="IE=Edge"&gt;&lt;meta name="robots" content="noindex,nofollow"&gt;&lt;meta name="viewport" content="width=device-width,initial-scale=1"&gt;&lt;style&gt;*{box-sizing:border-box;margin:0;padding:0}html{line-height:1.15;-webkit-text-size-adjust:100%;color:#313131;font-family:system-ui,-apple-system,BlinkMacSystemFont,"Segoe UI",Roboto,"Helvetica Neue",Arial,"Noto Sans",sans-serif,"Apple Color Emoji","Segoe UI Emoji","Segoe UI Symbol","Noto Color Emoji"}body{display:flex;flex-direction:column;height:100vh;min-height:100vh}.main-content{margin:8rem auto;padding-left:1.5rem;max-width:60rem}@media (width &lt;= 720px){.main-content{margin-top:4rem}}.h2{line-height:2.25rem;font-size:1.5rem;font-weight:500}@media (width &lt;= 720px){.h2{line-height:1.5rem;font-size:1.25rem}}#challenge-error-text{background-image:url("data:image/svg+xml;base64,PHN2ZyB4bWxucz0iaHR0cDovL3d3dy53My5vcmcvMjAwMC9zdmciIHdpZHRoPSIzMiIgaGVpZ2h0PSIzMiIgZmlsbD0ibm9uZSI+PHBhdGggZmlsbD0iI0IyMEYwMyIgZD0iTTE2IDNhMTMgMTMgMCAxIDAgMTMgMTNBMTMuMDE1IDEzLjAxNSAwIDAgMCAxNiAzbTAgMjRhMTEgMTEgMCAxIDEgMTEtMTEgMTEuMDEgMTEuMDEgMCAwIDEtMTEgMTEiLz48cGF0aCBmaWxsPSIjQjIwRjAzIiBkPSJNMTcuMDM4IDE4LjYxNUgxNC44N0wxNC41NjMgOS41aDIuNzgzem0tMS4wODQgMS40MjdxLjY2IDAgMS4wNTcuMzg4LjQwNy4zODkuNDA3Ljk5NCAwIC41OTYtLjQwNy45ODQtLjM5Ny4zOS0xLjA1Ny4zODktLjY1IDAtMS4wNTYtLjM4OS0uMzk4LS4zODktLjM5OC0uOTg0IDAtLjU5Ny4zOTgtLjk4NS40MDYtLjM5NyAxLjA1Ni0uMzk3Ii8+PC9zdmc+");background-repeat:no-repeat;background-size:contain;padding-left:34px}@media (prefers-color-scheme: dark){body{background-color:#222;color:#d9d9d9}}&lt;/style&gt;&lt;meta http-equiv="refresh" content="360"&gt;&lt;/head&gt;&lt;body&gt;&lt;div class="main-wrapper" role="main"&gt;&lt;div class="main-content"&gt;&lt;noscript&gt;&lt;div class="h2"&gt;&lt;span id="challenge-error-text"&gt;Enable JavaScript and cookies to continue&lt;/span&gt;&lt;/div&gt;&lt;/noscript&gt;&lt;/div&gt;&lt;/div&gt;&lt;script&gt;(function(){window._cf_chl_opt = {cvId: '3',cZone: 'reqres.in',cType: 'managed',cRay: '9d3cd1e89c65c72e',cH: 'SzP6MFxSqgP9QuAN44MwXluxtxIfhlZtFbEbJr5cg3M-1772081409-1.2.1.1-bgAF9aknpqnAPKJ5Zrt7_HASHEEca0ZTjL443e9_fga.utxxKYoN5iRTtg3Gk_Xh',cUPMDTk:"\/api\/login?__cf_chl_tk=fJQRJmdcrDNhJze7K5fUrkOgC9bVpRGThUlR8xe7WzE-1772081409-1.0.1.1-N__XId2t3yEH3C4xWMJt31Q31JlgKMxu.szGtUMWUhg",cFPWv: 'b',cITimeS: '1772081409',cTplC:0,cTplV:5,cTplB: '0',fa:"\/api\/login?__cf_chl_f_tk=fJQRJmdcrDNhJze7K5fUrkOgC9bVpRGThUlR8xe7WzE-1772081409-1.0.1.1-N__XId2t3yEH3C4xWMJt31Q31JlgKMxu.szGtUMWUhg",md: 'vHD6UUL_ZcWAHlsAeHTkYRP4cF8pYb7h6GpZqh1ArjM-1772081409-1.2.1.1-fpB4p5Rg1LvNdw9IoJHgkl1lSsEtThlzAhp1UCSLKqOoovRHm_x8.Z1i0jDbqqMkgGVz3OwkBpwyFbJEiEy7HdyT8iyf7N5yQzSAf3B66I8ZKFau_oKeXYrESlUoJR4dqJn.RmaQX2ySteFIgVDfDq5XjrR6o9RJRObbIwR5Za.9x4ymUDHnn98jXBtSjLKQfBmPlvW4y9Vs5ZCU8Z.zEGlY19IRmSXSjvN_mS9t4tyiJRCUF6JL24STqJgEN3JszDUDYfDNmTW2yoGo1xqu6khF62k8eSzYc9nUBwCUZ9YZNb1ceyae3zIINC69y41wdbnEv2Ia5tlv10VirgFDYXBKIsmxPzOAlb7rXfQs5Gmdzw4hRKGacn3zHZmtoVdJ8AeeEn8PJRUXdN_u_n1NQxEuSrUnL_ST5vRNf8ADJ6OVb.WchIjxnbEUHEpNYS9CZO19xwsJ0gf89ZfC4PuxW9DVpkGKvT0vYyU1Yww7Tj5R551Q2RyPCmwswm9Xm7sD_gXaHIyWQthEKYbH.wOYJ5QO9uGzqLPUO8A5KWQ9iqjfzKAHdnTNr4ZbO2xV18KWYy8sDV4FH.gmIeEVjuTbf_.q5OPwKlnbjPKW55Kq6cQcDQtVCqNRE8zZcLMx9XpZzzuI8rcasMjtuqmerZpHf9TCim2cw9ZNDFGO.cGpdq91iCNMAdRiwNC.ZRNFbD29TVPmKYiZ24RF.tMAretAPX48hmB3XRnCfL6ftpiJupmpnnXVErpG3YUtop.UnHuKUByuAlGyOxMEAy5Gvgx6WUywwJ1nqL8EzBx9AzzWP30zsYJ6jL2NtwIMpmqlTPIlE1Jq7rC3JoOoleOHvPhI1HEmAB6oUN0v3m3C4ngqSVCF_vEWlGoN6fUEcCvNVxW5TAkw.VuUwf6G428DzyJ0bg',mdrd: 'lNb4wZEyjhM5L8oMRXjSfLSQ4dCL4fdoEcYsf9I.fcc-1772081409-1.2.1.1-t8v0SMSfNCEMhT1v2PymoOlIK4m1EhkEwCOU9xr1U3pgNix_7tTTyq4dwkrYA1vFu1wb5qTg63muUeY1jHPweYyMYFvGfDc6OkuoARRGvTi._CCH0UAY8WkxdS0SZ2uCHbv0rj.uMP_1KR0LcyhrdXzoJtpe5vbbqmM77UgbzqPVRuttw8s9AXViulNM8XfdhW9C.N_Sb_61zELARbRfxy7R443LMzYbPzkgFDxIBFr9Vz.NSvhpFpFM3C6TNKvBFHu2ZHBh024DQ13.xoWPGFjOFVd8bCUpX1J9AqZzgiJUQXMVmKFgLheKlokP6eDS6ohISrX98MNHIi4a2aeLXzijgdMo.urtl8QaaCzwhayfAdCSK6os_MvpzyhsloqP720QU1S4kaR384acJd8tCRQ1WioJk27BDXv6BJoFVCQIRaP4ocEgIJ1WCZG5U14KTxINqbfldvwW_LEwqcvXswrVBnXn4HdiOgzRuwWrUczkHzKV1qIDRxoGQrYpWG_wxMZtY6.uI.XbRExlAV1DS9foXSaVuTPVEUbeQntNMLMX.WurBv2RrojVbc1gE1rGRylwMrTBS670uKcOozBizZqjYdtPti6CZ29dNrTcqzdqy7EbQbykNjy7lz1TlJirz5fIbkA357lRlZOzWhqLhf4NtymEkzH5XjsCGwlb6hiCwAQ4FRpi0UWH8VnHKwVdlcPubV9xGLQROx7fUDEZKWebAKd9ZEBIaW7y6guYEV6dyglSowRBEh2jQQZLby2bq.frmVebNrUNMMbs_.aqecJrLtcdPz.QwuLol6DspDbzQ0NUhxdQ9tnj603wRnuCtiEx24ITTok1FKxgZNmHO6vVkVO0IHAf33V0Mb9OzTasplyb8YK45p6CvYlzEI6EQFGG3jXY0x_WZWK6DRMurTrhpVkNu3zO3xzOk.OF8mdAjxjStmctT.rj1yFVYlA5_FwE37j34NE7uO0JqqyUgedblw5leK2zC8NjR0Vd0FPxTDGFrd.cZf20TTuAnFLX7nJ6Ul1zoobjKjJs_bJs8mp1Qbihly8NzWeVdPrlSMM28cvJ7h3XG7GIj3qPJd8FV3YLJcewpndCHT9gqnV46XNUuQ_hTnFrGlAcQzUoNZBnuOOfh8Kwwfac9uskxOQdfdHgGD6CxvM5yOPa2.maj5zinQC1jJHeri_OV3WDH2q2XR7nkb0vWWASFN2TRqRHxOxhIeEd2V46PYExLcRLcMetxLXDRdUESnHXEU4Zy56IVcYA.gfxMduDzeLwazZktmfDrNjxdj3.5guW89nWRNBjXLcWbFx_kueW3a2Wdn2TG6amd15R_bZFUspmG.V0rea4oL0YRhoR51rSMSXEzZdJmE1_r.mmcDPp_5FZdr7v_ViZ_UrvZ4FbNP18nYgnJ7iBP5AaMx9lxoe8Yj52skYIdMnOGv8aME6W8ZtUdNrnY5XuM36nUxRol7jnBvhYie9VUulM_K893rjxvrAzVKa.MMnXXG0VWRtmDhMVxd8nFb0HfOpn_CSYDDQ3VJFH0ji2bdCCzcM1t362QUdHJLjNrBNn6lzy2mUHtVRDqiU3RWvYjaRWmnT64Dsd3ImgNXKw.VzRI6QwLTcW0UBV9o85VZql1cfDxPxEQUamva1Z27mzQsi7YoEY7pkIqMSwFrCtCsNZ3MG7junq0opuoo2VvsXO0W9xj1.iTHjnCukbtzrg6VSNTLJt66qZ78nfmjuXAhup9GjnPhKc7Bzy7xWYmxSN0eD24NWwpRa0JtR7fhob_2hPJ6qouO.RCUyTbXDc6YLuPiylh42GjHNd41oBc9NQsZo6H_bSxRkJSpjVXW_EL0cL0SiwIZ1ysmmCopap2se1VGK_qJQIyVomakLn3Vq56zel9dJQkmNSxAnlhPCS9K7U_V4Ugt_1h.6Jb9mkWuY5kkqbmxMafMNlJR.uui3YZK23RmVMHhgdSm8EUWzGgPGIJ3HB90NUXjLSpRSoO_7RLZislrt8CKQPatP7ch4P_ari7peGjnmmDqpqHtejC36BwNn8xG9Sxf9JPHBL8M9oKi0s5f8Zqf2SSpurW1ti6DpWFCH2BK60EWrW2cZPJO1dtEx5qYKTxKo3.IePNkC_E3qAhR1VfiQdTHrY9939re5vZzlrdES_E3eZnWY3aAl.GvvYSfpnDGirTv7zj59TlYYODk44RINIS_aSSvJrqwEYkD_2vK3demeqEd27czBhT3fuHRz80MVi9K3LvHrLzmdfXk_mkKgEHdHGQsZ8CiUYsKQrlZsKef0cqcqdzl3B3l8QLKwPJZybgPP3rpaHRlPUzJIsLVMM38cIORCoeFn6N_WF1jKBobT_TV9nGXQWLxUW8oBSQW92QZ7h.cNxCyMJfNqkGPC5ur7QjxmYdfg79ESNDsnolcEgZF.XI9HAmvcBeBBOh1QGZbQaRV6Y1UvvVH4mgLczRUe.FtOgNXszRLJKL4dfDJmy.u.Iob514pS.LsJUOTor',};var a = document.createElement('script');a.src = '/cdn-cgi/challenge-platform/h/b/orchestrate/chl_page/v1?ray=9d3cd1e89c65c72e';window._cf_chl_opt.cOgUHash = location.hash === '' &amp;&amp; location.href.indexOf('#') !== -1 ? '#' : location.hash;window._cf_chl_opt.cOgUQuery = location.search === '' &amp;&amp; location.href.slice(0, location.href.length - window._cf_chl_opt.cOgUHash.length).indexOf('?') !== -1 ? '?' : location.search;if (window.history &amp;&amp; window.history.replaceState) {var ogU = location.pathname + window._cf_chl_opt.cOgUQuery + window._cf_chl_opt.cOgUHash;history.replaceState(null, null,"\/api\/login?__cf_chl_rt_tk=fJQRJmdcrDNhJze7K5fUrkOgC9bVpRGThUlR8xe7WzE-1772081409-1.0.1.1-N__XId2t3yEH3C4xWMJt31Q31JlgKMxu.szGtUMWUhg"+ window._cf_chl_opt.cOgUHash);a.onload = function() {history.replaceState(null, null, ogU);}}document.getElementsByTagName('head')[0].appendChild(a);}());&lt;/script&gt;&lt;/body&gt;&lt;/html&gt; 
 </msg>
<msg time="2026-02-26T01:50:07.393633" level="FAIL">HTTPError: 403 Client Error: Forbidden for url: https://reqres.in/api/login</msg>
<var>${resp}</var>
<arg>${sessao}</arg>
<arg>${login_ep}</arg>
<arg>json=${body}</arg>
<doc>Sends a POST request on a previously created HTTP Session.</doc>
<status status="FAIL" start="2026-02-26T01:50:06.952034" elapsed="0.443339">HTTPError: 403 Client Error: Forbidden for url: https://reqres.in/api/login</status>
</kw>
<kw name="Should Be Equal As Integers" owner="BuiltIn">
<arg>${resp.status_code}</arg>
<arg>200</arg>
<doc>Fails if objects are unequal after converting them to integers.</doc>
<status status="NOT RUN" start="2026-02-26T01:50:07.395553" elapsed="0.000035"/>
</kw>
<kw name="Evaluate" owner="BuiltIn">
<var>${json}</var>
<arg>${resp.json()}</arg>
<doc>Evaluates the given expression in Python and returns the result.</doc>
<status status="NOT RUN" start="2026-02-26T01:50:07.395700" elapsed="0.000025"/>
</kw>
<kw name="Get From Dictionary" owner="Collections">
<var>${token}</var>
<arg>${json}</arg>
<arg>token</arg>
<doc>Returns a value from the given ``dictionary`` based on the given ``key``.</doc>
<status status="NOT RUN" start="2026-02-26T01:50:07.395818" elapsed="0.000025"/>
</kw>
<kw name="Log" owner="BuiltIn">
<arg>Token obtido: ${token}</arg>
<doc>Logs the given message with the given level.</doc>
<status status="NOT RUN" start="2026-02-26T01:50:07.395939" elapsed="0.000023"/>
</kw>
<kw name="Should Not Be Empty" owner="BuiltIn">
<arg>${token}</arg>
<doc>Verifies that the given item is not empty.</doc>
<status status="NOT RUN" start="2026-02-26T01:50:07.396052" elapsed="0.000023"/>
</kw>
<status status="FAIL" start="2026-02-26T01:50:06.950289" elapsed="0.445900">HTTPError: 403 Client Error: Forbidden for url: https://reqres.in/api/login</status>
</kw>
<doc>Pré condição:

Usuario  e senha cadastrado</doc>
<tag>1.2test</tag>
<tag>APIMAGAZORD</tag>
<tag>regression</tag>
<status status="FAIL" start="2026-02-26T01:50:06.949843" elapsed="0.446504">HTTPError: 403 Client Error: Forbidden for url: https://reqres.in/api/login</status>
</test>
<doc>Este caso de teste tem como objetivo autenticar o token via post</doc>
<status status="FAIL" start="2026-02-26T01:50:06.939907" elapsed="0.456774"/>
</suite>
<status status="FAIL" start="2026-02-26T01:50:04.731629" elapsed="2.666398"/>
</suite>
<status status="FAIL" start="2026-02-26T01:50:04.730400" elapsed="2.668142"/>
</suite>
<status status="FAIL" start="2026-02-26T01:50:04.728962" elapsed="2.670138"/>
</suite>
<suite id="s1-s2" name="Parte2-2E2" source="E:\testemagazord\app\data\TesteMagazord\parte2-2e2">
<suite id="s1-s2-s1" name="Questao2.1" source="E:\testemagazord\app\data\TesteMagazord\parte2-2e2\questao2.1">
<suite id="s1-s2-s1-s1" name="2.1Test" source="E:\testemagazord\app\data\TesteMagazord\parte2-2e2\questao2.1\2.1test.robot">
<test id="s1-s2-s1-s1-t1" name="2.1test" line="11">
<kw name="Test Setup Swag Labs" owner="001resourcetestsetup" type="SETUP">
<kw name="Acessar o site &quot;Swag Labs&quot;" owner="001resourcetestsetup" source_name="Acessar o site &quot;${titulosite}&quot;">
<if>
<branch type="IF" condition="&quot;${titulosite}&quot; == &quot;Swag Labs&quot;">
<kw name="Open Browser" owner="SeleniumLibrary">
<msg time="2026-02-26T01:50:07.430139" level="INFO">Opening browser 'headlesschrome' to base url 'https://www.saucedemo.com/'.</msg>
<arg>url=${sitesaucedemo}</arg>
<arg>browser=headlesschrome</arg>
<doc>Opens a new browser instance to the optional ``url``.</doc>
<status status="PASS" start="2026-02-26T01:50:07.429932" elapsed="1.737843"/>
</kw>
<kw name="Set Window Size" owner="SeleniumLibrary">
<arg>1920</arg>
<arg>1080</arg>
<doc>Sets current windows size to given ``width`` and ``height``.</doc>
<status status="PASS" start="2026-02-26T01:50:09.168034" elapsed="0.027169"/>
</kw>
<kw name="Maximize Browser Window" owner="SeleniumLibrary">
<doc>Maximizes current browser window.</doc>
<status status="PASS" start="2026-02-26T01:50:09.195420" elapsed="0.015611"/>
</kw>
<kw name="Wait Until Element Is Visible" owner="SeleniumLibrary">
<arg>${titulo_pagina_inicial_saucedmo}</arg>
<arg>timeout=10s</arg>
<doc>Waits until the element ``locator`` is visible.</doc>
<status status="PASS" start="2026-02-26T01:50:09.211322" elapsed="0.026779"/>
</kw>
<status status="PASS" start="2026-02-26T01:50:07.429699" elapsed="1.808481"/>
</branch>
<branch type="ELSE IF" condition="&quot;${titulosite}&quot; == &quot;DemoQa&quot;">
<kw name="Open Browser" owner="SeleniumLibrary">
<arg>url=${sitedemoqa}</arg>
<arg>browser=headlesschrome</arg>
<doc>Opens a new browser instance to the optional ``url``.</doc>
<status status="NOT RUN" start="2026-02-26T01:50:09.238412" elapsed="0.000029"/>
</kw>
<kw name="Set Window Size" owner="SeleniumLibrary">
<arg>1920</arg>
<arg>1080</arg>
<doc>Sets current windows size to given ``width`` and ``height``.</doc>
<status status="NOT RUN" start="2026-02-26T01:50:09.238558" elapsed="0.000026"/>
</kw>
<kw name="Maximize Browser Window" owner="SeleniumLibrary">
<doc>Maximizes current browser window.</doc>
<status status="NOT RUN" start="2026-02-26T01:50:09.238689" elapsed="0.000024"/>
</kw>
<kw name="Wait Until Element Is Visible" owner="SeleniumLibrary">
<arg>${titulo_pagina_inicial_demoqa}</arg>
<arg>timeout=10s</arg>
<doc>Waits until the element ``locator`` is visible.</doc>
<status status="NOT RUN" start="2026-02-26T01:50:09.238814" elapsed="0.000023"/>
</kw>
<status status="NOT RUN" start="2026-02-26T01:50:09.238231" elapsed="0.000646"/>
</branch>
<status status="PASS" start="2026-02-26T01:50:07.429676" elapsed="1.809235"/>
</if>
<status status="PASS" start="2026-02-26T01:50:07.429493" elapsed="1.809472"/>
</kw>
<kw name="Inserir no campo username o username do usuario" owner="001resourcetestsetup">
<kw name="Click Element" owner="SeleniumLibrary">
<msg time="2026-02-26T01:50:09.239539" level="INFO">Clicking element '//input[contains(@id,'user-name')]'.</msg>
<arg>${campousuario}</arg>
<doc>Click the element identified by ``locator``.</doc>
<status status="PASS" start="2026-02-26T01:50:09.239345" elapsed="0.077802"/>
</kw>
<kw name="Input Text" owner="SeleniumLibrary">
<msg time="2026-02-26T01:50:09.317575" level="INFO">Typing text 'standard_user' into text field '//input[contains(@id,'user-name')]'.</msg>
<arg>${campousuario}</arg>
<arg>${username}</arg>
<doc>Types the given ``text`` into the text field identified by ``locator``.</doc>
<status status="PASS" start="2026-02-26T01:50:09.317338" elapsed="0.062283"/>
</kw>
<status status="PASS" start="2026-02-26T01:50:09.239106" elapsed="0.140622"/>
</kw>
<kw name="Inserir no campo password a senha do usuario" owner="001resourcetestsetup">
<kw name="Click Element" owner="SeleniumLibrary">
<msg time="2026-02-26T01:50:09.380385" level="INFO">Clicking element '//input[contains(@id,'password')]'.</msg>
<arg>${campopassword}</arg>
<doc>Click the element identified by ``locator``.</doc>
<status status="PASS" start="2026-02-26T01:50:09.380196" elapsed="0.042385"/>
</kw>
<kw name="Input Text" owner="SeleniumLibrary">
<msg time="2026-02-26T01:50:09.423020" level="INFO">Typing text 'secret_sauce' into text field '//input[contains(@id,'password')]'.</msg>
<arg>${campopassword}</arg>
<arg>${password}</arg>
<doc>Types the given ``text`` into the text field identified by ``locator``.</doc>
<status status="PASS" start="2026-02-26T01:50:09.422772" elapsed="0.045373"/>
</kw>
<status status="PASS" start="2026-02-26T01:50:09.379905" elapsed="0.088343"/>
</kw>
<kw name="Clique em login" owner="001resourcetestsetup">
<kw name="Click Element" owner="SeleniumLibrary">
<msg time="2026-02-26T01:50:09.468841" level="INFO">Clicking element '//input[contains(@id,'login-button')]'.</msg>
<arg>${btn_login}</arg>
<doc>Click the element identified by ``locator``.</doc>
<status status="PASS" start="2026-02-26T01:50:09.468666" elapsed="0.069658"/>
</kw>
<status status="PASS" start="2026-02-26T01:50:09.468416" elapsed="0.070052"/>
</kw>
<kw name="Verificar o login no site &quot;Swag Labs&quot;" owner="001resourcetestsetup" source_name="Verificar o login no site &quot;${site}&quot;">
<kw name="Wait Until Element Is Visible" owner="SeleniumLibrary">
<arg>${titulo_produtos}</arg>
<arg>timeout=10s</arg>
<doc>Waits until the element ``locator`` is visible.</doc>
<status status="PASS" start="2026-02-26T01:50:09.539523" elapsed="0.044268"/>
</kw>
<kw name="Wait Until Element Is Visible" owner="SeleniumLibrary">
<arg>${imagem_carrinho}</arg>
<arg>timeout=10s</arg>
<doc>Waits until the element ``locator`` is visible.</doc>
<status status="PASS" start="2026-02-26T01:50:09.583988" elapsed="0.013346"/>
</kw>
<status status="PASS" start="2026-02-26T01:50:09.538890" elapsed="0.058546"/>
</kw>
<status status="PASS" start="2026-02-26T01:50:07.429159" elapsed="2.168332"/>
</kw>
<kw name="Adicionar o produto &quot;Sauce Labs Backpack&quot; ao carrinho" owner="003tests">
<kw name="Click Button" owner="SeleniumLibrary">
<msg time="2026-02-26T01:50:09.598100" level="INFO">Clicking button '//button[@id="add-to-cart-sauce-labs-backpack"]'.</msg>
<arg>${produtoSauceLabsBackpack}</arg>
<doc>Clicks the button identified by ``locator``.</doc>
<status status="PASS" start="2026-02-26T01:50:09.597924" elapsed="0.064635"/>
</kw>
<status status="PASS" start="2026-02-26T01:50:09.597671" elapsed="0.064995"/>
</kw>
<kw name="Clique no botão &quot;carrinho&quot;" owner="003tests">
<kw name="Click Element" owner="SeleniumLibrary">
<msg time="2026-02-26T01:50:09.663690" level="INFO">Clicking element '//a[contains(@class,'shopping_cart_link')]'.</msg>
<arg>${imagem_carrinho}</arg>
<doc>Click the element identified by ``locator``.</doc>
<status status="PASS" start="2026-02-26T01:50:09.663438" elapsed="0.052159"/>
</kw>
<status status="PASS" start="2026-02-26T01:50:09.662854" elapsed="0.052843"/>
</kw>
<kw name="Verificar se o produto &quot;Sauce Labs Backpack&quot; foi adicionado ao carrinho" owner="003tests">
<kw name="Wait Until Page Contains Element" owner="SeleniumLibrary">
<arg>${titulocarrinho}</arg>
<arg>timeout=5s</arg>
<doc>Waits until the element ``locator`` appears on the current page.</doc>
<status status="PASS" start="2026-02-26T01:50:09.716147" elapsed="0.009150"/>
</kw>
<kw name="Wait Until Element Is Visible" owner="SeleniumLibrary">
<arg>${produtoSauceLabsBackpackcarrinho}</arg>
<doc>Waits until the element ``locator`` is visible.</doc>
<status status="PASS" start="2026-02-26T01:50:09.725623" elapsed="0.017248"/>
</kw>
<status status="PASS" start="2026-02-26T01:50:09.715885" elapsed="0.027082"/>
</kw>
<kw name="Clique no botão &quot;Checkout&quot;" owner="003tests">
<kw name="Click Button" owner="SeleniumLibrary">
<msg time="2026-02-26T01:50:09.743751" level="INFO">Clicking button '//button[@id="checkout"]'.</msg>
<arg>${btn_checkout}</arg>
<doc>Clicks the button identified by ``locator``.</doc>
<status status="PASS" start="2026-02-26T01:50:09.743489" elapsed="0.053437"/>
</kw>
<status status="PASS" start="2026-02-26T01:50:09.743139" elapsed="0.053907"/>
</kw>
<kw name="Inserir o campo &quot;First Name&quot; com o nome do usuario" owner="003tests">
<kw name="Gerar nome aleatório" owner="keywords">
<kw name="Name" owner="FakerLibrary">
<msg time="2026-02-26T01:50:09.798293" level="INFO">${nome} = Samantha Fry</msg>
<var>${nome}</var>
<doc>:example: 'John Doe'</doc>
<status status="PASS" start="2026-02-26T01:50:09.797865" elapsed="0.000461"/>
</kw>
<kw name="Set Global Variable" owner="BuiltIn">
<msg time="2026-02-26T01:50:09.798875" level="INFO">${nome} = Samantha Fry</msg>
<arg>${nome}</arg>
<doc>Makes a variable available globally in all tests and suites.</doc>
<status status="PASS" start="2026-02-26T01:50:09.798504" elapsed="0.000420"/>
</kw>
<status status="PASS" start="2026-02-26T01:50:09.797624" elapsed="0.001372"/>
</kw>
<kw name="Input Text" owner="SeleniumLibrary">
<msg time="2026-02-26T01:50:09.799346" level="INFO">Typing text 'Samantha Fry' into text field '//input[@id="first-name"]'.</msg>
<arg>${campofirstname}</arg>
<arg>${nome}</arg>
<doc>Types the given ``text`` into the text field identified by ``locator``.</doc>
<status status="PASS" start="2026-02-26T01:50:09.799129" elapsed="0.073122"/>
</kw>
<status status="PASS" start="2026-02-26T01:50:09.797293" elapsed="0.075059"/>
</kw>
<kw name="Inserir o campo &quot;Last Name&quot; com o sobrenome do usuario" owner="003tests">
<kw name="Gerar sobrenome aleatório" owner="keywords">
<kw name="Last Name" owner="FakerLibrary">
<msg time="2026-02-26T01:50:09.873610" level="INFO">${sobrenome} = Garcia</msg>
<var>${sobrenome}</var>
<status status="PASS" start="2026-02-26T01:50:09.873051" elapsed="0.000622"/>
</kw>
<kw name="Set Global Variable" owner="BuiltIn">
<msg time="2026-02-26T01:50:09.874605" level="INFO">${sobrenome} = Garcia</msg>
<arg>${sobrenome}</arg>
<doc>Makes a variable available globally in all tests and suites.</doc>
<status status="PASS" start="2026-02-26T01:50:09.873928" elapsed="0.000813"/>
</kw>
<status status="PASS" start="2026-02-26T01:50:09.872826" elapsed="0.002057"/>
</kw>
<kw name="Input Text" owner="SeleniumLibrary">
<msg time="2026-02-26T01:50:09.877282" level="INFO">Typing text 'Garcia' into text field '//input[@id="last-name"]'.</msg>
<arg>${campolastname}</arg>
<arg>${sobrenome}</arg>
<doc>Types the given ``text`` into the text field identified by ``locator``.</doc>
<status status="PASS" start="2026-02-26T01:50:09.876817" elapsed="0.053908"/>
</kw>
<status status="PASS" start="2026-02-26T01:50:09.872528" elapsed="0.058298"/>
</kw>
<kw name="Inserir o campo &quot;Postal Code&quot; com o cep do usuario" owner="003tests">
<kw name="Gerar CEP aleatório" owner="keywords">
<kw name="Postalcode" owner="FakerLibrary">
<msg time="2026-02-26T01:50:09.931605" level="INFO">${cep} = 46143</msg>
<var>${cep}</var>
<status status="PASS" start="2026-02-26T01:50:09.931463" elapsed="0.000170"/>
</kw>
<kw name="Set Global Variable" owner="BuiltIn">
<msg time="2026-02-26T01:50:09.932066" level="INFO">${cep} = 46143</msg>
<arg>${cep}</arg>
<doc>Makes a variable available globally in all tests and suites.</doc>
<status status="PASS" start="2026-02-26T01:50:09.931755" elapsed="0.000352"/>
</kw>
<status status="PASS" start="2026-02-26T01:50:09.931269" elapsed="0.000902"/>
</kw>
<kw name="Input Text" owner="SeleniumLibrary">
<msg time="2026-02-26T01:50:09.932463" level="INFO">Typing text '46143' into text field '//input[@id="postal-code"]'.</msg>
<arg>${campopostalcode}</arg>
<arg>${cep}</arg>
<doc>Types the given ``text`` into the text field identified by ``locator``.</doc>
<status status="PASS" start="2026-02-26T01:50:09.932281" elapsed="0.053815"/>
</kw>
<status status="PASS" start="2026-02-26T01:50:09.931004" elapsed="0.055195"/>
</kw>
<kw name="Clique no botão &quot;Continue&quot;" owner="003tests">
<kw name="Click Button" owner="SeleniumLibrary">
<msg time="2026-02-26T01:50:09.986800" level="INFO">Clicking button '//input[@id="continue"]'.</msg>
<arg>${btncontinue}</arg>
<doc>Clicks the button identified by ``locator``.</doc>
<status status="PASS" start="2026-02-26T01:50:09.986623" elapsed="0.058706"/>
</kw>
<status status="PASS" start="2026-02-26T01:50:09.986373" elapsed="0.059080"/>
</kw>
<kw name="Verificar se o produto &quot;Sauce Labs Backpack&quot; está presente na página de checkout" owner="003tests">
<kw name="Wait Until Page Contains Element" owner="SeleniumLibrary">
<arg>${titulocheckout}</arg>
<arg>timeout=5s</arg>
<doc>Waits until the element ``locator`` appears on the current page.</doc>
<status status="PASS" start="2026-02-26T01:50:10.045978" elapsed="0.007866"/>
</kw>
<kw name="Wait Until Element Is Visible" owner="SeleniumLibrary">
<arg>${produtoSauceLabsBackpackcarrinho}</arg>
<doc>Waits until the element ``locator`` is visible.</doc>
<status status="PASS" start="2026-02-26T01:50:10.054038" elapsed="0.009381"/>
</kw>
<status status="PASS" start="2026-02-26T01:50:10.045653" elapsed="0.017864"/>
</kw>
<kw name="Clique no botão &quot;Finish&quot;" owner="003tests">
<kw name="Click Button" owner="SeleniumLibrary">
<msg time="2026-02-26T01:50:10.064124" level="INFO">Clicking button '//button[@id="finish"]'.</msg>
<arg>${btnfinish}</arg>
<doc>Clicks the button identified by ``locator``.</doc>
<status status="PASS" start="2026-02-26T01:50:10.063948" elapsed="0.055427"/>
</kw>
<status status="PASS" start="2026-02-26T01:50:10.063699" elapsed="0.055785"/>
</kw>
<kw name="Verificar se a mensagem &quot;Thank you for your order!&quot; foi exibida" owner="003tests" source_name="Verificar se a mensagem &quot;${mensagemsucessocheckout}&quot; foi exibida">
<kw name="Replace String" owner="String">
<msg time="2026-02-26T01:50:10.120169" level="INFO">${variavelmensagemsucesso} = //h2[normalize-space(text())="Thank you for your order!"]</msg>
<var>${variavelmensagemsucesso}</var>
<arg>${textsucessocheckout}</arg>
<arg>$$</arg>
<arg>${mensagemsucessocheckout}</arg>
<doc>Replaces ``search_for`` in the given ``string`` with ``replace_with``.</doc>
<status status="PASS" start="2026-02-26T01:50:10.119950" elapsed="0.000248"/>
</kw>
<kw name="Wait Until Page Contains Element" owner="SeleniumLibrary">
<arg>${variavelmensagemsucesso}</arg>
<arg>timeout=5s</arg>
<doc>Waits until the element ``locator`` appears on the current page.</doc>
<status status="PASS" start="2026-02-26T01:50:10.120326" elapsed="0.009504"/>
</kw>
<status status="PASS" start="2026-02-26T01:50:10.119684" elapsed="0.010253"/>
</kw>
<kw name="Test teardown" owner="002resourcetestteardown" type="TEARDOWN">
<kw name="Capture Page Screenshot" owner="SeleniumLibrary">
<msg time="2026-02-26T01:50:10.194768" level="INFO" html="true">&lt;/td&gt;&lt;/tr&gt;&lt;tr&gt;&lt;td colspan="3"&gt;&lt;a href="../../../data/TesteMagazord/None/E2EMAGAZORD-2.1test.png"&gt;&lt;img src="../../../data/TesteMagazord/None/E2EMAGAZORD-2.1test.png" width="800px"&gt;&lt;/a&gt;</msg>
<arg>${EVIDENCIA}-${CASODETESTE}.png</arg>
<doc>Takes a screenshot of the current page and embeds it into a log file.</doc>
<status status="PASS" start="2026-02-26T01:50:10.130542" elapsed="0.064362"/>
</kw>
<kw name="Delete All Cookies" owner="SeleniumLibrary">
<doc>Deletes all cookies.</doc>
<status status="PASS" start="2026-02-26T01:50:10.195081" elapsed="0.006063"/>
</kw>
<kw name="Close Browser" owner="SeleniumLibrary">
<doc>Closes the current browser.</doc>
<status status="PASS" start="2026-02-26T01:50:10.201323" elapsed="2.142748"/>
</kw>
<arg>E2EMAGAZORD</arg>
<arg>2.1test</arg>
<status status="PASS" start="2026-02-26T01:50:10.130233" elapsed="2.213946"/>
</kw>
<doc>Pré condição:

Usuario  e senha cadastrado</doc>
<tag>2.1test</tag>
<tag>E2EMAGAZORD</tag>
<tag>regression</tag>
<status status="PASS" start="2026-02-26T01:50:07.428685" elapsed="4.915554"/>
</test>
<doc>Este caso de teste tem como objetivo realizar o checkout de um produto</doc>
<status status="PASS" start="2026-02-26T01:50:07.402095" elapsed="4.942459"/>
</suite>
<status status="PASS" start="2026-02-26T01:50:07.400934" elapsed="4.944200"/>
</suite>
<suite id="s1-s2-s2" name="Questao2.2" source="E:\testemagazord\app\data\TesteMagazord\parte2-2e2\questao2.2">
<suite id="s1-s2-s2-s1" name="2.2Test" source="E:\testemagazord\app\data\TesteMagazord\parte2-2e2\questao2.2\2.2test.robot">
<test id="s1-s2-s2-s1-t1" name="2.2test" line="11">
<kw name="Test Setup Demoqa" owner="001resourcetestsetup" type="SETUP">
<kw name="Acessar o site &quot;DemoQa&quot;" owner="001resourcetestsetup" source_name="Acessar o site &quot;${titulosite}&quot;">
<if>
<branch type="IF" condition="&quot;${titulosite}&quot; == &quot;Swag Labs&quot;">
<kw name="Open Browser" owner="SeleniumLibrary">
<arg>url=${sitesaucedemo}</arg>
<arg>browser=headlesschrome</arg>
<doc>Opens a new browser instance to the optional ``url``.</doc>
<status status="NOT RUN" start="2026-02-26T01:50:12.356818" elapsed="0.000043"/>
</kw>
<kw name="Set Window Size" owner="SeleniumLibrary">
<arg>1920</arg>
<arg>1080</arg>
<doc>Sets current windows size to given ``width`` and ``height``.</doc>
<status status="NOT RUN" start="2026-02-26T01:50:12.357009" elapsed="0.000027"/>
</kw>
<kw name="Maximize Browser Window" owner="SeleniumLibrary">
<doc>Maximizes current browser window.</doc>
<status status="NOT RUN" start="2026-02-26T01:50:12.357154" elapsed="0.000027"/>
</kw>
<kw name="Wait Until Element Is Visible" owner="SeleniumLibrary">
<arg>${titulo_pagina_inicial_saucedmo}</arg>
<arg>timeout=10s</arg>
<doc>Waits until the element ``locator`` is visible.</doc>
<status status="NOT RUN" start="2026-02-26T01:50:12.357286" elapsed="0.000024"/>
</kw>
<status status="NOT RUN" start="2026-02-26T01:50:12.356364" elapsed="0.000985"/>
</branch>
<branch type="ELSE IF" condition="&quot;${titulosite}&quot; == &quot;DemoQa&quot;">
<kw name="Open Browser" owner="SeleniumLibrary">
<msg time="2026-02-26T01:50:12.357858" level="INFO">Opening browser 'headlesschrome' to base url 'https://demoqa.com/browser-windows'.</msg>
<arg>url=${sitedemoqa}</arg>
<arg>browser=headlesschrome</arg>
<doc>Opens a new browser instance to the optional ``url``.</doc>
<status status="PASS" start="2026-02-26T01:50:12.357615" elapsed="2.903398"/>
</kw>
<kw name="Set Window Size" owner="SeleniumLibrary">
<arg>1920</arg>
<arg>1080</arg>
<doc>Sets current windows size to given ``width`` and ``height``.</doc>
<status status="PASS" start="2026-02-26T01:50:15.261236" elapsed="0.026561"/>
</kw>
<kw name="Maximize Browser Window" owner="SeleniumLibrary">
<doc>Maximizes current browser window.</doc>
<status status="PASS" start="2026-02-26T01:50:15.287995" elapsed="0.031286"/>
</kw>
<kw name="Wait Until Element Is Visible" owner="SeleniumLibrary">
<arg>${titulo_pagina_inicial_demoqa}</arg>
<arg>timeout=10s</arg>
<doc>Waits until the element ``locator`` is visible.</doc>
<status status="PASS" start="2026-02-26T01:50:15.319469" elapsed="0.015630"/>
</kw>
<status status="PASS" start="2026-02-26T01:50:12.357399" elapsed="2.977776"/>
</branch>
<status status="PASS" start="2026-02-26T01:50:12.356341" elapsed="2.978885"/>
</if>
<status status="PASS" start="2026-02-26T01:50:12.356170" elapsed="2.979113"/>
</kw>
<status status="PASS" start="2026-02-26T01:50:12.355853" elapsed="2.979482"/>
</kw>
<kw name="Teste que abre nova aba via &quot;New Tab&quot;" owner="003tests">
<kw name="Get Window Handles" owner="SeleniumLibrary">
<msg time="2026-02-26T01:50:15.336817" level="INFO">${antes} = ['8CDF06D06377E0DBA040151EB8223033']</msg>
<var>${antes}</var>
<doc>Returns all child window handles of the selected browser as a list.</doc>
<status status="PASS" start="2026-02-26T01:50:15.335810" elapsed="0.001040"/>
</kw>
<kw name="Get Length" owner="BuiltIn">
<msg time="2026-02-26T01:50:15.337345" level="INFO">Length is 1.</msg>
<msg time="2026-02-26T01:50:15.337419" level="INFO">${qtde_antes} = 1</msg>
<var>${qtde_antes}</var>
<arg>${antes}</arg>
<doc>Returns and logs the length of the given item as an integer.</doc>
<status status="PASS" start="2026-02-26T01:50:15.336972" elapsed="0.000472"/>
</kw>
<kw name="Click Button" owner="SeleniumLibrary">
<msg time="2026-02-26T01:50:15.337715" level="INFO">Clicking button '//button[normalize-space(text())="New Tab"]'.</msg>
<arg>${btnnewtab}</arg>
<doc>Clicks the button identified by ``locator``.</doc>
<status status="PASS" start="2026-02-26T01:50:15.337568" elapsed="0.125913"/>
</kw>
<kw name="Get Window Handles" owner="SeleniumLibrary">
<msg time="2026-02-26T01:50:15.468274" level="INFO">${depois} = ['8CDF06D06377E0DBA040151EB8223033', '25B6F78A664D80CB18F6DCA0B78C12F5']</msg>
<var>${depois}</var>
<doc>Returns all child window handles of the selected browser as a list.</doc>
<status status="PASS" start="2026-02-26T01:50:15.463681" elapsed="0.004647"/>
</kw>
<kw name="Get Length" owner="BuiltIn">
<msg time="2026-02-26T01:50:15.468959" level="INFO">Length is 2.</msg>
<msg time="2026-02-26T01:50:15.469099" level="INFO">${qtde_depois} = 2</msg>
<var>${qtde_depois}</var>
<arg>${depois}</arg>
<doc>Returns and logs the length of the given item as an integer.</doc>
<status status="PASS" start="2026-02-26T01:50:15.468505" elapsed="0.000638"/>
</kw>
<kw name="Should Be True" owner="BuiltIn">
<arg>${qtde_depois} &gt; ${qtde_antes}</arg>
<doc>Fails if the given condition is not true.</doc>
<status status="PASS" start="2026-02-26T01:50:15.469421" elapsed="0.000592"/>
</kw>
<kw name="Set Global Variable" owner="BuiltIn">
<msg time="2026-02-26T01:50:15.470982" level="INFO">${depois} = ['8CDF06D06377E0DBA040151EB8223033', '25B6F78A664D80CB18F6DCA0B78C12F5']</msg>
<arg>${depois}</arg>
<doc>Makes a variable available globally in all tests and suites.</doc>
<status status="PASS" start="2026-02-26T01:50:15.470314" elapsed="0.000798"/>
</kw>
<kw name="Set Global Variable" owner="BuiltIn">
<msg time="2026-02-26T01:50:15.471804" level="INFO">${antes} = ['8CDF06D06377E0DBA040151EB8223033']</msg>
<arg>${antes}</arg>
<doc>Makes a variable available globally in all tests and suites.</doc>
<status status="PASS" start="2026-02-26T01:50:15.471363" elapsed="0.000502"/>
</kw>
<status status="PASS" start="2026-02-26T01:50:15.335539" elapsed="0.136408"/>
</kw>
<kw name="Navega para a nova aba" owner="003tests">
<kw name="Evaluate" owner="BuiltIn">
<msg time="2026-02-26T01:50:15.472766" level="INFO">${novos} = ['25B6F78A664D80CB18F6DCA0B78C12F5']</msg>
<var>${novos}</var>
<arg>list(set($depois) - set($antes))</arg>
<doc>Evaluates the given expression in Python and returns the result.</doc>
<status status="PASS" start="2026-02-26T01:50:15.472358" elapsed="0.000440"/>
</kw>
<kw name="Should Not Be Empty" owner="BuiltIn">
<msg time="2026-02-26T01:50:15.473175" level="INFO">Length is 1.</msg>
<arg>${novos}</arg>
<doc>Verifies that the given item is not empty.</doc>
<status status="PASS" start="2026-02-26T01:50:15.472920" elapsed="0.000300"/>
</kw>
<kw name="Switch Window" owner="SeleniumLibrary">
<arg>${novos}[0]</arg>
<doc>Switches to browser window matching ``locator``.</doc>
<status status="PASS" start="2026-02-26T01:50:15.474020" elapsed="0.029214"/>
</kw>
<status status="PASS" start="2026-02-26T01:50:15.472120" elapsed="0.031212"/>
</kw>
<kw name="Valida conteúdo da nova aba com o titulo &quot;This is a sample page&quot;" owner="003tests" source_name="Valida conteúdo da nova aba com o titulo &quot;${titulo_pagina_inicial}&quot;">
<kw name="Page Should Contain" owner="SeleniumLibrary">
<msg time="2026-02-26T01:50:15.626622" level="INFO">Current page contains text 'This is a sample page'.</msg>
<arg>${titulo_pagina_inicial}</arg>
<doc>Verifies that current page contains ``text``.</doc>
<status status="PASS" start="2026-02-26T01:50:15.503965" elapsed="0.122778"/>
</kw>
<status status="PASS" start="2026-02-26T01:50:15.503623" elapsed="0.123242"/>
</kw>
<kw name="Retorna para aba original" owner="003tests">
<kw name="Close Window" owner="SeleniumLibrary">
<doc>Closes currently opened and selected browser window/tab.</doc>
<status status="PASS" start="2026-02-26T01:50:15.627515" elapsed="0.012750"/>
</kw>
<kw name="Switch Window" owner="SeleniumLibrary">
<arg>${antes}[0]</arg>
<doc>Switches to browser window matching ``locator``.</doc>
<status status="PASS" start="2026-02-26T01:50:15.640597" elapsed="0.006274"/>
</kw>
<kw name="Wait Until Element Is Visible" owner="SeleniumLibrary">
<arg>${titulo_pagina_inicial_demoqa}</arg>
<arg>timeout=10s</arg>
<doc>Waits until the element ``locator`` is visible.</doc>
<status status="PASS" start="2026-02-26T01:50:15.647066" elapsed="0.009252"/>
</kw>
<status status="PASS" start="2026-02-26T01:50:15.627094" elapsed="0.029327"/>
</kw>
<kw name="Abre nova janela via &quot;New Window&quot;" owner="003tests">
<kw name="Click Button" owner="SeleniumLibrary">
<msg time="2026-02-26T01:50:15.658175" level="INFO">Clicking button '//button[normalize-space(text())="New Window"]'.</msg>
<arg>${btnnewwindow}</arg>
<doc>Clicks the button identified by ``locator``.</doc>
<status status="PASS" start="2026-02-26T01:50:15.657657" elapsed="0.275018"/>
</kw>
<status status="PASS" start="2026-02-26T01:50:15.656724" elapsed="0.276075"/>
</kw>
<kw name="Gerencia múltiplas janelas simultaneamente" owner="003tests">
<kw name="Get Window Handles" owner="SeleniumLibrary">
<msg time="2026-02-26T01:50:15.938862" level="INFO">${todas} = ['8CDF06D06377E0DBA040151EB8223033', '4A913DFF48E6212F6DC7ED61A313ECE8']</msg>
<var>${todas}</var>
<doc>Returns all child window handles of the selected browser as a list.</doc>
<status status="PASS" start="2026-02-26T01:50:15.933398" elapsed="0.005508"/>
</kw>
<kw name="Get Length" owner="BuiltIn">
<msg time="2026-02-26T01:50:15.939360" level="INFO">Length is 2.</msg>
<msg time="2026-02-26T01:50:15.939436" level="INFO">${qtde} = 2</msg>
<var>${qtde}</var>
<arg>${todas}</arg>
<doc>Returns and logs the length of the given item as an integer.</doc>
<status status="PASS" start="2026-02-26T01:50:15.939077" elapsed="0.000386"/>
</kw>
<kw name="Should Be True" owner="BuiltIn">
<arg>${qtde} &gt; 1</arg>
<doc>Fails if the given condition is not true.</doc>
<status status="PASS" start="2026-02-26T01:50:15.939597" elapsed="0.000280"/>
</kw>
<status status="PASS" start="2026-02-26T01:50:15.933020" elapsed="0.007250"/>
</kw>
<kw name="Test teardown" owner="002resourcetestteardown" type="TEARDOWN">
<kw name="Capture Page Screenshot" owner="SeleniumLibrary">
<msg time="2026-02-26T01:50:16.070477" level="INFO" html="true">&lt;/td&gt;&lt;/tr&gt;&lt;tr&gt;&lt;td colspan="3"&gt;&lt;a href="../../../data/TesteMagazord/None/E2EMAGAZORD-2.2test.png"&gt;&lt;img src="../../../data/TesteMagazord/None/E2EMAGAZORD-2.2test.png" width="800px"&gt;&lt;/a&gt;</msg>
<arg>${EVIDENCIA}-${CASODETESTE}.png</arg>
<doc>Takes a screenshot of the current page and embeds it into a log file.</doc>
<status status="PASS" start="2026-02-26T01:50:15.953183" elapsed="0.117490"/>
</kw>
<kw name="Delete All Cookies" owner="SeleniumLibrary">
<doc>Deletes all cookies.</doc>
<status status="PASS" start="2026-02-26T01:50:16.070955" elapsed="0.043999"/>
</kw>
<kw name="Close Browser" owner="SeleniumLibrary">
<doc>Closes the current browser.</doc>
<status status="PASS" start="2026-02-26T01:50:16.115135" elapsed="2.143515"/>
</kw>
<arg>E2EMAGAZORD</arg>
<arg>2.2test</arg>
<status status="PASS" start="2026-02-26T01:50:15.952604" elapsed="2.306206"/>
</kw>
<doc>Pré condição:

Usuario  e senha cadastrado</doc>
<tag>2.2test</tag>
<tag>E2EMAGAZORD</tag>
<tag>regression</tag>
<status status="PASS" start="2026-02-26T01:50:12.355489" elapsed="5.903413"/>
</test>
<doc>Este caso de teste tem como objetivo adicionar um produto ao carrinho</doc>
<status status="PASS" start="2026-02-26T01:50:12.346961" elapsed="5.912473"/>
</suite>
<status status="PASS" start="2026-02-26T01:50:12.345488" elapsed="5.914604"/>
</suite>
<status status="PASS" start="2026-02-26T01:50:07.399507" elapsed="10.861133"/>
</suite>
<suite id="s1-s3" name="Parte3-Frontend" source="E:\testemagazord\app\data\TesteMagazord\parte3-frontend">
<suite id="s1-s3-s1" name="Questao3.1" source="E:\testemagazord\app\data\TesteMagazord\parte3-frontend\questao3.1">
<suite id="s1-s3-s1-s1" name="Tests" source="E:\testemagazord\app\data\TesteMagazord\parte3-frontend\questao3.1\tests">
<suite id="s1-s3-s1-s1-s1" name="3.1Test" source="E:\testemagazord\app\data\TesteMagazord\parte3-frontend\questao3.1\tests\3.1test.robot">
<test id="s1-s3-s1-s1-s1-t1" name="3.1test" line="11">
<kw name="Test Setup" owner="001resourcetestsetup" type="SETUP">
<kw name="Acessar o site &quot;theinternet&quot;" owner="001resourcetestsetup" source_name="Acessar o site &quot;${titulosite}&quot;">
<kw name="Open Browser" owner="SeleniumLibrary">
<msg time="2026-02-26T01:50:18.286690" level="INFO">Opening browser 'headlesschrome' to base url 'https://the-internet.herokuapp.com/dynamic_content'.</msg>
<arg>url=${site}</arg>
<arg>browser=headlesschrome</arg>
<doc>Opens a new browser instance to the optional ``url``.</doc>
<status status="PASS" start="2026-02-26T01:50:18.286386" elapsed="2.125877"/>
</kw>
<kw name="Maximize Browser Window" owner="SeleniumLibrary">
<doc>Maximizes current browser window.</doc>
<status status="PASS" start="2026-02-26T01:50:20.412483" elapsed="0.019470"/>
</kw>
<kw name="Wait Until Element Is Visible" owner="SeleniumLibrary">
<arg>${titulo_pagina_inicial}</arg>
<arg>timeout=10s</arg>
<doc>Waits until the element ``locator`` is visible.</doc>
<status status="PASS" start="2026-02-26T01:50:20.432135" elapsed="0.017270"/>
</kw>
<status status="PASS" start="2026-02-26T01:50:18.286026" elapsed="2.163480"/>
</kw>
<status status="PASS" start="2026-02-26T01:50:18.285655" elapsed="2.163907"/>
</kw>
<kw name="Verificar por &quot;texto visível&quot;" owner="003tests" source_name="Verificar por &quot;${valor}&quot;">
<for flavor="IN RANGE">
<iter>
<kw name="Wait Until Page Contains Element" owner="SeleniumLibrary">
<arg>${css_selector}</arg>
<arg>10s</arg>
<doc>Waits until the element ``locator`` appears on the current page.</doc>
<status status="PASS" start="2026-02-26T01:50:20.450478" elapsed="0.006995"/>
</kw>
<if>
<branch type="IF" condition="&quot;${valor}&quot; == &quot;texto visível&quot;">
<kw name="Page Should Contain Element" owner="SeleniumLibrary">
<msg time="2026-02-26T01:50:20.465407" level="INFO">Current page contains element 'xpath=//a[normalize-space(.)='click here']'.</msg>
<arg>${texto_visivel}</arg>
<doc>Verifies that element ``locator`` is found on the current page.</doc>
<status status="PASS" start="2026-02-26T01:50:20.458042" elapsed="0.007446"/>
</kw>
<status status="PASS" start="2026-02-26T01:50:20.457707" elapsed="0.007859"/>
</branch>
<branch type="ELSE IF" condition="&quot;${valor}&quot; == &quot;estrutura DOM (nth-child)&quot;">
<kw name="Get Text" owner="SeleniumLibrary">
<var>${t1}</var>
<arg>${estrutura_dom}</arg>
<doc>Returns the text value of the element identified by ``locator``.</doc>
<status status="NOT RUN" start="2026-02-26T01:50:20.465767" elapsed="0.000028"/>
</kw>
<kw name="Should Not Be Empty" owner="BuiltIn">
<arg>${t1}</arg>
<doc>Verifies that the given item is not empty.</doc>
<status status="NOT RUN" start="2026-02-26T01:50:20.465907" elapsed="0.000027"/>
</kw>
<status status="NOT RUN" start="2026-02-26T01:50:20.465615" elapsed="0.000356"/>
</branch>
<branch type="ELSE IF" condition="&quot;${valor}&quot; == &quot;atributo parcial&quot;">
<kw name="Get Element Attribute" owner="SeleniumLibrary">
<var>${atributo}</var>
<arg>${atributo_parcial}</arg>
<arg>src</arg>
<doc>Returns the value of ``attribute`` from the element ``locator``.</doc>
<status status="NOT RUN" start="2026-02-26T01:50:20.466109" elapsed="0.000025"/>
</kw>
<kw name="Should Contain" owner="BuiltIn">
<arg>${atributo}</arg>
<arg>avatar</arg>
<doc>Fails if ``container`` does not contain ``item`` one or more times.</doc>
<status status="NOT RUN" start="2026-02-26T01:50:20.466241" elapsed="0.000026"/>
</kw>
<status status="NOT RUN" start="2026-02-26T01:50:20.466007" elapsed="0.000298"/>
</branch>
<branch type="ELSE IF" condition="&quot;${valor}&quot; == &quot;hierarquia (parent &gt; child)&quot;">
<kw name="Get Text" owner="SeleniumLibrary">
<var>${t2}</var>
<arg>${hierarquia}</arg>
<doc>Returns the text value of the element identified by ``locator``.</doc>
<status status="NOT RUN" start="2026-02-26T01:50:20.466438" elapsed="0.000024"/>
</kw>
<kw name="Should Not Be Empty" owner="BuiltIn">
<arg>${t2}</arg>
<doc>Verifies that the given item is not empty.</doc>
<status status="NOT RUN" start="2026-02-26T01:50:20.466564" elapsed="0.000024"/>
</kw>
<status status="NOT RUN" start="2026-02-26T01:50:20.466339" elapsed="0.000284"/>
</branch>
<branch type="ELSE IF" condition="&quot;${valor}&quot; == &quot;XPath&quot;">
<kw name="Get Text" owner="SeleniumLibrary">
<var>${t3}</var>
<arg>${xpath}</arg>
<doc>Returns the text value of the element identified by ``locator``.</doc>
<status status="NOT RUN" start="2026-02-26T01:50:20.466751" elapsed="0.000025"/>
</kw>
<kw name="Should Not Be Empty" owner="BuiltIn">
<arg>${t3}</arg>
<doc>Verifies that the given item is not empty.</doc>
<status status="NOT RUN" start="2026-02-26T01:50:20.466872" elapsed="0.000027"/>
</kw>
<status status="NOT RUN" start="2026-02-26T01:50:20.466656" elapsed="0.000278"/>
</branch>
<status status="PASS" start="2026-02-26T01:50:20.457657" elapsed="0.009311"/>
</if>
<kw name="Reload Page" owner="SeleniumLibrary">
<doc>Simulates user reloading page.</doc>
<status status="PASS" start="2026-02-26T01:50:20.467055" elapsed="0.118332"/>
</kw>
<var name="${i}">1</var>
<status status="PASS" start="2026-02-26T01:50:20.450349" elapsed="0.135106"/>
</iter>
<iter>
<kw name="Wait Until Page Contains Element" owner="SeleniumLibrary">
<arg>${css_selector}</arg>
<arg>10s</arg>
<doc>Waits until the element ``locator`` appears on the current page.</doc>
<status status="PASS" start="2026-02-26T01:50:20.585826" elapsed="0.006495"/>
</kw>
<if>
<branch type="IF" condition="&quot;${valor}&quot; == &quot;texto visível&quot;">
<kw name="Page Should Contain Element" owner="SeleniumLibrary">
<msg time="2026-02-26T01:50:20.598448" level="INFO">Current page contains element 'xpath=//a[normalize-space(.)='click here']'.</msg>
<arg>${texto_visivel}</arg>
<doc>Verifies that element ``locator`` is found on the current page.</doc>
<status status="PASS" start="2026-02-26T01:50:20.592856" elapsed="0.005673"/>
</kw>
<status status="PASS" start="2026-02-26T01:50:20.592505" elapsed="0.006083"/>
</branch>
<branch type="ELSE IF" condition="&quot;${valor}&quot; == &quot;estrutura DOM (nth-child)&quot;">
<kw name="Get Text" owner="SeleniumLibrary">
<var>${t1}</var>
<arg>${estrutura_dom}</arg>
<doc>Returns the text value of the element identified by ``locator``.</doc>
<status status="NOT RUN" start="2026-02-26T01:50:20.598791" elapsed="0.000028"/>
</kw>
<kw name="Should Not Be Empty" owner="BuiltIn">
<arg>${t1}</arg>
<doc>Verifies that the given item is not empty.</doc>
<status status="NOT RUN" start="2026-02-26T01:50:20.598929" elapsed="0.000026"/>
</kw>
<status status="NOT RUN" start="2026-02-26T01:50:20.598635" elapsed="0.000357"/>
</branch>
<branch type="ELSE IF" condition="&quot;${valor}&quot; == &quot;atributo parcial&quot;">
<kw name="Get Element Attribute" owner="SeleniumLibrary">
<var>${atributo}</var>
<arg>${atributo_parcial}</arg>
<arg>src</arg>
<doc>Returns the value of ``attribute`` from the element ``locator``.</doc>
<status status="NOT RUN" start="2026-02-26T01:50:20.599126" elapsed="0.000024"/>
</kw>
<kw name="Should Contain" owner="BuiltIn">
<arg>${atributo}</arg>
<arg>avatar</arg>
<doc>Fails if ``container`` does not contain ``item`` one or more times.</doc>
<status status="NOT RUN" start="2026-02-26T01:50:20.599253" elapsed="0.000025"/>
</kw>
<status status="NOT RUN" start="2026-02-26T01:50:20.599027" elapsed="0.000287"/>
</branch>
<branch type="ELSE IF" condition="&quot;${valor}&quot; == &quot;hierarquia (parent &gt; child)&quot;">
<kw name="Get Text" owner="SeleniumLibrary">
<var>${t2}</var>
<arg>${hierarquia}</arg>
<doc>Returns the text value of the element identified by ``locator``.</doc>
<status status="NOT RUN" start="2026-02-26T01:50:20.599445" elapsed="0.000023"/>
</kw>
<kw name="Should Not Be Empty" owner="BuiltIn">
<arg>${t2}</arg>
<doc>Verifies that the given item is not empty.</doc>
<status status="NOT RUN" start="2026-02-26T01:50:20.599567" elapsed="0.000025"/>
</kw>
<status status="NOT RUN" start="2026-02-26T01:50:20.599347" elapsed="0.000280"/>
</branch>
<branch type="ELSE IF" condition="&quot;${valor}&quot; == &quot;XPath&quot;">
<kw name="Get Text" owner="SeleniumLibrary">
<var>${t3}</var>
<arg>${xpath}</arg>
<doc>Returns the text value of the element identified by ``locator``.</doc>
<status status="NOT RUN" start="2026-02-26T01:50:20.599759" elapsed="0.000025"/>
</kw>
<kw name="Should Not Be Empty" owner="BuiltIn">
<arg>${t3}</arg>
<doc>Verifies that the given item is not empty.</doc>
<status status="NOT RUN" start="2026-02-26T01:50:20.599879" elapsed="0.000024"/>
</kw>
<status status="NOT RUN" start="2026-02-26T01:50:20.599660" elapsed="0.000278"/>
</branch>
<status status="PASS" start="2026-02-26T01:50:20.592468" elapsed="0.007501"/>
</if>
<kw name="Reload Page" owner="SeleniumLibrary">
<doc>Simulates user reloading page.</doc>
<status status="PASS" start="2026-02-26T01:50:20.600054" elapsed="0.189174"/>
</kw>
<var name="${i}">2</var>
<status status="PASS" start="2026-02-26T01:50:20.585690" elapsed="0.203644"/>
</iter>
<iter>
<kw name="Wait Until Page Contains Element" owner="SeleniumLibrary">
<arg>${css_selector}</arg>
<arg>10s</arg>
<doc>Waits until the element ``locator`` appears on the current page.</doc>
<status status="PASS" start="2026-02-26T01:50:20.789705" elapsed="0.005805"/>
</kw>
<if>
<branch type="IF" condition="&quot;${valor}&quot; == &quot;texto visível&quot;">
[...]
 body=None 
 </msg>
<msg time="2026-02-26T01:51:12.228926" level="INFO">GET Response : url=http://127.0.0.1:5050/products 
 status=200, reason=OK 
 headers={'Server': 'Werkzeug/3.1.6 Python/3.14.2', 'Date': 'Thu, 26 Feb 2026 04:51:12 GMT', 'Content-Type': 'application/json', 'Content-Length': '246', 'Connection': 'close'} 
 body=[{"category":"mock","description":"Mock item","id":1,"image":"https://example.com/p.png","price":100.0,"title":"Product"},{"category":"mock","description":"Mock item 2","id":2,"image":"https://example.com/p2.png","price":50.5,"title":"Another"}]
 
 </msg>
<msg time="2026-02-26T01:51:12.229039" level="INFO">${resp} = &lt;Response [200]&gt;</msg>
<var>${resp}</var>
<arg>mock</arg>
<arg>/products</arg>
<arg>expected_status=ANY</arg>
<doc>Sends a GET request on a previously created HTTP Session.</doc>
<status status="PASS" start="2026-02-26T01:51:12.226506" elapsed="0.002557"/>
</kw>
<if>
<branch type="IF" condition="${i} &lt;= 10">
<kw name="Should Be Equal As Integers" owner="BuiltIn">
<msg time="2026-02-26T01:51:12.229987" level="INFO">Argument types are:
&lt;class 'int'&gt;
&lt;class 'str'&gt;</msg>
<arg>${resp.status_code}</arg>
<arg>200</arg>
<doc>Fails if objects are unequal after converting them to integers.</doc>
<status status="PASS" start="2026-02-26T01:51:12.229349" elapsed="0.000691"/>
</kw>
<status status="PASS" start="2026-02-26T01:51:12.229155" elapsed="0.000921"/>
</branch>
<branch type="ELSE">
<kw name="Should Be Equal As Integers" owner="BuiltIn">
<arg>${resp.status_code}</arg>
<arg>429</arg>
<doc>Fails if objects are unequal after converting them to integers.</doc>
<status status="NOT RUN" start="2026-02-26T01:51:12.230201" elapsed="0.000018"/>
</kw>
<kw name="Should Contain" owner="BuiltIn">
<arg>${resp.text}</arg>
<arg>Rate limit</arg>
<doc>Fails if ``container`` does not contain ``item`` one or more times.</doc>
<status status="NOT RUN" start="2026-02-26T01:51:12.230301" elapsed="0.000016"/>
</kw>
<status status="NOT RUN" start="2026-02-26T01:51:12.230101" elapsed="0.000242"/>
</branch>
<status status="PASS" start="2026-02-26T01:51:12.229132" elapsed="0.001230"/>
</if>
<var name="${i}">8</var>
<status status="PASS" start="2026-02-26T01:51:12.226424" elapsed="0.003961"/>
</iter>
<iter>
<kw name="GET On Session" owner="RequestsLibrary">
<msg time="2026-02-26T01:51:12.232727" level="INFO">GET Request : url=http://127.0.0.1:5050/products 
 path_url=/products 
 headers={'User-Agent': 'python-requests/2.32.5', 'Accept-Encoding': 'gzip, deflate, zstd', 'Accept': '*/*', 'Connection': 'keep-alive'} 
 body=None 
 </msg>
<msg time="2026-02-26T01:51:12.232788" level="INFO">GET Response : url=http://127.0.0.1:5050/products 
 status=200, reason=OK 
 headers={'Server': 'Werkzeug/3.1.6 Python/3.14.2', 'Date': 'Thu, 26 Feb 2026 04:51:12 GMT', 'Content-Type': 'application/json', 'Content-Length': '246', 'Connection': 'close'} 
 body=[{"category":"mock","description":"Mock item","id":1,"image":"https://example.com/p.png","price":100.0,"title":"Product"},{"category":"mock","description":"Mock item 2","id":2,"image":"https://example.com/p2.png","price":50.5,"title":"Another"}]
 
 </msg>
<msg time="2026-02-26T01:51:12.232894" level="INFO">${resp} = &lt;Response [200]&gt;</msg>
<var>${resp}</var>
<arg>mock</arg>
<arg>/products</arg>
<arg>expected_status=ANY</arg>
<doc>Sends a GET request on a previously created HTTP Session.</doc>
<status status="PASS" start="2026-02-26T01:51:12.230604" elapsed="0.002313"/>
</kw>
<if>
<branch type="IF" condition="${i} &lt;= 10">
<kw name="Should Be Equal As Integers" owner="BuiltIn">
<msg time="2026-02-26T01:51:12.233752" level="INFO">Argument types are:
&lt;class 'int'&gt;
&lt;class 'str'&gt;</msg>
<arg>${resp.status_code}</arg>
<arg>200</arg>
<doc>Fails if objects are unequal after converting them to integers.</doc>
<status status="PASS" start="2026-02-26T01:51:12.233188" elapsed="0.000613"/>
</kw>
<status status="PASS" start="2026-02-26T01:51:12.233001" elapsed="0.000834"/>
</branch>
<branch type="ELSE">
<kw name="Should Be Equal As Integers" owner="BuiltIn">
<arg>${resp.status_code}</arg>
<arg>429</arg>
<doc>Fails if objects are unequal after converting them to integers.</doc>
<status status="NOT RUN" start="2026-02-26T01:51:12.233969" elapsed="0.000017"/>
</kw>
<kw name="Should Contain" owner="BuiltIn">
<arg>${resp.text}</arg>
<arg>Rate limit</arg>
<doc>Fails if ``container`` does not contain ``item`` one or more times.</doc>
<status status="NOT RUN" start="2026-02-26T01:51:12.234068" elapsed="0.000016"/>
</kw>
<status status="NOT RUN" start="2026-02-26T01:51:12.233873" elapsed="0.000238"/>
</branch>
<status status="PASS" start="2026-02-26T01:51:12.232981" elapsed="0.001152"/>
</if>
<var name="${i}">9</var>
<status status="PASS" start="2026-02-26T01:51:12.230529" elapsed="0.003627"/>
</iter>
<iter>
<kw name="GET On Session" owner="RequestsLibrary">
<msg time="2026-02-26T01:51:12.236296" level="INFO">GET Request : url=http://127.0.0.1:5050/products 
 path_url=/products 
 headers={'User-Agent': 'python-requests/2.32.5', 'Accept-Encoding': 'gzip, deflate, zstd', 'Accept': '*/*', 'Connection': 'keep-alive'} 
 body=None 
 </msg>
<msg time="2026-02-26T01:51:12.236355" level="INFO">GET Response : url=http://127.0.0.1:5050/products 
 status=200, reason=OK 
 headers={'Server': 'Werkzeug/3.1.6 Python/3.14.2', 'Date': 'Thu, 26 Feb 2026 04:51:12 GMT', 'Content-Type': 'application/json', 'Content-Length': '246', 'Connection': 'close'} 
 body=[{"category":"mock","description":"Mock item","id":1,"image":"https://example.com/p.png","price":100.0,"title":"Product"},{"category":"mock","description":"Mock item 2","id":2,"image":"https://example.com/p2.png","price":50.5,"title":"Another"}]
 
 </msg>
<msg time="2026-02-26T01:51:12.236464" level="INFO">${resp} = &lt;Response [200]&gt;</msg>
<var>${resp}</var>
<arg>mock</arg>
<arg>/products</arg>
<arg>expected_status=ANY</arg>
<doc>Sends a GET request on a previously created HTTP Session.</doc>
<status status="PASS" start="2026-02-26T01:51:12.234355" elapsed="0.002134"/>
</kw>
<if>
<branch type="IF" condition="${i} &lt;= 10">
<kw name="Should Be Equal As Integers" owner="BuiltIn">
<msg time="2026-02-26T01:51:12.237238" level="INFO">Argument types are:
&lt;class 'int'&gt;
&lt;class 'str'&gt;</msg>
<arg>${resp.status_code}</arg>
<arg>200</arg>
<doc>Fails if objects are unequal after converting them to integers.</doc>
<status status="PASS" start="2026-02-26T01:51:12.236757" elapsed="0.000529"/>
</kw>
<status status="PASS" start="2026-02-26T01:51:12.236572" elapsed="0.000748"/>
</branch>
<branch type="ELSE">
<kw name="Should Be Equal As Integers" owner="BuiltIn">
<arg>${resp.status_code}</arg>
<arg>429</arg>
<doc>Fails if objects are unequal after converting them to integers.</doc>
<status status="NOT RUN" start="2026-02-26T01:51:12.237433" elapsed="0.000017"/>
</kw>
<kw name="Should Contain" owner="BuiltIn">
<arg>${resp.text}</arg>
<arg>Rate limit</arg>
<doc>Fails if ``container`` does not contain ``item`` one or more times.</doc>
<status status="NOT RUN" start="2026-02-26T01:51:12.237544" elapsed="0.000019"/>
</kw>
<status status="NOT RUN" start="2026-02-26T01:51:12.237342" elapsed="0.000250"/>
</branch>
<status status="PASS" start="2026-02-26T01:51:12.236553" elapsed="0.001059"/>
</if>
<var name="${i}">10</var>
<status status="PASS" start="2026-02-26T01:51:12.234282" elapsed="0.003357"/>
</iter>
<iter>
<kw name="GET On Session" owner="RequestsLibrary">
<msg time="2026-02-26T01:51:12.239937" level="INFO">GET Request : url=http://127.0.0.1:5050/products 
 path_url=/products 
 headers={'User-Agent': 'python-requests/2.32.5', 'Accept-Encoding': 'gzip, deflate, zstd', 'Accept': '*/*', 'Connection': 'keep-alive'} 
 body=None 
 </msg>
<msg time="2026-02-26T01:51:12.239997" level="INFO">GET Response : url=http://127.0.0.1:5050/products 
 status=429, reason=TOO MANY REQUESTS 
 headers={'Server': 'Werkzeug/3.1.6 Python/3.14.2', 'Date': 'Thu, 26 Feb 2026 04:51:12 GMT', 'Content-Type': 'application/json', 'Content-Length': '32', 'Connection': 'close'} 
 body={"error":"Rate limit exceeded"}
 
 </msg>
<msg time="2026-02-26T01:51:12.240101" level="INFO">${resp} = &lt;Response [429]&gt;</msg>
<var>${resp}</var>
<arg>mock</arg>
<arg>/products</arg>
<arg>expected_status=ANY</arg>
<doc>Sends a GET request on a previously created HTTP Session.</doc>
<status status="PASS" start="2026-02-26T01:51:12.237856" elapsed="0.002268"/>
</kw>
<if>
<branch type="IF" condition="${i} &lt;= 10">
<kw name="Should Be Equal As Integers" owner="BuiltIn">
<arg>${resp.status_code}</arg>
<arg>200</arg>
<doc>Fails if objects are unequal after converting them to integers.</doc>
<status status="NOT RUN" start="2026-02-26T01:51:12.240406" elapsed="0.000018"/>
</kw>
<status status="NOT RUN" start="2026-02-26T01:51:12.240211" elapsed="0.000245"/>
</branch>
<branch type="ELSE">
<kw name="Should Be Equal As Integers" owner="BuiltIn">
<msg time="2026-02-26T01:51:12.241752" level="INFO">Argument types are:
&lt;class 'int'&gt;
&lt;class 'str'&gt;</msg>
<arg>${resp.status_code}</arg>
<arg>429</arg>
<doc>Fails if objects are unequal after converting them to integers.</doc>
<status status="PASS" start="2026-02-26T01:51:12.240559" elapsed="0.001258"/>
</kw>
<kw name="Should Contain" owner="BuiltIn">
<arg>${resp.text}</arg>
<arg>Rate limit</arg>
<doc>Fails if ``container`` does not contain ``item`` one or more times.</doc>
<status status="PASS" start="2026-02-26T01:51:12.241955" elapsed="0.000581"/>
</kw>
<status status="PASS" start="2026-02-26T01:51:12.240477" elapsed="0.002100"/>
</branch>
<status status="PASS" start="2026-02-26T01:51:12.240190" elapsed="0.002409"/>
</if>
<var name="${i}">11</var>
<status status="PASS" start="2026-02-26T01:51:12.237783" elapsed="0.004843"/>
</iter>
<iter>
<kw name="GET On Session" owner="RequestsLibrary">
<msg time="2026-02-26T01:51:12.244986" level="INFO">GET Request : url=http://127.0.0.1:5050/products 
 path_url=/products 
 headers={'User-Agent': 'python-requests/2.32.5', 'Accept-Encoding': 'gzip, deflate, zstd', 'Accept': '*/*', 'Connection': 'keep-alive'} 
 body=None 
 </msg>
<msg time="2026-02-26T01:51:12.245043" level="INFO">GET Response : url=http://127.0.0.1:5050/products 
 status=429, reason=TOO MANY REQUESTS 
 headers={'Server': 'Werkzeug/3.1.6 Python/3.14.2', 'Date': 'Thu, 26 Feb 2026 04:51:12 GMT', 'Content-Type': 'application/json', 'Content-Length': '32', 'Connection': 'close'} 
 body={"error":"Rate limit exceeded"}
 
 </msg>
<msg time="2026-02-26T01:51:12.245149" level="INFO">${resp} = &lt;Response [429]&gt;</msg>
<var>${resp}</var>
<arg>mock</arg>
<arg>/products</arg>
<arg>expected_status=ANY</arg>
<doc>Sends a GET request on a previously created HTTP Session.</doc>
<status status="PASS" start="2026-02-26T01:51:12.242872" elapsed="0.002300"/>
</kw>
<if>
<branch type="IF" condition="${i} &lt;= 10">
<kw name="Should Be Equal As Integers" owner="BuiltIn">
<arg>${resp.status_code}</arg>
<arg>200</arg>
<doc>Fails if objects are unequal after converting them to integers.</doc>
<status status="NOT RUN" start="2026-02-26T01:51:12.245442" elapsed="0.000019"/>
</kw>
<status status="NOT RUN" start="2026-02-26T01:51:12.245253" elapsed="0.000246"/>
</branch>
<branch type="ELSE">
<kw name="Should Be Equal As Integers" owner="BuiltIn">
<msg time="2026-02-26T01:51:12.246168" level="INFO">Argument types are:
&lt;class 'int'&gt;
&lt;class 'str'&gt;</msg>
<arg>${resp.status_code}</arg>
<arg>429</arg>
<doc>Fails if objects are unequal after converting them to integers.</doc>
<status status="PASS" start="2026-02-26T01:51:12.245601" elapsed="0.000618"/>
</kw>
<kw name="Should Contain" owner="BuiltIn">
<arg>${resp.text}</arg>
<arg>Rate limit</arg>
<doc>Fails if ``container`` does not contain ``item`` one or more times.</doc>
<status status="PASS" start="2026-02-26T01:51:12.246324" elapsed="0.000517"/>
</kw>
<status status="PASS" start="2026-02-26T01:51:12.245522" elapsed="0.001357"/>
</branch>
<status status="PASS" start="2026-02-26T01:51:12.245233" elapsed="0.001667"/>
</if>
<var name="${i}">12</var>
<status status="PASS" start="2026-02-26T01:51:12.242766" elapsed="0.004278"/>
</iter>
<var>${i}</var>
<value>1</value>
<value>13</value>
<status status="PASS" start="2026-02-26T01:51:12.186624" elapsed="0.060452"/>
</for>
<status status="PASS" start="2026-02-26T01:51:12.180445" elapsed="0.066684"/>
</kw>
<kw name="Stop Mock Server" owner="002resourcetestteardown" type="TEARDOWN">
<kw name="Run Keyword And Ignore Error" owner="BuiltIn">
<kw name="Terminate Process" owner="Process">
<msg time="2026-02-26T01:51:12.247946" level="INFO">Gracefully terminating process.</msg>
<msg time="2026-02-26T01:51:12.348505" level="INFO">Process completed.</msg>
<arg>${MOCK_PROC}</arg>
<doc>Stops the process gracefully or forcefully.</doc>
<status status="PASS" start="2026-02-26T01:51:12.247760" elapsed="0.100844"/>
</kw>
<arg>Terminate Process</arg>
<arg>${MOCK_PROC}</arg>
<doc>Runs the given keyword with the given arguments and ignores possible error.</doc>
<status status="PASS" start="2026-02-26T01:51:12.247521" elapsed="0.101147"/>
</kw>
<status status="PASS" start="2026-02-26T01:51:12.247310" elapsed="0.101418"/>
</kw>
<doc>Pré condição:

Usuario  e senha cadastrado</doc>
<tag>7.1test</tag>
<tag>MOCKSMAGAZORD</tag>
<tag>regression</tag>
<status status="PASS" start="2026-02-26T01:51:11.555619" elapsed="0.793150"/>
</test>
<doc>Este caso de teste tem como objetivo adicionar um produto ao carrinho</doc>
<status status="PASS" start="2026-02-26T01:51:11.453371" elapsed="0.895700"/>
</suite>
<status status="PASS" start="2026-02-26T01:51:11.452168" elapsed="0.897505"/>
</suite>
<status status="PASS" start="2026-02-26T01:51:11.450906" elapsed="0.899212"/>
</suite>
<status status="PASS" start="2026-02-26T01:51:11.449447" elapsed="0.901096"/>
</suite>
<status status="FAIL" start="2026-02-26T01:50:04.689763" elapsed="67.661601"/>
</suite>
<statistics>
<total>
<stat pass="8" fail="2" skip="0">All Tests</stat>
</total>
<tag>
<stat pass="1" fail="0" skip="0">1.1test</stat>
<stat pass="0" fail="1" skip="0">1.2test</stat>
<stat pass="1" fail="0" skip="0">2.1test</stat>
<stat pass="1" fail="0" skip="0">2.2test</stat>
<stat pass="1" fail="0" skip="0">3.1test</stat>
<stat pass="1" fail="0" skip="0">4.1test</stat>
<stat pass="0" fail="1" skip="0">5.1test</stat>
<stat pass="1" fail="0" skip="0">6.1test</stat>
<stat pass="1" fail="0" skip="0">6.2test</stat>
<stat pass="1" fail="0" skip="0">7.1test</stat>
<stat pass="1" fail="1" skip="0">APIMAGAZORD</stat>
<stat pass="1" fail="0" skip="0">ARQUIVOSMAGAZORD</stat>
<stat pass="3" fail="0" skip="0">E2EMAGAZORD</stat>
<stat pass="1" fail="0" skip="0">FRONTENDMAGAZORD</stat>
<stat pass="0" fail="1" skip="0">MOBILEMAGAZORD</stat>
<stat pass="1" fail="0" skip="0">MOCKSMAGAZORD</stat>
<stat pass="1" fail="0" skip="0">PIRAMIDEMAGAZORD</stat>
<stat pass="8" fail="2" skip="0">regression</stat>
</tag>
<suite>
<stat name="TesteMagazord" id="s1" pass="8" fail="2" skip="0">TesteMagazord</stat>
<stat name="Parte1-Api" id="s1-s1" pass="1" fail="1" skip="0">TesteMagazord.Parte1-Api</stat>
<stat name="Questao1.1" id="s1-s1-s1" pass="1" fail="1" skip="0">TesteMagazord.Parte1-Api.Questao1.1</stat>
<stat name="Tests" id="s1-s1-s1-s1" pass="1" fail="1" skip="0">TesteMagazord.Parte1-Api.Questao1.1.Tests</stat>
<stat name="1.1Test" id="s1-s1-s1-s1-s1" pass="1" fail="0" skip="0">TesteMagazord.Parte1-Api.Questao1.1.Tests.1.1Test</stat>
<stat name="1.2Test" id="s1-s1-s1-s1-s2" pass="0" fail="1" skip="0">TesteMagazord.Parte1-Api.Questao1.1.Tests.1.2Test</stat>
<stat name="Parte2-2E2" id="s1-s2" pass="2" fail="0" skip="0">TesteMagazord.Parte2-2E2</stat>
<stat name="Questao2.1" id="s1-s2-s1" pass="1" fail="0" skip="0">TesteMagazord.Parte2-2E2.Questao2.1</stat>
<stat name="2.1Test" id="s1-s2-s1-s1" pass="1" fail="0" skip="0">TesteMagazord.Parte2-2E2.Questao2.1.2.1Test</stat>
<stat name="Questao2.2" id="s1-s2-s2" pass="1" fail="0" skip="0">TesteMagazord.Parte2-2E2.Questao2.2</stat>
<stat name="2.2Test" id="s1-s2-s2-s1" pass="1" fail="0" skip="0">TesteMagazord.Parte2-2E2.Questao2.2.2.2Test</stat>
<stat name="Parte3-Frontend" id="s1-s3" pass="1" fail="0" skip="0">TesteMagazord.Parte3-Frontend</stat>
<stat name="Questao3.1" id="s1-s3-s1" pass="1" fail="0" skip="0">TesteMagazord.Parte3-Frontend.Questao3.1</stat>
<stat name="Tests" id="s1-s3-s1-s1" pass="1" fail="0" skip="0">TesteMagazord.Parte3-Frontend.Questao3.1.Tests</stat>
<stat name="3.1Test" id="s1-s3-s1-s1-s1" pass="1" fail="0" skip="0">TesteMagazord.Parte3-Frontend.Questao3.1.Tests.3.1Test</stat>
<stat name="Parte4-Arquivos" id="s1-s4" pass="1" fail="0" skip="0">TesteMagazord.Parte4-Arquivos</stat>
<stat name="Questao4.1" id="s1-s4-s1" pass="1" fail="0" skip="0">TesteMagazord.Parte4-Arquivos.Questao4.1</stat>
<stat name="Tests" id="s1-s4-s1-s1" pass="1" fail="0" skip="0">TesteMagazord.Parte4-Arquivos.Questao4.1.Tests</stat>
<stat name="4.1Test" id="s1-s4-s1-s1-s1" pass="1" fail="0" skip="0">TesteMagazord.Parte4-Arquivos.Questao4.1.Tests.4.1Test</stat>
<stat name="Parte5-Mobile" id="s1-s5" pass="0" fail="1" skip="0">TesteMagazord.Parte5-Mobile</stat>
<stat name="Questao5.1" id="s1-s5-s1" pass="0" fail="1" skip="0">TesteMagazord.Parte5-Mobile.Questao5.1</stat>
<stat name="Testes" id="s1-s5-s1-s1" pass="0" fail="1" skip="0">TesteMagazord.Parte5-Mobile.Questao5.1.Testes</stat>
<stat name="5.1Test.Robot" id="s1-s5-s1-s1-s1" pass="0" fail="1" skip="0">TesteMagazord.Parte5-Mobile.Questao5.1.Testes.5.1Test.Robot</stat>
<stat name="Parte6-Piramide" id="s1-s6" pass="2" fail="0" skip="0">TesteMagazord.Parte6-Piramide</stat>
<stat name="Questao6.1" id="s1-s6-s1" pass="2" fail="0" skip="0">TesteMagazord.Parte6-Piramide.Questao6.1</stat>
<stat name="Tests" id="s1-s6-s1-s1" pass="2" fail="0" skip="0">TesteMagazord.Parte6-Piramide.Questao6.1.Tests</stat>
<stat name="6.1Test" id="s1-s6-s1-s1-s1" pass="1" fail="0" skip="0">TesteMagazord.Parte6-Piramide.Questao6.1.Tests.6.1Test</stat>
<stat name="6.2Test" id="s1-s6-s1-s1-s2" pass="1" fail="0" skip="0">TesteMagazord.Parte6-Piramide.Questao6.1.Tests.6.2Test</stat>
<stat name="Parte7-Mocks" id="s1-s7" pass="1" fail="0" skip="0">TesteMagazord.Parte7-Mocks</stat>
<stat name="Questao7.1" id="s1-s7-s1" pass="1" fail="0" skip="0">TesteMagazord.Parte7-Mocks.Questao7.1</stat>
<stat name="Tests" id="s1-s7-s1-s1" pass="1" fail="0" skip="0">TesteMagazord.Parte7-Mocks.Questao7.1.Tests</stat>
<stat name="7.1Test" id="s1-s7-s1-s1-s1" pass="1" fail="0" skip="0">TesteMagazord.Parte7-Mocks.Questao7.1.Tests.7.1Test</stat>
</suite>
</statistics>
<errors>
<msg time="2026-02-26T01:50:33.062017" level="WARN">Retrying (Retry(total=2, connect=None, read=None, redirect=None, status=None)) after connection broken by 'NewConnectionError("HTTPConnection(host='127.0.0.1', port=4723): Failed to establish a new connection: [WinError 10061] Nenhuma conexão pôde ser feita porque a máquina de destino as recusou ativamente")': /wd/hub/session</msg>
<msg time="2026-02-26T01:50:35.098781" level="WARN">Retrying (Retry(total=1, connect=None, read=None, redirect=None, status=None)) after connection broken by 'NewConnectionError("HTTPConnection(host='127.0.0.1', port=4723): Failed to establish a new connection: [WinError 10061] Nenhuma conexão pôde ser feita porque a máquina de destino as recusou ativamente")': /wd/hub/session</msg>
<msg time="2026-02-26T01:50:37.127090" level="WARN">Retrying (Retry(total=0, connect=None, read=None, redirect=None, status=None)) after connection broken by 'NewConnectionError("HTTPConnection(host='127.0.0.1', port=4723): Failed to establish a new connection: [WinError 10061] Nenhuma conexão pôde ser feita porque a máquina de destino as recusou ativamente")': /wd/hub/session</msg>
<msg time="2026-02-26T01:50:39.162272" level="WARN">Keyword 'Capture Page Screenshot' could not be run on failure: No application is open</msg>
</errors>
</robot>
